<?xml version="1.0" encoding="UTF-8"?>
<coverage generated="1695710284387" clover="3.2.0">
  <project timestamp="1695710284387" name="All files">
    <metrics statements="236" coveredstatements="150" conditionals="82" coveredconditionals="46" methods="105" coveredmethods="43" elements="423" coveredelements="239" complexity="0" loc="236" ncloc="236" packages="7" files="35" classes="35"/>
    <package name="Mobile">
      <metrics statements="7" coveredstatements="7" conditionals="4" coveredconditionals="2" methods="2" coveredmethods="2"/>
      <file name="App.tsx" path="C:\Users\cross\Desktop\Epitech\EIP\Mobile\App.tsx">
        <metrics statements="7" coveredstatements="7" conditionals="4" coveredconditionals="2" methods="2" coveredmethods="2"/>
        <line num="15" count="2" type="stmt"/>
        <line num="16" count="2" type="stmt"/>
        <line num="18" count="2" type="stmt"/>
        <line num="23" count="2" type="stmt"/>
        <line num="24" count="2" type="stmt"/>
        <line num="27" count="2" type="stmt"/>
        <line num="29" count="2" type="cond" truecount="1" falsecount="1"/>
      </file>
    </package>
    <package name="Mobile.components">
      <metrics statements="27" coveredstatements="26" conditionals="45" coveredconditionals="36" methods="13" coveredmethods="10"/>
      <file name="ArtistCard.tsx" path="C:\Users\cross\Desktop\Epitech\EIP\Mobile\components\ArtistCard.tsx">
        <metrics statements="3" coveredstatements="3" conditionals="1" coveredconditionals="0" methods="2" coveredmethods="1"/>
        <line num="105" count="3" type="stmt"/>
        <line num="110" count="6" type="stmt"/>
        <line num="121" count="3" type="stmt"/>
      </file>
      <file name="Button.tsx" path="C:\Users\cross\Desktop\Epitech\EIP\Mobile\components\Button.tsx">
        <metrics statements="3" coveredstatements="3" conditionals="15" coveredconditionals="14" methods="2" coveredmethods="2"/>
        <line num="15" count="9" type="stmt"/>
        <line num="24" count="32" type="stmt"/>
        <line num="46" count="9" type="stmt"/>
      </file>
      <file name="Card.tsx" path="C:\Users\cross\Desktop\Epitech\EIP\Mobile\components\Card.tsx">
        <metrics statements="3" coveredstatements="3" conditionals="5" coveredconditionals="4" methods="1" coveredmethods="1"/>
        <line num="11" count="4" type="stmt"/>
        <line num="16" count="18" type="stmt"/>
        <line num="23" count="4" type="stmt"/>
      </file>
      <file name="Input.tsx" path="C:\Users\cross\Desktop\Epitech\EIP\Mobile\components\Input.tsx">
        <metrics statements="10" coveredstatements="9" conditionals="16" coveredconditionals="11" methods="5" coveredmethods="3"/>
        <line num="16" count="6" type="stmt"/>
        <line num="26" count="23" type="stmt"/>
        <line num="28" count="23" type="stmt"/>
        <line num="29" count="5" type="stmt"/>
        <line num="30" count="5" type="stmt"/>
        <line num="33" count="23" type="stmt"/>
        <line num="34" count="12" type="cond" truecount="1" falsecount="1"/>
        <line num="35" count="0" type="stmt"/>
        <line num="39" count="23" type="stmt"/>
        <line num="56" count="6" type="stmt"/>
      </file>
      <file name="NewsCard.tsx" path="C:\Users\cross\Desktop\Epitech\EIP\Mobile\components\NewsCard.tsx">
        <metrics statements="3" coveredstatements="3" conditionals="0" coveredconditionals="0" methods="1" coveredmethods="1"/>
        <line num="7" count="3" type="stmt"/>
        <line num="8" count="6" type="stmt"/>
        <line num="20" count="3" type="stmt"/>
      </file>
      <file name="Title.tsx" path="C:\Users\cross\Desktop\Epitech\EIP\Mobile\components\Title.tsx">
        <metrics statements="5" coveredstatements="5" conditionals="8" coveredconditionals="7" methods="2" coveredmethods="2"/>
        <line num="11" count="8" type="stmt"/>
        <line num="17" count="81" type="stmt"/>
        <line num="18" count="24" type="stmt"/>
        <line num="23" count="81" type="stmt"/>
        <line num="35" count="8" type="stmt"/>
      </file>
    </package>
    <package name="Mobile.components.inbox">
      <metrics statements="19" coveredstatements="12" conditionals="10" coveredconditionals="4" methods="9" coveredmethods="3"/>
      <file name="CartComponent.tsx" path="C:\Users\cross\Desktop\Epitech\EIP\Mobile\components\inbox\CartComponent.tsx">
        <metrics statements="3" coveredstatements="2" conditionals="0" coveredconditionals="0" methods="1" coveredmethods="0"/>
        <line num="5" count="3" type="stmt"/>
        <line num="6" count="0" type="stmt"/>
        <line num="13" count="3" type="stmt"/>
      </file>
      <file name="CommandsComponent.tsx" path="C:\Users\cross\Desktop\Epitech\EIP\Mobile\components\inbox\CommandsComponent.tsx">
        <metrics statements="3" coveredstatements="2" conditionals="0" coveredconditionals="0" methods="1" coveredmethods="0"/>
        <line num="5" count="3" type="stmt"/>
        <line num="6" count="0" type="stmt"/>
        <line num="13" count="3" type="stmt"/>
      </file>
      <file name="ConversationsComponent.tsx" path="C:\Users\cross\Desktop\Epitech\EIP\Mobile\components\inbox\ConversationsComponent.tsx">
        <metrics statements="7" coveredstatements="3" conditionals="4" coveredconditionals="0" methods="3" coveredmethods="1"/>
        <line num="19" count="3" type="stmt"/>
        <line num="20" count="3" type="stmt"/>
        <line num="21" count="0" type="stmt"/>
        <line num="23" count="0" type="stmt"/>
        <line num="26" count="0" type="stmt"/>
        <line num="29" count="0" type="stmt"/>
        <line num="58" count="3" type="stmt"/>
      </file>
      <file name="MessageTabs.tsx" path="C:\Users\cross\Desktop\Epitech\EIP\Mobile\components\inbox\MessageTabs.tsx">
        <metrics statements="6" coveredstatements="5" conditionals="6" coveredconditionals="4" methods="4" coveredmethods="2"/>
        <line num="10" count="3" type="stmt"/>
        <line num="25" count="3" type="stmt"/>
        <line num="29" count="2" type="stmt"/>
        <line num="32" count="6" type="stmt"/>
        <line num="38" count="0" type="stmt"/>
        <line num="49" count="3" type="stmt"/>
      </file>
    </package>
    <package name="Mobile.constants">
      <metrics statements="17" coveredstatements="12" conditionals="9" coveredconditionals="1" methods="6" coveredmethods="1"/>
      <file name="colors.ts" path="C:\Users\cross\Desktop\Epitech\EIP\Mobile\constants\colors.ts">
        <metrics statements="1" coveredstatements="1" conditionals="0" coveredconditionals="0" methods="0" coveredmethods="0"/>
        <line num="1" count="11" type="stmt"/>
      </file>
      <file name="conversations.ts" path="C:\Users\cross\Desktop\Epitech\EIP\Mobile\constants\conversations.ts">
        <metrics statements="2" coveredstatements="2" conditionals="0" coveredconditionals="0" methods="0" coveredmethods="0"/>
        <line num="21" count="4" type="stmt"/>
        <line num="80" count="4" type="stmt"/>
      </file>
      <file name="fetch.ts" path="C:\Users\cross\Desktop\Epitech\EIP\Mobile\constants\fetch.ts">
        <metrics statements="12" coveredstatements="7" conditionals="9" coveredconditionals="1" methods="6" coveredmethods="1"/>
        <line num="5" count="4" type="stmt"/>
        <line num="7" count="4" type="stmt"/>
        <line num="11" count="0" type="stmt"/>
        <line num="14" count="0" type="stmt"/>
        <line num="16" count="0" type="stmt"/>
        <line num="22" count="4" type="stmt"/>
        <line num="27" count="0" type="stmt"/>
        <line num="30" count="1" type="cond" truecount="1" falsecount="1"/>
        <line num="31" count="0" type="stmt"/>
        <line num="34" count="1" type="stmt"/>
        <line num="35" count="1" type="stmt"/>
        <line num="37" count="1" type="stmt"/>
      </file>
      <file name="homeValues.ts" path="C:\Users\cross\Desktop\Epitech\EIP\Mobile\constants\homeValues.ts">
        <metrics statements="2" coveredstatements="2" conditionals="0" coveredconditionals="0" methods="0" coveredmethods="0"/>
        <line num="7" count="3" type="stmt"/>
        <line num="25" count="3" type="stmt"/>
      </file>
    </package>
    <package name="Mobile.navigators">
      <metrics statements="33" coveredstatements="15" conditionals="0" coveredconditionals="0" methods="9" coveredmethods="3"/>
      <file name="CartNavigator.tsx" path="C:\Users\cross\Desktop\Epitech\EIP\Mobile\navigators\CartNavigator.tsx">
        <metrics statements="4" coveredstatements="1" conditionals="0" coveredconditionals="0" methods="1" coveredmethods="0"/>
        <line num="7" count="2" type="stmt"/>
        <line num="8" count="0" type="stmt"/>
        <line num="11" count="0" type="stmt"/>
        <line num="13" count="0" type="stmt"/>
      </file>
      <file name="EditProfileNavigator.tsx" path="C:\Users\cross\Desktop\Epitech\EIP\Mobile\navigators\EditProfileNavigator.tsx">
        <metrics statements="4" coveredstatements="1" conditionals="0" coveredconditionals="0" methods="1" coveredmethods="0"/>
        <line num="7" count="2" type="stmt"/>
        <line num="8" count="0" type="stmt"/>
        <line num="11" count="0" type="stmt"/>
        <line num="13" count="0" type="stmt"/>
      </file>
      <file name="HomeNavigator.tsx" path="C:\Users\cross\Desktop\Epitech\EIP\Mobile\navigators\HomeNavigator.tsx">
        <metrics statements="4" coveredstatements="4" conditionals="0" coveredconditionals="0" methods="1" coveredmethods="1"/>
        <line num="7" count="2" type="stmt"/>
        <line num="8" count="2" type="stmt"/>
        <line num="11" count="2" type="stmt"/>
        <line num="13" count="2" type="stmt"/>
      </file>
      <file name="MainNavigator.tsx" path="C:\Users\cross\Desktop\Epitech\EIP\Mobile\navigators\MainNavigator.tsx">
        <metrics statements="5" coveredstatements="5" conditionals="0" coveredconditionals="0" methods="2" coveredmethods="2"/>
        <line num="12" count="2" type="stmt"/>
        <line num="13" count="2" type="stmt"/>
        <line num="16" count="2" type="stmt"/>
        <line num="18" count="2" type="stmt"/>
        <line num="27" count="4" type="stmt"/>
      </file>
      <file name="MessageNavigator.tsx" path="C:\Users\cross\Desktop\Epitech\EIP\Mobile\navigators\MessageNavigator.tsx">
        <metrics statements="4" coveredstatements="1" conditionals="0" coveredconditionals="0" methods="1" coveredmethods="0"/>
        <line num="6" count="2" type="stmt"/>
        <line num="7" count="0" type="stmt"/>
        <line num="10" count="0" type="stmt"/>
        <line num="12" count="0" type="stmt"/>
      </file>
      <file name="OtherProfileNavigator.tsx" path="C:\Users\cross\Desktop\Epitech\EIP\Mobile\navigators\OtherProfileNavigator.tsx">
        <metrics statements="4" coveredstatements="1" conditionals="0" coveredconditionals="0" methods="1" coveredmethods="0"/>
        <line num="6" count="2" type="stmt"/>
        <line num="7" count="0" type="stmt"/>
        <line num="10" count="0" type="stmt"/>
        <line num="12" count="0" type="stmt"/>
      </file>
      <file name="ProfileNavigator.tsx" path="C:\Users\cross\Desktop\Epitech\EIP\Mobile\navigators\ProfileNavigator.tsx">
        <metrics statements="4" coveredstatements="1" conditionals="0" coveredconditionals="0" methods="1" coveredmethods="0"/>
        <line num="6" count="2" type="stmt"/>
        <line num="7" count="0" type="stmt"/>
        <line num="10" count="0" type="stmt"/>
        <line num="12" count="0" type="stmt"/>
      </file>
      <file name="SettingsNavigator.tsx" path="C:\Users\cross\Desktop\Epitech\EIP\Mobile\navigators\SettingsNavigator.tsx">
        <metrics statements="4" coveredstatements="1" conditionals="0" coveredconditionals="0" methods="1" coveredmethods="0"/>
        <line num="7" count="2" type="stmt"/>
        <line num="8" count="0" type="stmt"/>
        <line num="11" count="0" type="stmt"/>
        <line num="13" count="0" type="stmt"/>
      </file>
    </package>
    <package name="Mobile.screens">
      <metrics statements="111" coveredstatements="62" conditionals="12" coveredconditionals="1" methods="56" coveredmethods="21"/>
      <file name="CartScreen.tsx" path="C:\Users\cross\Desktop\Epitech\EIP\Mobile\screens\CartScreen.tsx">
        <metrics statements="2" coveredstatements="2" conditionals="0" coveredconditionals="0" methods="1" coveredmethods="1"/>
        <line num="4" count="3" type="stmt"/>
        <line num="5" count="1" type="stmt"/>
      </file>
      <file name="ComponentsShow.tsx" path="C:\Users\cross\Desktop\Epitech\EIP\Mobile\screens\ComponentsShow.tsx">
        <metrics statements="3" coveredstatements="3" conditionals="0" coveredconditionals="0" methods="2" coveredmethods="2"/>
        <line num="11" count="3" type="stmt"/>
        <line num="12" count="2" type="stmt"/>
        <line num="14" count="2" type="stmt"/>
      </file>
      <file name="Conversation.tsx" path="C:\Users\cross\Desktop\Epitech\EIP\Mobile\screens\Conversation.tsx">
        <metrics statements="11" coveredstatements="9" conditionals="0" coveredconditionals="0" methods="6" coveredmethods="4"/>
        <line num="25" count="3" type="stmt"/>
        <line num="26" count="3" type="stmt"/>
        <line num="27" count="3" type="stmt"/>
        <line num="29" count="3" type="stmt"/>
        <line num="31" count="0" type="stmt"/>
        <line num="35" count="3" type="stmt"/>
        <line num="38" count="3" type="stmt"/>
        <line num="46" count="0" type="stmt"/>
        <line num="73" count="12" type="stmt"/>
        <line num="95" count="1" type="stmt"/>
        <line num="117" count="3" type="stmt"/>
      </file>
      <file name="EditProfile.tsx" path="C:\Users\cross\Desktop\Epitech\EIP\Mobile\screens\EditProfile.tsx">
        <metrics statements="2" coveredstatements="2" conditionals="0" coveredconditionals="0" methods="1" coveredmethods="1"/>
        <line num="4" count="3" type="stmt"/>
        <line num="5" count="1" type="stmt"/>
      </file>
      <file name="ForgotPassword.tsx" path="C:\Users\cross\Desktop\Epitech\EIP\Mobile\screens\ForgotPassword.tsx">
        <metrics statements="8" coveredstatements="7" conditionals="0" coveredconditionals="0" methods="3" coveredmethods="1"/>
        <line num="8" count="3" type="stmt"/>
        <line num="9" count="3" type="stmt"/>
        <line num="10" count="3" type="stmt"/>
        <line num="12" count="3" type="stmt"/>
        <line num="15" count="3" type="stmt"/>
        <line num="16" count="0" type="stmt"/>
        <line num="19" count="3" type="stmt"/>
        <line num="50" count="3" type="stmt"/>
      </file>
      <file name="HomeScreen.tsx" path="C:\Users\cross\Desktop\Epitech\EIP\Mobile\screens\HomeScreen.tsx">
        <metrics statements="17" coveredstatements="16" conditionals="0" coveredconditionals="0" methods="8" coveredmethods="6"/>
        <line num="21" count="3" type="stmt"/>
        <line num="22" count="6" type="stmt"/>
        <line num="23" count="4" type="stmt"/>
        <line num="24" count="4" type="stmt"/>
        <line num="25" count="4" type="stmt"/>
        <line num="27" count="4" type="stmt"/>
        <line num="28" count="0" type="stmt"/>
        <line num="31" count="4" type="stmt"/>
        <line num="33" count="2" type="stmt"/>
        <line num="34" count="2" type="stmt"/>
        <line num="37" count="2" type="stmt"/>
        <line num="40" count="4" type="stmt"/>
        <line num="62" count="6" type="stmt"/>
        <line num="63" count="12" type="stmt"/>
        <line num="78" count="12" type="stmt"/>
        <line num="83" count="6" type="stmt"/>
        <line num="117" count="3" type="stmt"/>
      </file>
      <file name="InboxScreen.tsx" path="C:\Users\cross\Desktop\Epitech\EIP\Mobile\screens\InboxScreen.tsx">
        <metrics statements="8" coveredstatements="6" conditionals="3" coveredconditionals="1" methods="2" coveredmethods="2"/>
        <line num="14" count="3" type="stmt"/>
        <line num="15" count="2" type="stmt"/>
        <line num="17" count="2" type="stmt"/>
        <line num="27" count="2" type="cond" truecount="1" falsecount="2"/>
        <line num="28" count="2" type="stmt"/>
        <line num="31" count="0" type="stmt"/>
        <line num="34" count="0" type="stmt"/>
        <line num="43" count="3" type="stmt"/>
      </file>
      <file name="OtherProfile.tsx" path="C:\Users\cross\Desktop\Epitech\EIP\Mobile\screens\OtherProfile.tsx">
        <metrics statements="17" coveredstatements="3" conditionals="2" coveredconditionals="0" methods="11" coveredmethods="1"/>
        <line num="10" count="3" type="stmt"/>
        <line num="11" count="3" type="stmt"/>
        <line num="13" count="0" type="stmt"/>
        <line num="15" count="0" type="stmt"/>
        <line num="16" count="0" type="stmt"/>
        <line num="18" count="0" type="stmt"/>
        <line num="20" count="0" type="stmt"/>
        <line num="23" count="0" type="stmt"/>
        <line num="30" count="0" type="stmt"/>
        <line num="35" count="0" type="stmt"/>
        <line num="94" count="0" type="stmt"/>
        <line num="107" count="0" type="stmt"/>
        <line num="115" count="0" type="stmt"/>
        <line num="123" count="0" type="stmt"/>
        <line num="129" count="0" type="stmt"/>
        <line num="131" count="0" type="stmt"/>
        <line num="141" count="3" type="stmt"/>
      </file>
      <file name="Profile.tsx" path="C:\Users\cross\Desktop\Epitech\EIP\Mobile\screens\Profile.tsx">
        <metrics statements="22" coveredstatements="3" conditionals="4" coveredconditionals="0" methods="15" coveredmethods="1"/>
        <line num="13" count="3" type="stmt"/>
        <line num="14" count="10" type="stmt"/>
        <line num="16" count="0" type="stmt"/>
        <line num="18" count="0" type="stmt"/>
        <line num="19" count="0" type="stmt"/>
        <line num="21" count="0" type="stmt"/>
        <line num="22" count="0" type="stmt"/>
        <line num="24" count="0" type="stmt"/>
        <line num="25" count="0" type="stmt"/>
        <line num="28" count="0" type="stmt"/>
        <line num="35" count="0" type="stmt"/>
        <line num="40" count="0" type="stmt"/>
        <line num="46" count="0" type="stmt"/>
        <line num="52" count="0" type="stmt"/>
        <line num="108" count="0" type="stmt"/>
        <line num="116" count="0" type="stmt"/>
        <line num="124" count="0" type="stmt"/>
        <line num="130" count="0" type="stmt"/>
        <line num="132" count="0" type="stmt"/>
        <line num="140" count="0" type="stmt"/>
        <line num="142" count="0" type="stmt"/>
        <line num="152" count="3" type="stmt"/>
      </file>
      <file name="Settings.tsx" path="C:\Users\cross\Desktop\Epitech\EIP\Mobile\screens\Settings.tsx">
        <metrics statements="2" coveredstatements="1" conditionals="0" coveredconditionals="0" methods="1" coveredmethods="0"/>
        <line num="4" count="2" type="stmt"/>
        <line num="5" count="0" type="stmt"/>
      </file>
      <file name="Signup.tsx" path="C:\Users\cross\Desktop\Epitech\EIP\Mobile\screens\Signup.tsx">
        <metrics statements="19" coveredstatements="10" conditionals="3" coveredconditionals="0" methods="6" coveredmethods="2"/>
        <line num="9" count="3" type="stmt"/>
        <line num="10" count="5" type="stmt"/>
        <line num="11" count="5" type="stmt"/>
        <line num="12" count="5" type="stmt"/>
        <line num="13" count="5" type="stmt"/>
        <line num="15" count="5" type="stmt"/>
        <line num="16" count="1" type="stmt"/>
        <line num="19" count="0" type="stmt"/>
        <line num="21" count="0" type="stmt"/>
        <line num="22" count="0" type="cond" truecount="0" falsecount="3"/>
        <line num="23" count="0" type="stmt"/>
        <line num="25" count="0" type="stmt"/>
        <line num="26" count="0" type="stmt"/>
        <line num="27" count="0" type="stmt"/>
        <line num="29" count="0" type="stmt"/>
        <line num="35" count="5" type="stmt"/>
        <line num="36" count="0" type="stmt"/>
        <line num="39" count="5" type="stmt"/>
        <line num="83" count="3" type="stmt"/>
      </file>
    </package>
    <package name="Mobile.screens.LoginPage">
      <metrics statements="22" coveredstatements="16" conditionals="2" coveredconditionals="2" methods="10" coveredmethods="3"/>
      <file name="LoginPage.tsx" path="C:\Users\cross\Desktop\Epitech\EIP\Mobile\screens\LoginPage\LoginPage.tsx">
        <metrics statements="22" coveredstatements="16" conditionals="2" coveredconditionals="2" methods="10" coveredmethods="3"/>
        <line num="12" count="3" type="stmt"/>
        <line num="13" count="5" type="stmt"/>
        <line num="14" count="5" type="stmt"/>
        <line num="15" count="5" type="stmt"/>
        <line num="17" count="5" type="stmt"/>
        <line num="18" count="0" type="stmt"/>
        <line num="19" count="0" type="stmt"/>
        <line num="23" count="5" type="stmt"/>
        <line num="27" count="5" type="stmt"/>
        <line num="28" count="0" type="stmt"/>
        <line num="31" count="5" type="stmt"/>
        <line num="32" count="1" type="stmt"/>
        <line num="35" count="5" type="stmt"/>
        <line num="36" count="1" type="stmt"/>
        <line num="39" count="5" type="stmt"/>
        <line num="40" count="0" type="stmt"/>
        <line num="43" count="5" type="stmt"/>
        <line num="45" count="5" type="stmt"/>
        <line num="46" count="0" type="stmt"/>
        <line num="49" count="5" type="stmt"/>
        <line num="78" count="0" type="stmt"/>
        <line num="129" count="3" type="stmt"/>
      </file>
    </package>
  </project>
</coverage>
