<?xml version="1.0" encoding="UTF-8"?>
<coverage generated="1696772824042" clover="3.2.0">
  <project timestamp="1696772824042" name="All files">
    <metrics statements="224" coveredstatements="156" conditionals="92" coveredconditionals="54" methods="79" coveredmethods="38" elements="395" coveredelements="248" complexity="0" loc="224" ncloc="224" packages="8" files="32" classes="32"/>
    <package name="mobile">
      <metrics statements="7" coveredstatements="7" conditionals="4" coveredconditionals="2" methods="2" coveredmethods="2"/>
      <file name="App.tsx" path="/home/ekoehler/Documents/leonart/mobile/App.tsx">
        <metrics statements="7" coveredstatements="7" conditionals="4" coveredconditionals="2" methods="2" coveredmethods="2"/>
        <line num="11" count="3" type="stmt"/>
        <line num="12" count="6" type="stmt"/>
        <line num="14" count="6" type="stmt"/>
        <line num="19" count="6" type="stmt"/>
        <line num="20" count="6" type="stmt"/>
        <line num="23" count="6" type="stmt"/>
        <line num="25" count="6" type="cond" truecount="1" falsecount="1"/>
      </file>
    </package>
    <package name="mobile.components">
      <metrics statements="27" coveredstatements="26" conditionals="44" coveredconditionals="30" methods="12" coveredmethods="9"/>
      <file name="ArtistCard.tsx" path="/home/ekoehler/Documents/leonart/mobile/components/ArtistCard.tsx">
        <metrics statements="3" coveredstatements="3" conditionals="0" coveredconditionals="0" methods="1" coveredmethods="1"/>
        <line num="7" count="3" type="stmt"/>
        <line num="8" count="18" type="stmt"/>
        <line num="14" count="3" type="stmt"/>
      </file>
      <file name="Button.tsx" path="/home/ekoehler/Documents/leonart/mobile/components/Button.tsx">
        <metrics statements="3" coveredstatements="3" conditionals="15" coveredconditionals="11" methods="2" coveredmethods="1"/>
        <line num="15" count="3" type="stmt"/>
        <line num="24" count="8" type="stmt"/>
        <line num="46" count="3" type="stmt"/>
      </file>
      <file name="Card.tsx" path="/home/ekoehler/Documents/leonart/mobile/components/Card.tsx">
        <metrics statements="3" coveredstatements="3" conditionals="5" coveredconditionals="3" methods="1" coveredmethods="1"/>
        <line num="11" count="3" type="stmt"/>
        <line num="16" count="36" type="stmt"/>
        <line num="23" count="3" type="stmt"/>
      </file>
      <file name="Input.tsx" path="/home/ekoehler/Documents/leonart/mobile/components/Input.tsx">
        <metrics statements="10" coveredstatements="9" conditionals="16" coveredconditionals="9" methods="5" coveredmethods="3"/>
        <line num="16" count="3" type="stmt"/>
        <line num="26" count="4" type="stmt"/>
        <line num="28" count="4" type="stmt"/>
        <line num="29" count="1" type="stmt"/>
        <line num="30" count="1" type="stmt"/>
        <line num="33" count="4" type="stmt"/>
        <line num="34" count="3" type="cond" truecount="1" falsecount="1"/>
        <line num="35" count="0" type="stmt"/>
        <line num="39" count="4" type="stmt"/>
        <line num="56" count="3" type="stmt"/>
      </file>
      <file name="NewsCard.tsx" path="/home/ekoehler/Documents/leonart/mobile/components/NewsCard.tsx">
        <metrics statements="3" coveredstatements="3" conditionals="0" coveredconditionals="0" methods="1" coveredmethods="1"/>
        <line num="7" count="3" type="stmt"/>
        <line num="8" count="18" type="stmt"/>
        <line num="20" count="3" type="stmt"/>
      </file>
      <file name="Title.tsx" path="/home/ekoehler/Documents/leonart/mobile/components/Title.tsx">
        <metrics statements="5" coveredstatements="5" conditionals="8" coveredconditionals="7" methods="2" coveredmethods="2"/>
        <line num="11" count="3" type="stmt"/>
        <line num="17" count="124" type="stmt"/>
        <line num="18" count="94" type="stmt"/>
        <line num="23" count="124" type="stmt"/>
        <line num="35" count="3" type="stmt"/>
      </file>
    </package>
    <package name="mobile.components.inbox">
      <metrics statements="28" coveredstatements="26" conditionals="27" coveredconditionals="20" methods="14" coveredmethods="10"/>
      <file name="CartComponent.tsx" path="/home/ekoehler/Documents/leonart/mobile/components/inbox/CartComponent.tsx">
        <metrics statements="3" coveredstatements="2" conditionals="0" coveredconditionals="0" methods="1" coveredmethods="0"/>
        <line num="6" count="3" type="stmt"/>
        <line num="7" count="0" type="stmt"/>
        <line num="23" count="3" type="stmt"/>
      </file>
      <file name="CommandsComponent.tsx" path="/home/ekoehler/Documents/leonart/mobile/components/inbox/CommandsComponent.tsx">
        <metrics statements="3" coveredstatements="3" conditionals="0" coveredconditionals="0" methods="1" coveredmethods="1"/>
        <line num="6" count="3" type="stmt"/>
        <line num="7" count="1" type="stmt"/>
        <line num="20" count="3" type="stmt"/>
      </file>
      <file name="ConversationsComponent.tsx" path="/home/ekoehler/Documents/leonart/mobile/components/inbox/ConversationsComponent.tsx">
        <metrics statements="7" coveredstatements="7" conditionals="4" coveredconditionals="4" methods="3" coveredmethods="3"/>
        <line num="19" count="3" type="stmt"/>
        <line num="20" count="5" type="stmt"/>
        <line num="21" count="5" type="stmt"/>
        <line num="23" count="5" type="stmt"/>
        <line num="26" count="40" type="stmt"/>
        <line num="29" count="3" type="stmt"/>
        <line num="58" count="3" type="stmt"/>
      </file>
      <file name="MessageTabs.tsx" path="/home/ekoehler/Documents/leonart/mobile/components/inbox/MessageTabs.tsx">
        <metrics statements="6" coveredstatements="6" conditionals="6" coveredconditionals="4" methods="4" coveredmethods="3"/>
        <line num="10" count="3" type="stmt"/>
        <line num="25" count="3" type="stmt"/>
        <line num="29" count="6" type="stmt"/>
        <line num="32" count="18" type="stmt"/>
        <line num="38" count="1" type="stmt"/>
        <line num="49" count="3" type="stmt"/>
      </file>
      <file name="TextBubble.tsx" path="/home/ekoehler/Documents/leonart/mobile/components/inbox/TextBubble.tsx">
        <metrics statements="9" coveredstatements="8" conditionals="17" coveredconditionals="12" methods="5" coveredmethods="3"/>
        <line num="14" count="3" type="stmt"/>
        <line num="17" count="17" type="stmt"/>
        <line num="19" count="17" type="cond" truecount="3" falsecount="0"/>
        <line num="20" count="9" type="stmt"/>
        <line num="22" count="1" type="stmt"/>
        <line num="40" count="4" type="stmt"/>
        <line num="64" count="4" type="stmt"/>
        <line num="66" count="0" type="stmt"/>
        <line num="86" count="3" type="stmt"/>
      </file>
    </package>
    <package name="mobile.constants">
      <metrics statements="50" coveredstatements="41" conditionals="9" coveredconditionals="0" methods="6" coveredmethods="0"/>
      <file name="colors.ts" path="/home/ekoehler/Documents/leonart/mobile/constants/colors.ts">
        <metrics statements="1" coveredstatements="1" conditionals="0" coveredconditionals="0" methods="0" coveredmethods="0"/>
        <line num="1" count="3" type="stmt"/>
      </file>
      <file name="conversations.ts" path="/home/ekoehler/Documents/leonart/mobile/constants/conversations.ts">
        <metrics statements="2" coveredstatements="2" conditionals="0" coveredconditionals="0" methods="0" coveredmethods="0"/>
        <line num="22" count="3" type="stmt"/>
        <line num="81" count="3" type="stmt"/>
      </file>
      <file name="fetch.ts" path="/home/ekoehler/Documents/leonart/mobile/constants/fetch.ts">
        <metrics statements="12" coveredstatements="3" conditionals="9" coveredconditionals="0" methods="6" coveredmethods="0"/>
        <line num="5" count="3" type="stmt"/>
        <line num="7" count="3" type="stmt"/>
        <line num="11" count="0" type="stmt"/>
        <line num="14" count="0" type="stmt"/>
        <line num="16" count="0" type="stmt"/>
        <line num="22" count="3" type="stmt"/>
        <line num="27" count="0" type="stmt"/>
        <line num="30" count="0" type="cond" truecount="0" falsecount="2"/>
        <line num="31" count="0" type="stmt"/>
        <line num="34" count="0" type="stmt"/>
        <line num="35" count="0" type="stmt"/>
        <line num="37" count="0" type="stmt"/>
      </file>
      <file name="homeValues.ts" path="/home/ekoehler/Documents/leonart/mobile/constants/homeValues.ts">
        <metrics statements="2" coveredstatements="2" conditionals="0" coveredconditionals="0" methods="0" coveredmethods="0"/>
        <line num="7" count="3" type="stmt"/>
        <line num="25" count="3" type="stmt"/>
      </file>
      <file name="styles.ts" path="/home/ekoehler/Documents/leonart/mobile/constants/styles.ts">
        <metrics statements="33" coveredstatements="33" conditionals="0" coveredconditionals="0" methods="0" coveredmethods="0"/>
        <line num="11" count="3" type="stmt"/>
        <line num="12" count="3" type="stmt"/>
        <line num="13" count="3" type="stmt"/>
        <line num="16" count="3" type="stmt"/>
        <line num="17" count="3" type="stmt"/>
        <line num="18" count="3" type="stmt"/>
        <line num="19" count="3" type="stmt"/>
        <line num="20" count="3" type="stmt"/>
        <line num="21" count="3" type="stmt"/>
        <line num="22" count="3" type="stmt"/>
        <line num="23" count="3" type="stmt"/>
        <line num="24" count="3" type="stmt"/>
        <line num="25" count="3" type="stmt"/>
        <line num="26" count="3" type="stmt"/>
        <line num="27" count="3" type="stmt"/>
        <line num="28" count="3" type="stmt"/>
        <line num="29" count="3" type="stmt"/>
        <line num="30" count="3" type="stmt"/>
        <line num="33" count="3" type="stmt"/>
        <line num="34" count="3" type="stmt"/>
        <line num="35" count="3" type="stmt"/>
        <line num="36" count="3" type="stmt"/>
        <line num="37" count="3" type="stmt"/>
        <line num="38" count="3" type="stmt"/>
        <line num="39" count="3" type="stmt"/>
        <line num="40" count="3" type="stmt"/>
        <line num="41" count="3" type="stmt"/>
        <line num="42" count="3" type="stmt"/>
        <line num="43" count="3" type="stmt"/>
        <line num="44" count="3" type="stmt"/>
        <line num="45" count="3" type="stmt"/>
        <line num="48" count="3" type="stmt"/>
        <line num="49" count="3" type="stmt"/>
      </file>
    </package>
    <package name="mobile.helpers">
      <metrics statements="2" coveredstatements="2" conditionals="0" coveredconditionals="0" methods="1" coveredmethods="1"/>
      <file name="DateHelper.ts" path="/home/ekoehler/Documents/leonart/mobile/helpers/DateHelper.ts">
        <metrics statements="2" coveredstatements="2" conditionals="0" coveredconditionals="0" methods="1" coveredmethods="1"/>
        <line num="1" count="3" type="stmt"/>
        <line num="2" count="1" type="stmt"/>
      </file>
    </package>
    <package name="mobile.navigators">
      <metrics statements="21" coveredstatements="15" conditionals="0" coveredconditionals="0" methods="6" coveredmethods="4"/>
      <file name="CartNavigator.tsx" path="/home/ekoehler/Documents/leonart/mobile/navigators/CartNavigator.tsx">
        <metrics statements="4" coveredstatements="1" conditionals="0" coveredconditionals="0" methods="1" coveredmethods="0"/>
        <line num="7" count="3" type="stmt"/>
        <line num="8" count="0" type="stmt"/>
        <line num="11" count="0" type="stmt"/>
        <line num="13" count="0" type="stmt"/>
      </file>
      <file name="HomeNavigator.tsx" path="/home/ekoehler/Documents/leonart/mobile/navigators/HomeNavigator.tsx">
        <metrics statements="4" coveredstatements="4" conditionals="0" coveredconditionals="0" methods="1" coveredmethods="1"/>
        <line num="7" count="3" type="stmt"/>
        <line num="8" count="6" type="stmt"/>
        <line num="11" count="6" type="stmt"/>
        <line num="13" count="6" type="stmt"/>
      </file>
      <file name="MainNavigator.tsx" path="/home/ekoehler/Documents/leonart/mobile/navigators/MainNavigator.tsx">
        <metrics statements="5" coveredstatements="5" conditionals="0" coveredconditionals="0" methods="2" coveredmethods="2"/>
        <line num="11" count="3" type="stmt"/>
        <line num="12" count="14" type="stmt"/>
        <line num="15" count="14" type="stmt"/>
        <line num="17" count="14" type="stmt"/>
        <line num="28" count="28" type="stmt"/>
      </file>
      <file name="MessageNavigator.tsx" path="/home/ekoehler/Documents/leonart/mobile/navigators/MessageNavigator.tsx">
        <metrics statements="4" coveredstatements="4" conditionals="0" coveredconditionals="0" methods="1" coveredmethods="1"/>
        <line num="6" count="3" type="stmt"/>
        <line num="7" count="8" type="stmt"/>
        <line num="10" count="8" type="stmt"/>
        <line num="12" count="8" type="stmt"/>
      </file>
      <file name="ProfileNavigator.tsx" path="/home/ekoehler/Documents/leonart/mobile/navigators/ProfileNavigator.tsx">
        <metrics statements="4" coveredstatements="1" conditionals="0" coveredconditionals="0" methods="1" coveredmethods="0"/>
        <line num="7" count="3" type="stmt"/>
        <line num="8" count="0" type="stmt"/>
        <line num="11" count="0" type="stmt"/>
        <line num="13" count="0" type="stmt"/>
      </file>
    </package>
    <package name="mobile.screens">
      <metrics statements="67" coveredstatements="37" conditionals="6" coveredconditionals="2" methods="28" coveredmethods="12"/>
      <file name="CartScreen.tsx" path="/home/ekoehler/Documents/leonart/mobile/screens/CartScreen.tsx">
        <metrics statements="2" coveredstatements="1" conditionals="0" coveredconditionals="0" methods="1" coveredmethods="0"/>
        <line num="4" count="3" type="stmt"/>
        <line num="5" count="0" type="stmt"/>
      </file>
      <file name="ComponentsShow.tsx" path="/home/ekoehler/Documents/leonart/mobile/screens/ComponentsShow.tsx">
        <metrics statements="3" coveredstatements="1" conditionals="0" coveredconditionals="0" methods="2" coveredmethods="0"/>
        <line num="11" count="3" type="stmt"/>
        <line num="12" count="0" type="stmt"/>
        <line num="14" count="0" type="stmt"/>
      </file>
      <file name="Conversation.tsx" path="/home/ekoehler/Documents/leonart/mobile/screens/Conversation.tsx">
        <metrics statements="11" coveredstatements="9" conditionals="0" coveredconditionals="0" methods="6" coveredmethods="4"/>
        <line num="19" count="3" type="stmt"/>
        <line num="20" count="4" type="stmt"/>
        <line num="21" count="4" type="stmt"/>
        <line num="23" count="4" type="stmt"/>
        <line num="25" count="0" type="stmt"/>
        <line num="29" count="4" type="stmt"/>
        <line num="33" count="4" type="stmt"/>
        <line num="41" count="0" type="stmt"/>
        <line num="68" count="16" type="stmt"/>
        <line num="88" count="1" type="stmt"/>
        <line num="110" count="3" type="stmt"/>
      </file>
      <file name="ForgotPassword.tsx" path="/home/ekoehler/Documents/leonart/mobile/screens/ForgotPassword.tsx">
        <metrics statements="8" coveredstatements="2" conditionals="0" coveredconditionals="0" methods="3" coveredmethods="0"/>
        <line num="8" count="3" type="stmt"/>
        <line num="9" count="0" type="stmt"/>
        <line num="10" count="0" type="stmt"/>
        <line num="12" count="0" type="stmt"/>
        <line num="15" count="0" type="stmt"/>
        <line num="16" count="0" type="stmt"/>
        <line num="19" count="0" type="stmt"/>
        <line num="50" count="3" type="stmt"/>
      </file>
      <file name="HomeScreen.tsx" path="/home/ekoehler/Documents/leonart/mobile/screens/HomeScreen.tsx">
        <metrics statements="14" coveredstatements="14" conditionals="0" coveredconditionals="0" methods="7" coveredmethods="6"/>
        <line num="19" count="3" type="stmt"/>
        <line num="20" count="12" type="stmt"/>
        <line num="21" count="12" type="stmt"/>
        <line num="22" count="12" type="stmt"/>
        <line num="25" count="12" type="stmt"/>
        <line num="27" count="6" type="stmt"/>
        <line num="28" count="6" type="stmt"/>
        <line num="31" count="6" type="stmt"/>
        <line num="34" count="12" type="stmt"/>
        <line num="56" count="18" type="stmt"/>
        <line num="57" count="36" type="stmt"/>
        <line num="72" count="36" type="stmt"/>
        <line num="74" count="18" type="stmt"/>
        <line num="103" count="3" type="stmt"/>
      </file>
      <file name="InboxScreen.tsx" path="/home/ekoehler/Documents/leonart/mobile/screens/InboxScreen.tsx">
        <metrics statements="8" coveredstatements="7" conditionals="3" coveredconditionals="2" methods="2" coveredmethods="2"/>
        <line num="14" count="3" type="stmt"/>
        <line num="15" count="6" type="stmt"/>
        <line num="17" count="6" type="stmt"/>
        <line num="27" count="6" type="cond" truecount="2" falsecount="1"/>
        <line num="28" count="5" type="stmt"/>
        <line num="31" count="1" type="stmt"/>
        <line num="34" count="0" type="stmt"/>
        <line num="43" count="3" type="stmt"/>
      </file>
      <file name="Profile.tsx" path="/home/ekoehler/Documents/leonart/mobile/screens/Profile.tsx">
        <metrics statements="2" coveredstatements="1" conditionals="0" coveredconditionals="0" methods="1" coveredmethods="0"/>
        <line num="4" count="3" type="stmt"/>
        <line num="5" count="0" type="stmt"/>
      </file>
      <file name="Signup.tsx" path="/home/ekoehler/Documents/leonart/mobile/screens/Signup.tsx">
        <metrics statements="19" coveredstatements="2" conditionals="3" coveredconditionals="0" methods="6" coveredmethods="0"/>
        <line num="9" count="3" type="stmt"/>
        <line num="10" count="0" type="stmt"/>
        <line num="11" count="0" type="stmt"/>
        <line num="12" count="0" type="stmt"/>
        <line num="13" count="0" type="stmt"/>
        <line num="15" count="0" type="stmt"/>
        <line num="16" count="0" type="stmt"/>
        <line num="19" count="0" type="stmt"/>
        <line num="21" count="0" type="stmt"/>
        <line num="22" count="0" type="cond" truecount="0" falsecount="3"/>
        <line num="23" count="0" type="stmt"/>
        <line num="25" count="0" type="stmt"/>
        <line num="26" count="0" type="stmt"/>
        <line num="27" count="0" type="stmt"/>
        <line num="29" count="0" type="stmt"/>
        <line num="35" count="0" type="stmt"/>
        <line num="36" count="0" type="stmt"/>
        <line num="39" count="0" type="stmt"/>
        <line num="83" count="3" type="stmt"/>
      </file>
    </package>
    <package name="mobile.screens.LoginPage">
      <metrics statements="22" coveredstatements="2" conditionals="2" coveredconditionals="0" methods="10" coveredmethods="0"/>
      <file name="LoginPage.tsx" path="/home/ekoehler/Documents/leonart/mobile/screens/LoginPage/LoginPage.tsx">
        <metrics statements="22" coveredstatements="2" conditionals="2" coveredconditionals="0" methods="10" coveredmethods="0"/>
        <line num="12" count="3" type="stmt"/>
        <line num="13" count="0" type="stmt"/>
        <line num="14" count="0" type="stmt"/>
        <line num="15" count="0" type="stmt"/>
        <line num="17" count="0" type="stmt"/>
        <line num="18" count="0" type="stmt"/>
        <line num="19" count="0" type="stmt"/>
        <line num="23" count="0" type="stmt"/>
        <line num="27" count="0" type="stmt"/>
        <line num="28" count="0" type="stmt"/>
        <line num="31" count="0" type="stmt"/>
        <line num="32" count="0" type="stmt"/>
        <line num="35" count="0" type="stmt"/>
        <line num="36" count="0" type="stmt"/>
        <line num="39" count="0" type="stmt"/>
        <line num="40" count="0" type="stmt"/>
        <line num="43" count="0" type="stmt"/>
        <line num="45" count="0" type="stmt"/>
        <line num="46" count="0" type="stmt"/>
        <line num="49" count="0" type="stmt"/>
        <line num="78" count="0" type="stmt"/>
        <line num="129" count="3" type="stmt"/>
      </file>
    </package>
  </project>
</coverage>
