{"/home/ekoehler/Documents/leonart/mobile/App.tsx": {"path":"/home/ekoehler/Documents/leonart/mobile/App.tsx","statementMap":{"0":{"start":{"line":11,"column":12},"end":{"line":37,"column":1}},"1":{"start":{"line":12,"column":17},"end":{"line":12,"column":45}},"2":{"start":{"line":14,"column":2},"end":{"line":16,"column":9}},"3":{"start":{"line":19,"column":20},"end":{"line":19,"column":24}},"4":{"start":{"line":20,"column":28},"end":{"line":20,"column":33}},"5":{"start":{"line":23,"column":18},"end":{"line":23,"column":40}},"6":{"start":{"line":25,"column":2},"end":{"line":36,"column":4}}},"fnMap":{"0":{"name":"(anonymous_0)","decl":{"start":{"line":11,"column":12},"end":{"line":11,"column":13}},"loc":{"start":{"line":11,"column":18},"end":{"line":37,"column":1}},"line":11},"1":{"name":"(anonymous_1)","decl":{"start":{"line":14,"column":12},"end":{"line":14,"column":13}},"loc":{"start":{"line":14,"column":18},"end":{"line":16,"column":3}},"line":14}},"branchMap":{"0":{"loc":{"start":{"line":25,"column":9},"end":{"line":36,"column":3}},"type":"cond-expr","locations":[{"start":{"line":26,"column":4},"end":{"line":26,"column":22}},{"start":{"line":28,"column":4},"end":{"line":35,"column":26}}],"line":25},"1":{"loc":{"start":{"line":29,"column":41},"end":{"line":29,"column":71}},"type":"cond-expr","locations":[{"start":{"line":29,"column":55},"end":{"line":29,"column":61}},{"start":{"line":29,"column":64},"end":{"line":29,"column":71}}],"line":29}},"s":{"0":3,"1":6,"2":6,"3":6,"4":6,"5":6,"6":6},"f":{"0":6,"1":6},"b":{"0":[0,6],"1":[6,0]},"_coverageSchema":"1a1c01bbd47fc00a2c39e90264f33305004495a9","hash":"cda2b281c4b7811a1608daf6be98f40587ffa4ff"}
,"/home/ekoehler/Documents/leonart/mobile/components/ArtistCard.tsx": {"path":"/home/ekoehler/Documents/leonart/mobile/components/ArtistCard.tsx","statementMap":{"0":{"start":{"line":7,"column":19},"end":{"line":12,"column":1}},"1":{"start":{"line":8,"column":2},"end":{"line":11,"column":9}},"2":{"start":{"line":14,"column":15},"end":{"line":29,"column":2}}},"fnMap":{"0":{"name":"(anonymous_0)","decl":{"start":{"line":7,"column":19},"end":{"line":7,"column":20}},"loc":{"start":{"line":8,"column":2},"end":{"line":11,"column":9}},"line":8}},"branchMap":{},"s":{"0":3,"1":18,"2":3},"f":{"0":18},"b":{},"_coverageSchema":"1a1c01bbd47fc00a2c39e90264f33305004495a9","hash":"f3575e09c4fc3e406c7eecbaea3e6737873cfa3c"}
,"/home/ekoehler/Documents/leonart/mobile/components/Button.tsx": {"path":"/home/ekoehler/Documents/leonart/mobile/components/Button.tsx","statementMap":{"0":{"start":{"line":15,"column":15},"end":{"line":44,"column":1}},"1":{"start":{"line":24,"column":2},"end":{"line":43,"column":21}},"2":{"start":{"line":46,"column":15},"end":{"line":73,"column":2}}},"fnMap":{"0":{"name":"(anonymous_0)","decl":{"start":{"line":15,"column":15},"end":{"line":15,"column":16}},"loc":{"start":{"line":24,"column":2},"end":{"line":43,"column":21}},"line":24},"1":{"name":"(anonymous_1)","decl":{"start":{"line":16,"column":12},"end":{"line":16,"column":13}},"loc":{"start":{"line":16,"column":18},"end":{"line":16,"column":20}},"line":16}},"branchMap":{"0":{"loc":{"start":{"line":16,"column":2},"end":{"line":16,"column":20}},"type":"default-arg","locations":[{"start":{"line":16,"column":12},"end":{"line":16,"column":20}}],"line":16},"1":{"loc":{"start":{"line":17,"column":2},"end":{"line":17,"column":12}},"type":"default-arg","locations":[{"start":{"line":17,"column":10},"end":{"line":17,"column":12}}],"line":17},"2":{"loc":{"start":{"line":18,"column":2},"end":{"line":18,"column":22}},"type":"default-arg","locations":[{"start":{"line":18,"column":10},"end":{"line":18,"column":22}}],"line":18},"3":{"loc":{"start":{"line":19,"column":2},"end":{"line":19,"column":16}},"type":"default-arg","locations":[{"start":{"line":19,"column":14},"end":{"line":19,"column":16}}],"line":19},"4":{"loc":{"start":{"line":20,"column":2},"end":{"line":20,"column":19}},"type":"default-arg","locations":[{"start":{"line":20,"column":14},"end":{"line":20,"column":19}}],"line":20},"5":{"loc":{"start":{"line":21,"column":2},"end":{"line":21,"column":18}},"type":"default-arg","locations":[{"start":{"line":21,"column":13},"end":{"line":21,"column":18}}],"line":21},"6":{"loc":{"start":{"line":22,"column":2},"end":{"line":22,"column":18}},"type":"default-arg","locations":[{"start":{"line":22,"column":13},"end":{"line":22,"column":18}}],"line":22},"7":{"loc":{"start":{"line":30,"column":6},"end":{"line":30,"column":49}},"type":"binary-expr","locations":[{"start":{"line":30,"column":6},"end":{"line":30,"column":15}},{"start":{"line":30,"column":19},"end":{"line":30,"column":49}}],"line":30},"8":{"loc":{"start":{"line":31,"column":6},"end":{"line":31,"column":47}},"type":"binary-expr","locations":[{"start":{"line":31,"column":6},"end":{"line":31,"column":14}},{"start":{"line":31,"column":18},"end":{"line":31,"column":47}}],"line":31},"9":{"loc":{"start":{"line":37,"column":6},"end":{"line":37,"column":44}},"type":"binary-expr","locations":[{"start":{"line":37,"column":6},"end":{"line":37,"column":15}},{"start":{"line":37,"column":19},"end":{"line":37,"column":44}}],"line":37},"10":{"loc":{"start":{"line":38,"column":6},"end":{"line":38,"column":42}},"type":"binary-expr","locations":[{"start":{"line":38,"column":6},"end":{"line":38,"column":14}},{"start":{"line":38,"column":18},"end":{"line":38,"column":42}}],"line":38}},"s":{"0":3,"1":8,"2":3},"f":{"0":8,"1":0},"b":{"0":[8],"1":[0],"2":[0],"3":[8],"4":[4],"5":[8],"6":[8],"7":[8,4],"8":[8,0],"9":[8,4],"10":[8,0]},"_coverageSchema":"1a1c01bbd47fc00a2c39e90264f33305004495a9","hash":"419c00a4485f21942c6ebbbe7363aa3053d45148"}
,"/home/ekoehler/Documents/leonart/mobile/components/Card.tsx": {"path":"/home/ekoehler/Documents/leonart/mobile/components/Card.tsx","statementMap":{"0":{"start":{"line":11,"column":13},"end":{"line":21,"column":1}},"1":{"start":{"line":16,"column":2},"end":{"line":20,"column":4}},"2":{"start":{"line":23,"column":15},"end":{"line":32,"column":2}}},"fnMap":{"0":{"name":"(anonymous_0)","decl":{"start":{"line":11,"column":13},"end":{"line":11,"column":14}},"loc":{"start":{"line":15,"column":17},"end":{"line":21,"column":1}},"line":15}},"branchMap":{"0":{"loc":{"start":{"line":12,"column":2},"end":{"line":12,"column":12}},"type":"default-arg","locations":[{"start":{"line":12,"column":10},"end":{"line":12,"column":12}}],"line":12},"1":{"loc":{"start":{"line":13,"column":2},"end":{"line":13,"column":22}},"type":"default-arg","locations":[{"start":{"line":13,"column":13},"end":{"line":13,"column":22}}],"line":13},"2":{"loc":{"start":{"line":14,"column":2},"end":{"line":14,"column":8}},"type":"default-arg","locations":[{"start":{"line":14,"column":7},"end":{"line":14,"column":8}}],"line":14},"3":{"loc":{"start":{"line":18,"column":8},"end":{"line":18,"column":28}},"type":"binary-expr","locations":[{"start":{"line":18,"column":8},"end":{"line":18,"column":16}},{"start":{"line":18,"column":20},"end":{"line":18,"column":28}}],"line":18}},"s":{"0":3,"1":36,"2":3},"f":{"0":36},"b":{"0":[0],"1":[0],"2":[18],"3":[36,36]},"_coverageSchema":"1a1c01bbd47fc00a2c39e90264f33305004495a9","hash":"f19fc657b17d798518cb8b1dff188855e464508b"}
,"/home/ekoehler/Documents/leonart/mobile/components/Input.tsx": {"path":"/home/ekoehler/Documents/leonart/mobile/components/Input.tsx","statementMap":{"0":{"start":{"line":16,"column":14},"end":{"line":54,"column":1}},"1":{"start":{"line":26,"column":36},"end":{"line":26,"column":59}},"2":{"start":{"line":28,"column":21},"end":{"line":31,"column":3}},"3":{"start":{"line":29,"column":4},"end":{"line":29,"column":28}},"4":{"start":{"line":30,"column":4},"end":{"line":30,"column":36}},"5":{"start":{"line":33,"column":2},"end":{"line":37,"column":14}},"6":{"start":{"line":34,"column":4},"end":{"line":36,"column":5}},"7":{"start":{"line":35,"column":6},"end":{"line":35,"column":23}},"8":{"start":{"line":39,"column":2},"end":{"line":53,"column":4}},"9":{"start":{"line":56,"column":15},"end":{"line":74,"column":2}}},"fnMap":{"0":{"name":"(anonymous_0)","decl":{"start":{"line":16,"column":14},"end":{"line":16,"column":15}},"loc":{"start":{"line":25,"column":18},"end":{"line":54,"column":1}},"line":25},"1":{"name":"(anonymous_1)","decl":{"start":{"line":19,"column":18},"end":{"line":19,"column":19}},"loc":{"start":{"line":19,"column":33},"end":{"line":19,"column":35}},"line":19},"2":{"name":"(anonymous_2)","decl":{"start":{"line":22,"column":12},"end":{"line":22,"column":13}},"loc":{"start":{"line":22,"column":18},"end":{"line":22,"column":20}},"line":22},"3":{"name":"(anonymous_3)","decl":{"start":{"line":28,"column":21},"end":{"line":28,"column":22}},"loc":{"start":{"line":28,"column":44},"end":{"line":31,"column":3}},"line":28},"4":{"name":"(anonymous_4)","decl":{"start":{"line":33,"column":12},"end":{"line":33,"column":13}},"loc":{"start":{"line":33,"column":18},"end":{"line":37,"column":3}},"line":33}},"branchMap":{"0":{"loc":{"start":{"line":17,"column":2},"end":{"line":17,"column":42}},"type":"default-arg","locations":[{"start":{"line":17,"column":16},"end":{"line":17,"column":42}}],"line":17},"1":{"loc":{"start":{"line":18,"column":2},"end":{"line":18,"column":12}},"type":"default-arg","locations":[{"start":{"line":18,"column":10},"end":{"line":18,"column":12}}],"line":18},"2":{"loc":{"start":{"line":19,"column":2},"end":{"line":19,"column":35}},"type":"default-arg","locations":[{"start":{"line":19,"column":18},"end":{"line":19,"column":35}}],"line":19},"3":{"loc":{"start":{"line":20,"column":2},"end":{"line":20,"column":24}},"type":"default-arg","locations":[{"start":{"line":20,"column":20},"end":{"line":20,"column":24}}],"line":20},"4":{"loc":{"start":{"line":21,"column":2},"end":{"line":21,"column":12}},"type":"default-arg","locations":[{"start":{"line":21,"column":10},"end":{"line":21,"column":12}}],"line":21},"5":{"loc":{"start":{"line":22,"column":2},"end":{"line":22,"column":20}},"type":"default-arg","locations":[{"start":{"line":22,"column":12},"end":{"line":22,"column":20}}],"line":22},"6":{"loc":{"start":{"line":23,"column":2},"end":{"line":23,"column":15}},"type":"default-arg","locations":[{"start":{"line":23,"column":10},"end":{"line":23,"column":15}}],"line":23},"7":{"loc":{"start":{"line":24,"column":2},"end":{"line":24,"column":18}},"type":"default-arg","locations":[{"start":{"line":24,"column":13},"end":{"line":24,"column":18}}],"line":24},"8":{"loc":{"start":{"line":34,"column":4},"end":{"line":36,"column":5}},"type":"if","locations":[{"start":{"line":34,"column":4},"end":{"line":36,"column":5}},{"start":{},"end":{}}],"line":34},"9":{"loc":{"start":{"line":45,"column":28},"end":{"line":45,"column":77}},"type":"cond-expr","locations":[{"start":{"line":45,"column":39},"end":{"line":45,"column":56}},{"start":{"line":45,"column":59},"end":{"line":45,"column":77}}],"line":45},"10":{"loc":{"start":{"line":48,"column":8},"end":{"line":48,"column":29}},"type":"binary-expr","locations":[{"start":{"line":48,"column":8},"end":{"line":48,"column":13}},{"start":{"line":48,"column":17},"end":{"line":48,"column":29}}],"line":48},"11":{"loc":{"start":{"line":49,"column":8},"end":{"line":49,"column":35}},"type":"binary-expr","locations":[{"start":{"line":49,"column":8},"end":{"line":49,"column":16}},{"start":{"line":49,"column":20},"end":{"line":49,"column":35}}],"line":49}},"s":{"0":3,"1":4,"2":4,"3":1,"4":1,"5":4,"6":3,"7":0,"8":4,"9":3},"f":{"0":4,"1":0,"2":0,"3":1,"4":3},"b":{"0":[0],"1":[4],"2":[0],"3":[4],"4":[0],"5":[4],"6":[4],"7":[4],"8":[0,3],"9":[0,4],"10":[4,0],"11":[4,0]},"_coverageSchema":"1a1c01bbd47fc00a2c39e90264f33305004495a9","hash":"953af782494e7f0e7dad2e69c444e13f5873d1b2"}
,"/home/ekoehler/Documents/leonart/mobile/components/NewsCard.tsx": {"path":"/home/ekoehler/Documents/leonart/mobile/components/NewsCard.tsx","statementMap":{"0":{"start":{"line":7,"column":17},"end":{"line":18,"column":1}},"1":{"start":{"line":8,"column":2},"end":{"line":17,"column":9}},"2":{"start":{"line":20,"column":15},"end":{"line":48,"column":2}}},"fnMap":{"0":{"name":"(anonymous_0)","decl":{"start":{"line":7,"column":17},"end":{"line":7,"column":18}},"loc":{"start":{"line":8,"column":2},"end":{"line":17,"column":9}},"line":8}},"branchMap":{},"s":{"0":3,"1":18,"2":3},"f":{"0":18},"b":{},"_coverageSchema":"1a1c01bbd47fc00a2c39e90264f33305004495a9","hash":"b4a65f86f20f82f13dfc6915ebde905fe2b9d8d4"}
,"/home/ekoehler/Documents/leonart/mobile/components/Title.tsx": {"path":"/home/ekoehler/Documents/leonart/mobile/components/Title.tsx","statementMap":{"0":{"start":{"line":11,"column":14},"end":{"line":33,"column":1}},"1":{"start":{"line":17,"column":22},"end":{"line":21,"column":3}},"2":{"start":{"line":18,"column":4},"end":{"line":20,"column":5}},"3":{"start":{"line":23,"column":2},"end":{"line":32,"column":4}},"4":{"start":{"line":35,"column":15},"end":{"line":44,"column":2}}},"fnMap":{"0":{"name":"(anonymous_0)","decl":{"start":{"line":11,"column":14},"end":{"line":11,"column":15}},"loc":{"start":{"line":16,"column":18},"end":{"line":33,"column":1}},"line":16},"1":{"name":"(anonymous_1)","decl":{"start":{"line":17,"column":22},"end":{"line":17,"column":23}},"loc":{"start":{"line":17,"column":28},"end":{"line":21,"column":3}},"line":17}},"branchMap":{"0":{"loc":{"start":{"line":12,"column":2},"end":{"line":12,"column":20}},"type":"default-arg","locations":[{"start":{"line":12,"column":13},"end":{"line":12,"column":20}}],"line":12},"1":{"loc":{"start":{"line":13,"column":2},"end":{"line":13,"column":12}},"type":"default-arg","locations":[{"start":{"line":13,"column":10},"end":{"line":13,"column":12}}],"line":13},"2":{"loc":{"start":{"line":14,"column":2},"end":{"line":14,"column":13}},"type":"default-arg","locations":[{"start":{"line":14,"column":9},"end":{"line":14,"column":13}}],"line":14},"3":{"loc":{"start":{"line":15,"column":2},"end":{"line":15,"column":11}},"type":"default-arg","locations":[{"start":{"line":15,"column":9},"end":{"line":15,"column":11}}],"line":15},"4":{"loc":{"start":{"line":26,"column":6},"end":{"line":26,"column":25}},"type":"binary-expr","locations":[{"start":{"line":26,"column":6},"end":{"line":26,"column":10}},{"start":{"line":26,"column":14},"end":{"line":26,"column":25}}],"line":26},"5":{"loc":{"start":{"line":27,"column":6},"end":{"line":27,"column":34}},"type":"binary-expr","locations":[{"start":{"line":27,"column":6},"end":{"line":27,"column":17}},{"start":{"line":27,"column":21},"end":{"line":27,"column":34}}],"line":27}},"s":{"0":3,"1":124,"2":94,"3":124,"4":3},"f":{"0":124,"1":94},"b":{"0":[0],"1":[52],"2":[124],"3":[30],"4":[124,124],"5":[124,94]},"_coverageSchema":"1a1c01bbd47fc00a2c39e90264f33305004495a9","hash":"45f49db357d702e95ea7e9f6a0d53be65d24c708"}
,"/home/ekoehler/Documents/leonart/mobile/components/inbox/CartComponent.tsx": {"path":"/home/ekoehler/Documents/leonart/mobile/components/inbox/CartComponent.tsx","statementMap":{"0":{"start":{"line":6,"column":22},"end":{"line":21,"column":1}},"1":{"start":{"line":7,"column":2},"end":{"line":20,"column":3}},"2":{"start":{"line":23,"column":15},"end":{"line":28,"column":2}}},"fnMap":{"0":{"name":"(anonymous_0)","decl":{"start":{"line":6,"column":22},"end":{"line":6,"column":23}},"loc":{"start":{"line":6,"column":28},"end":{"line":21,"column":1}},"line":6}},"branchMap":{},"s":{"0":3,"1":0,"2":3},"f":{"0":0},"b":{},"_coverageSchema":"1a1c01bbd47fc00a2c39e90264f33305004495a9","hash":"a8c7611659629549130264c0211f88e77d076714"}
,"/home/ekoehler/Documents/leonart/mobile/components/inbox/CommandsComponent.tsx": {"path":"/home/ekoehler/Documents/leonart/mobile/components/inbox/CommandsComponent.tsx","statementMap":{"0":{"start":{"line":6,"column":26},"end":{"line":18,"column":1}},"1":{"start":{"line":7,"column":2},"end":{"line":17,"column":4}},"2":{"start":{"line":20,"column":15},"end":{"line":25,"column":2}}},"fnMap":{"0":{"name":"(anonymous_0)","decl":{"start":{"line":6,"column":26},"end":{"line":6,"column":27}},"loc":{"start":{"line":6,"column":32},"end":{"line":18,"column":1}},"line":6}},"branchMap":{},"s":{"0":3,"1":1,"2":3},"f":{"0":1},"b":{},"_coverageSchema":"1a1c01bbd47fc00a2c39e90264f33305004495a9","hash":"4257617c975f19b8fd2d1bf01a39f7f71e4debf0"}
,"/home/ekoehler/Documents/leonart/mobile/components/inbox/ConversationsComponent.tsx": {"path":"/home/ekoehler/Documents/leonart/mobile/components/inbox/ConversationsComponent.tsx","statementMap":{"0":{"start":{"line":19,"column":31},"end":{"line":56,"column":1}},"1":{"start":{"line":20,"column":21},"end":{"line":20,"column":36}},"2":{"start":{"line":21,"column":44},"end":{"line":21,"column":87}},"3":{"start":{"line":23,"column":2},"end":{"line":55,"column":3}},"4":{"start":{"line":26,"column":8},"end":{"line":52,"column":27}},"5":{"start":{"line":29,"column":25},"end":{"line":29,"column":122}},"6":{"start":{"line":58,"column":15},"end":{"line":87,"column":2}}},"fnMap":{"0":{"name":"(anonymous_0)","decl":{"start":{"line":19,"column":31},"end":{"line":19,"column":32}},"loc":{"start":{"line":19,"column":37},"end":{"line":56,"column":1}},"line":19},"1":{"name":"(anonymous_1)","decl":{"start":{"line":25,"column":26},"end":{"line":25,"column":27}},"loc":{"start":{"line":26,"column":8},"end":{"line":52,"column":27}},"line":26},"2":{"name":"(anonymous_2)","decl":{"start":{"line":29,"column":19},"end":{"line":29,"column":20}},"loc":{"start":{"line":29,"column":25},"end":{"line":29,"column":122}},"line":29}},"branchMap":{"0":{"loc":{"start":{"line":36,"column":33},"end":{"line":36,"column":84}},"type":"cond-expr","locations":[{"start":{"line":36,"column":55},"end":{"line":36,"column":69}},{"start":{"line":36,"column":72},"end":{"line":36,"column":84}}],"line":36},"1":{"loc":{"start":{"line":46,"column":28},"end":{"line":46,"column":67}},"type":"cond-expr","locations":[{"start":{"line":46,"column":50},"end":{"line":46,"column":56}},{"start":{"line":46,"column":59},"end":{"line":46,"column":67}}],"line":46}},"s":{"0":3,"1":5,"2":5,"3":5,"4":40,"5":3,"6":3},"f":{"0":5,"1":40,"2":3},"b":{"0":[20,20],"1":[20,20]},"_coverageSchema":"1a1c01bbd47fc00a2c39e90264f33305004495a9","hash":"cb1a3a2b28d6fbbebfcd436af217c3558552a82d"}
,"/home/ekoehler/Documents/leonart/mobile/components/inbox/MessageTabs.tsx": {"path":"/home/ekoehler/Documents/leonart/mobile/components/inbox/MessageTabs.tsx","statementMap":{"0":{"start":{"line":10,"column":24},"end":{"line":23,"column":1}},"1":{"start":{"line":25,"column":20},"end":{"line":47,"column":1}},"2":{"start":{"line":29,"column":2},"end":{"line":46,"column":4}},"3":{"start":{"line":32,"column":8},"end":{"line":43,"column":27}},"4":{"start":{"line":38,"column":25},"end":{"line":38,"column":42}},"5":{"start":{"line":49,"column":15},"end":{"line":62,"column":2}}},"fnMap":{"0":{"name":"(anonymous_0)","decl":{"start":{"line":25,"column":20},"end":{"line":25,"column":21}},"loc":{"start":{"line":28,"column":11},"end":{"line":47,"column":1}},"line":28},"1":{"name":"(anonymous_1)","decl":{"start":{"line":27,"column":14},"end":{"line":27,"column":15}},"loc":{"start":{"line":27,"column":29},"end":{"line":27,"column":31}},"line":27},"2":{"name":"(anonymous_2)","decl":{"start":{"line":31,"column":17},"end":{"line":31,"column":18}},"loc":{"start":{"line":32,"column":8},"end":{"line":43,"column":27}},"line":32},"3":{"name":"(anonymous_3)","decl":{"start":{"line":38,"column":19},"end":{"line":38,"column":20}},"loc":{"start":{"line":38,"column":25},"end":{"line":38,"column":42}},"line":38}},"branchMap":{"0":{"loc":{"start":{"line":26,"column":2},"end":{"line":26,"column":26}},"type":"default-arg","locations":[{"start":{"line":26,"column":11},"end":{"line":26,"column":26}}],"line":26},"1":{"loc":{"start":{"line":27,"column":2},"end":{"line":27,"column":31}},"type":"default-arg","locations":[{"start":{"line":27,"column":14},"end":{"line":27,"column":31}}],"line":27},"2":{"loc":{"start":{"line":36,"column":31},"end":{"line":36,"column":88}},"type":"cond-expr","locations":[{"start":{"line":36,"column":51},"end":{"line":36,"column":68}},{"start":{"line":36,"column":71},"end":{"line":36,"column":88}}],"line":36},"3":{"loc":{"start":{"line":41,"column":28},"end":{"line":41,"column":80}},"type":"cond-expr","locations":[{"start":{"line":41,"column":48},"end":{"line":41,"column":60}},{"start":{"line":41,"column":63},"end":{"line":41,"column":80}}],"line":41}},"s":{"0":3,"1":3,"2":6,"3":18,"4":1,"5":3},"f":{"0":6,"1":0,"2":18,"3":1},"b":{"0":[0],"1":[0],"2":[6,12],"3":[6,12]},"_coverageSchema":"1a1c01bbd47fc00a2c39e90264f33305004495a9","hash":"76418943edb260433ad82e2d1dd18e9c2c0a5a77"}
,"/home/ekoehler/Documents/leonart/mobile/components/inbox/TextBubble.tsx": {"path":"/home/ekoehler/Documents/leonart/mobile/components/inbox/TextBubble.tsx","statementMap":{"0":{"start":{"line":14,"column":19},"end":{"line":84,"column":1}},"1":{"start":{"line":17,"column":48},"end":{"line":17,"column":72}},"2":{"start":{"line":19,"column":2},"end":{"line":83,"column":3}},"3":{"start":{"line":20,"column":19},"end":{"line":39,"column":6}},"4":{"start":{"line":22,"column":23},"end":{"line":22,"column":62}},"5":{"start":{"line":22,"column":53},"end":{"line":22,"column":61}},"6":{"start":{"line":40,"column":20},"end":{"line":63,"column":6}},"7":{"start":{"line":64,"column":13},"end":{"line":82,"column":5}},"8":{"start":{"line":66,"column":23},"end":{"line":66,"column":62}},"9":{"start":{"line":66,"column":53},"end":{"line":66,"column":61}},"10":{"start":{"line":86,"column":15},"end":{"line":126,"column":2}}},"fnMap":{"0":{"name":"(anonymous_0)","decl":{"start":{"line":14,"column":19},"end":{"line":14,"column":20}},"loc":{"start":{"line":16,"column":22},"end":{"line":84,"column":1}},"line":16},"1":{"name":"(anonymous_1)","decl":{"start":{"line":22,"column":17},"end":{"line":22,"column":18}},"loc":{"start":{"line":22,"column":23},"end":{"line":22,"column":62}},"line":22},"2":{"name":"(anonymous_2)","decl":{"start":{"line":22,"column":42},"end":{"line":22,"column":43}},"loc":{"start":{"line":22,"column":53},"end":{"line":22,"column":61}},"line":22},"3":{"name":"(anonymous_3)","decl":{"start":{"line":66,"column":17},"end":{"line":66,"column":18}},"loc":{"start":{"line":66,"column":23},"end":{"line":66,"column":62}},"line":66},"4":{"name":"(anonymous_4)","decl":{"start":{"line":66,"column":42},"end":{"line":66,"column":43}},"loc":{"start":{"line":66,"column":53},"end":{"line":66,"column":61}},"line":66}},"branchMap":{"0":{"loc":{"start":{"line":19,"column":2},"end":{"line":83,"column":3}},"type":"switch","locations":[{"start":{"line":20,"column":4},"end":{"line":39,"column":6}},{"start":{"line":40,"column":4},"end":{"line":63,"column":6}},{"start":{"line":64,"column":4},"end":{"line":82,"column":5}}],"line":19},"1":{"loc":{"start":{"line":27,"column":10},"end":{"line":27,"column":88}},"type":"cond-expr","locations":[{"start":{"line":27,"column":42},"end":{"line":27,"column":63}},{"start":{"line":27,"column":66},"end":{"line":27,"column":88}}],"line":27},"2":{"loc":{"start":{"line":30,"column":12},"end":{"line":30,"column":89}},"type":"cond-expr","locations":[{"start":{"line":30,"column":44},"end":{"line":30,"column":65}},{"start":{"line":30,"column":68},"end":{"line":30,"column":89}}],"line":30},"3":{"loc":{"start":{"line":33,"column":10},"end":{"line":37,"column":9}},"type":"binary-expr","locations":[{"start":{"line":33,"column":10},"end":{"line":33,"column":25}},{"start":{"line":34,"column":10},"end":{"line":36,"column":17}}],"line":33},"4":{"loc":{"start":{"line":34,"column":23},"end":{"line":34,"column":70}},"type":"cond-expr","locations":[{"start":{"line":34,"column":55},"end":{"line":34,"column":61}},{"start":{"line":34,"column":64},"end":{"line":34,"column":70}}],"line":34},"5":{"loc":{"start":{"line":73,"column":12},"end":{"line":73,"column":59}},"type":"cond-expr","locations":[{"start":{"line":73,"column":44},"end":{"line":73,"column":50}},{"start":{"line":73,"column":53},"end":{"line":73,"column":59}}],"line":73},"6":{"loc":{"start":{"line":76,"column":10},"end":{"line":80,"column":9}},"type":"binary-expr","locations":[{"start":{"line":76,"column":10},"end":{"line":76,"column":25}},{"start":{"line":77,"column":10},"end":{"line":79,"column":17}}],"line":76},"7":{"loc":{"start":{"line":77,"column":23},"end":{"line":77,"column":70}},"type":"cond-expr","locations":[{"start":{"line":77,"column":55},"end":{"line":77,"column":61}},{"start":{"line":77,"column":64},"end":{"line":77,"column":70}}],"line":77}},"s":{"0":3,"1":17,"2":17,"3":9,"4":1,"5":1,"6":4,"7":4,"8":0,"9":0,"10":3},"f":{"0":17,"1":1,"2":1,"3":0,"4":0},"b":{"0":[9,4,4],"1":[5,4],"2":[5,4],"3":[9,1],"4":[1,0],"5":[0,4],"6":[4,0],"7":[0,0]},"_coverageSchema":"1a1c01bbd47fc00a2c39e90264f33305004495a9","hash":"b5933bb77ad8462f2963ffb220b82fcedcde670b"}
,"/home/ekoehler/Documents/leonart/mobile/constants/colors.ts": {"path":"/home/ekoehler/Documents/leonart/mobile/constants/colors.ts","statementMap":{"0":{"start":{"line":1,"column":15},"end":{"line":32,"column":1}}},"fnMap":{},"branchMap":{},"s":{"0":3},"f":{},"b":{},"_coverageSchema":"1a1c01bbd47fc00a2c39e90264f33305004495a9","hash":"67239c79a456cee0010c8e3db90fc4f80089ff5a"}
,"/home/ekoehler/Documents/leonart/mobile/constants/conversations.ts": {"path":"/home/ekoehler/Documents/leonart/mobile/constants/conversations.ts","statementMap":{"0":{"start":{"line":22,"column":42},"end":{"line":79,"column":1}},"1":{"start":{"line":81,"column":32},"end":{"line":110,"column":1}}},"fnMap":{},"branchMap":{},"s":{"0":3,"1":3},"f":{},"b":{},"_coverageSchema":"1a1c01bbd47fc00a2c39e90264f33305004495a9","hash":"754c1c1765e357d887cf90ad9138967c86432a7b"}
,"/home/ekoehler/Documents/leonart/mobile/constants/fetch.ts": {"path":"/home/ekoehler/Documents/leonart/mobile/constants/fetch.ts","statementMap":{"0":{"start":{"line":5,"column":24},"end":{"line":5,"column":52}},"1":{"start":{"line":7,"column":12},"end":{"line":19,"column":1}},"2":{"start":{"line":11,"column":4},"end":{"line":11,"column":62}},"3":{"start":{"line":14,"column":21},"end":{"line":14,"column":34}},"4":{"start":{"line":16,"column":2},"end":{"line":18,"column":26}},"5":{"start":{"line":22,"column":13},"end":{"line":40,"column":1}},"6":{"start":{"line":27,"column":4},"end":{"line":27,"column":62}},"7":{"start":{"line":30,"column":2},"end":{"line":32,"column":3}},"8":{"start":{"line":31,"column":4},"end":{"line":31,"column":58}},"9":{"start":{"line":34,"column":21},"end":{"line":34,"column":34}},"10":{"start":{"line":35,"column":2},"end":{"line":35,"column":40}},"11":{"start":{"line":37,"column":2},"end":{"line":39,"column":26}}},"fnMap":{"0":{"name":"(anonymous_0)","decl":{"start":{"line":7,"column":12},"end":{"line":7,"column":13}},"loc":{"start":{"line":13,"column":5},"end":{"line":19,"column":1}},"line":13},"1":{"name":"(anonymous_1)","decl":{"start":{"line":9,"column":40},"end":{"line":9,"column":41}},"loc":{"start":{"line":9,"column":46},"end":{"line":9,"column":48}},"line":9},"2":{"name":"(anonymous_2)","decl":{"start":{"line":10,"column":44},"end":{"line":10,"column":45}},"loc":{"start":{"line":10,"column":56},"end":{"line":12,"column":3}},"line":10},"3":{"name":"(anonymous_3)","decl":{"start":{"line":22,"column":13},"end":{"line":22,"column":14}},"loc":{"start":{"line":29,"column":5},"end":{"line":40,"column":1}},"line":29},"4":{"name":"(anonymous_4)","decl":{"start":{"line":25,"column":40},"end":{"line":25,"column":41}},"loc":{"start":{"line":25,"column":46},"end":{"line":25,"column":48}},"line":25},"5":{"name":"(anonymous_5)","decl":{"start":{"line":26,"column":44},"end":{"line":26,"column":45}},"loc":{"start":{"line":26,"column":56},"end":{"line":28,"column":3}},"line":26}},"branchMap":{"0":{"loc":{"start":{"line":8,"column":2},"end":{"line":8,"column":19}},"type":"default-arg","locations":[{"start":{"line":8,"column":16},"end":{"line":8,"column":19}}],"line":8},"1":{"loc":{"start":{"line":9,"column":2},"end":{"line":9,"column":48}},"type":"default-arg","locations":[{"start":{"line":9,"column":40},"end":{"line":9,"column":48}}],"line":9},"2":{"loc":{"start":{"line":10,"column":2},"end":{"line":12,"column":3}},"type":"default-arg","locations":[{"start":{"line":10,"column":44},"end":{"line":12,"column":3}}],"line":10},"3":{"loc":{"start":{"line":23,"column":2},"end":{"line":23,"column":19}},"type":"default-arg","locations":[{"start":{"line":23,"column":16},"end":{"line":23,"column":19}}],"line":23},"4":{"loc":{"start":{"line":24,"column":2},"end":{"line":24,"column":23}},"type":"default-arg","locations":[{"start":{"line":24,"column":14},"end":{"line":24,"column":23}}],"line":24},"5":{"loc":{"start":{"line":25,"column":2},"end":{"line":25,"column":48}},"type":"default-arg","locations":[{"start":{"line":25,"column":40},"end":{"line":25,"column":48}}],"line":25},"6":{"loc":{"start":{"line":26,"column":2},"end":{"line":28,"column":3}},"type":"default-arg","locations":[{"start":{"line":26,"column":44},"end":{"line":28,"column":3}}],"line":26},"7":{"loc":{"start":{"line":30,"column":2},"end":{"line":32,"column":3}},"type":"if","locations":[{"start":{"line":30,"column":2},"end":{"line":32,"column":3}},{"start":{},"end":{}}],"line":30}},"s":{"0":3,"1":3,"2":0,"3":0,"4":0,"5":3,"6":0,"7":0,"8":0,"9":0,"10":0,"11":0},"f":{"0":0,"1":0,"2":0,"3":0,"4":0,"5":0},"b":{"0":[0],"1":[0],"2":[0],"3":[0],"4":[0],"5":[0],"6":[0],"7":[0,0]},"_coverageSchema":"1a1c01bbd47fc00a2c39e90264f33305004495a9","hash":"eeea196133190b45d1cf477ff18933edaba23a66"}
,"/home/ekoehler/Documents/leonart/mobile/constants/homeValues.ts": {"path":"/home/ekoehler/Documents/leonart/mobile/constants/homeValues.ts","statementMap":{"0":{"start":{"line":7,"column":31},"end":{"line":23,"column":1}},"1":{"start":{"line":25,"column":34},"end":{"line":41,"column":1}}},"fnMap":{},"branchMap":{},"s":{"0":3,"1":3},"f":{},"b":{},"_coverageSchema":"1a1c01bbd47fc00a2c39e90264f33305004495a9","hash":"2806fc72dd625f2356a56802db9e19a579ee13a8"}
,"/home/ekoehler/Documents/leonart/mobile/constants/styles.ts": {"path":"/home/ekoehler/Documents/leonart/mobile/constants/styles.ts","statementMap":{"0":{"start":{"line":11,"column":38},"end":{"line":11,"column":62}},"1":{"start":{"line":12,"column":42},"end":{"line":12,"column":61}},"2":{"start":{"line":13,"column":30},"end":{"line":13,"column":41}},"3":{"start":{"line":16,"column":31},"end":{"line":16,"column":53}},"4":{"start":{"line":17,"column":31},"end":{"line":17,"column":54}},"5":{"start":{"line":18,"column":34},"end":{"line":18,"column":55}},"6":{"start":{"line":19,"column":34},"end":{"line":19,"column":57}},"7":{"start":{"line":20,"column":33},"end":{"line":20,"column":46}},"8":{"start":{"line":21,"column":27},"end":{"line":21,"column":40}},"9":{"start":{"line":22,"column":27},"end":{"line":22,"column":40}},"10":{"start":{"line":23,"column":28},"end":{"line":23,"column":44}},"11":{"start":{"line":24,"column":28},"end":{"line":24,"column":44}},"12":{"start":{"line":25,"column":28},"end":{"line":25,"column":47}},"13":{"start":{"line":26,"column":28},"end":{"line":26,"column":47}},"14":{"start":{"line":27,"column":28},"end":{"line":27,"column":45}},"15":{"start":{"line":28,"column":28},"end":{"line":28,"column":45}},"16":{"start":{"line":29,"column":28},"end":{"line":29,"column":46}},"17":{"start":{"line":30,"column":28},"end":{"line":30,"column":46}},"18":{"start":{"line":33,"column":35},"end":{"line":33,"column":59}},"19":{"start":{"line":34,"column":35},"end":{"line":34,"column":57}},"20":{"start":{"line":35,"column":34},"end":{"line":35,"column":48}},"21":{"start":{"line":36,"column":27},"end":{"line":36,"column":41}},"22":{"start":{"line":37,"column":27},"end":{"line":37,"column":41}},"23":{"start":{"line":38,"column":28},"end":{"line":38,"column":45}},"24":{"start":{"line":39,"column":28},"end":{"line":39,"column":45}},"25":{"start":{"line":40,"column":28},"end":{"line":40,"column":48}},"26":{"start":{"line":41,"column":28},"end":{"line":41,"column":48}},"27":{"start":{"line":42,"column":28},"end":{"line":42,"column":46}},"28":{"start":{"line":43,"column":28},"end":{"line":43,"column":46}},"29":{"start":{"line":44,"column":28},"end":{"line":44,"column":47}},"30":{"start":{"line":45,"column":28},"end":{"line":45,"column":47}},"31":{"start":{"line":48,"column":37},"end":{"line":48,"column":59}},"32":{"start":{"line":49,"column":39},"end":{"line":49,"column":63}}},"fnMap":{},"branchMap":{},"s":{"0":3,"1":3,"2":3,"3":3,"4":3,"5":3,"6":3,"7":3,"8":3,"9":3,"10":3,"11":3,"12":3,"13":3,"14":3,"15":3,"16":3,"17":3,"18":3,"19":3,"20":3,"21":3,"22":3,"23":3,"24":3,"25":3,"26":3,"27":3,"28":3,"29":3,"30":3,"31":3,"32":3},"f":{},"b":{},"_coverageSchema":"1a1c01bbd47fc00a2c39e90264f33305004495a9","hash":"ce0d639b41e28770b344ee993fefca365a0be823"}
,"/home/ekoehler/Documents/leonart/mobile/helpers/DateHelper.ts": {"path":"/home/ekoehler/Documents/leonart/mobile/helpers/DateHelper.ts","statementMap":{"0":{"start":{"line":1,"column":19},"end":{"line":3,"column":1}},"1":{"start":{"line":2,"column":2},"end":{"line":2,"column":90}}},"fnMap":{"0":{"name":"(anonymous_0)","decl":{"start":{"line":1,"column":19},"end":{"line":1,"column":20}},"loc":{"start":{"line":1,"column":44},"end":{"line":3,"column":1}},"line":1}},"branchMap":{},"s":{"0":3,"1":1},"f":{"0":1},"b":{},"_coverageSchema":"1a1c01bbd47fc00a2c39e90264f33305004495a9","hash":"10a2f64b84325dab494db7fcfd072c222eca852c"}
,"/home/ekoehler/Documents/leonart/mobile/navigators/CartNavigator.tsx": {"path":"/home/ekoehler/Documents/leonart/mobile/navigators/CartNavigator.tsx","statementMap":{"0":{"start":{"line":7,"column":22},"end":{"line":18,"column":1}},"1":{"start":{"line":8,"column":16},"end":{"line":8,"column":44}},"2":{"start":{"line":11,"column":18},"end":{"line":11,"column":40}},"3":{"start":{"line":13,"column":2},"end":{"line":17,"column":4}}},"fnMap":{"0":{"name":"(anonymous_0)","decl":{"start":{"line":7,"column":22},"end":{"line":7,"column":23}},"loc":{"start":{"line":7,"column":28},"end":{"line":18,"column":1}},"line":7}},"branchMap":{},"s":{"0":3,"1":0,"2":0,"3":0},"f":{"0":0},"b":{},"_coverageSchema":"1a1c01bbd47fc00a2c39e90264f33305004495a9","hash":"79621033150f1f39173f7532abc4f37d1f0cab66"}
,"/home/ekoehler/Documents/leonart/mobile/navigators/HomeNavigator.tsx": {"path":"/home/ekoehler/Documents/leonart/mobile/navigators/HomeNavigator.tsx","statementMap":{"0":{"start":{"line":7,"column":22},"end":{"line":18,"column":1}},"1":{"start":{"line":8,"column":16},"end":{"line":8,"column":44}},"2":{"start":{"line":11,"column":18},"end":{"line":11,"column":40}},"3":{"start":{"line":13,"column":2},"end":{"line":17,"column":4}}},"fnMap":{"0":{"name":"(anonymous_0)","decl":{"start":{"line":7,"column":22},"end":{"line":7,"column":23}},"loc":{"start":{"line":7,"column":28},"end":{"line":18,"column":1}},"line":7}},"branchMap":{},"s":{"0":3,"1":6,"2":6,"3":6},"f":{"0":6},"b":{},"_coverageSchema":"1a1c01bbd47fc00a2c39e90264f33305004495a9","hash":"71f005399621d6a365cc533e54e675d267509ca5"}
,"/home/ekoehler/Documents/leonart/mobile/navigators/MainNavigator.tsx": {"path":"/home/ekoehler/Documents/leonart/mobile/navigators/MainNavigator.tsx","statementMap":{"0":{"start":{"line":11,"column":22},"end":{"line":37,"column":1}},"1":{"start":{"line":12,"column":14},"end":{"line":12,"column":40}},"2":{"start":{"line":15,"column":18},"end":{"line":15,"column":40}},"3":{"start":{"line":17,"column":2},"end":{"line":36,"column":4}},"4":{"start":{"line":28,"column":12},"end":{"line":28,"column":68}}},"fnMap":{"0":{"name":"(anonymous_0)","decl":{"start":{"line":11,"column":22},"end":{"line":11,"column":23}},"loc":{"start":{"line":11,"column":28},"end":{"line":37,"column":1}},"line":11},"1":{"name":"(anonymous_1)","decl":{"start":{"line":27,"column":22},"end":{"line":27,"column":23}},"loc":{"start":{"line":28,"column":12},"end":{"line":28,"column":68}},"line":28}},"branchMap":{},"s":{"0":3,"1":14,"2":14,"3":14,"4":28},"f":{"0":14,"1":28},"b":{},"_coverageSchema":"1a1c01bbd47fc00a2c39e90264f33305004495a9","hash":"d2bdb2436c6bc1e1f6eb418687f519c498003d00"}
,"/home/ekoehler/Documents/leonart/mobile/navigators/MessageNavigator.tsx": {"path":"/home/ekoehler/Documents/leonart/mobile/navigators/MessageNavigator.tsx","statementMap":{"0":{"start":{"line":6,"column":25},"end":{"line":29,"column":1}},"1":{"start":{"line":7,"column":16},"end":{"line":7,"column":44}},"2":{"start":{"line":10,"column":18},"end":{"line":10,"column":40}},"3":{"start":{"line":12,"column":2},"end":{"line":28,"column":4}}},"fnMap":{"0":{"name":"(anonymous_0)","decl":{"start":{"line":6,"column":25},"end":{"line":6,"column":26}},"loc":{"start":{"line":6,"column":31},"end":{"line":29,"column":1}},"line":6}},"branchMap":{},"s":{"0":3,"1":8,"2":8,"3":8},"f":{"0":8},"b":{},"_coverageSchema":"1a1c01bbd47fc00a2c39e90264f33305004495a9","hash":"0fd0c094a0cf580531bd5828f49b002dfbec54d5"}
,"/home/ekoehler/Documents/leonart/mobile/navigators/ProfileNavigator.tsx": {"path":"/home/ekoehler/Documents/leonart/mobile/navigators/ProfileNavigator.tsx","statementMap":{"0":{"start":{"line":7,"column":25},"end":{"line":18,"column":1}},"1":{"start":{"line":8,"column":16},"end":{"line":8,"column":44}},"2":{"start":{"line":11,"column":18},"end":{"line":11,"column":40}},"3":{"start":{"line":13,"column":2},"end":{"line":17,"column":4}}},"fnMap":{"0":{"name":"(anonymous_0)","decl":{"start":{"line":7,"column":25},"end":{"line":7,"column":26}},"loc":{"start":{"line":7,"column":31},"end":{"line":18,"column":1}},"line":7}},"branchMap":{},"s":{"0":3,"1":0,"2":0,"3":0},"f":{"0":0},"b":{},"_coverageSchema":"1a1c01bbd47fc00a2c39e90264f33305004495a9","hash":"380783b86ee30b87fb6b638ad862607939b29919"}
,"/home/ekoehler/Documents/leonart/mobile/screens/CartScreen.tsx": {"path":"/home/ekoehler/Documents/leonart/mobile/screens/CartScreen.tsx","statementMap":{"0":{"start":{"line":4,"column":19},"end":{"line":8,"column":1}},"1":{"start":{"line":5,"column":2},"end":{"line":7,"column":4}}},"fnMap":{"0":{"name":"(anonymous_0)","decl":{"start":{"line":4,"column":19},"end":{"line":4,"column":20}},"loc":{"start":{"line":4,"column":25},"end":{"line":8,"column":1}},"line":4}},"branchMap":{},"s":{"0":3,"1":0},"f":{"0":0},"b":{},"_coverageSchema":"1a1c01bbd47fc00a2c39e90264f33305004495a9","hash":"8a4399fee2e9744b1530c6fc4431b88d4f95c576"}
,"/home/ekoehler/Documents/leonart/mobile/screens/ComponentsShow.tsx": {"path":"/home/ekoehler/Documents/leonart/mobile/screens/ComponentsShow.tsx","statementMap":{"0":{"start":{"line":11,"column":23},"end":{"line":35,"column":1}},"1":{"start":{"line":12,"column":2},"end":{"line":12,"column":49}},"2":{"start":{"line":12,"column":18},"end":{"line":12,"column":47}},"3":{"start":{"line":14,"column":2},"end":{"line":34,"column":4}}},"fnMap":{"0":{"name":"(anonymous_0)","decl":{"start":{"line":11,"column":23},"end":{"line":11,"column":24}},"loc":{"start":{"line":11,"column":29},"end":{"line":35,"column":1}},"line":11},"1":{"name":"(anonymous_1)","decl":{"start":{"line":12,"column":12},"end":{"line":12,"column":13}},"loc":{"start":{"line":12,"column":18},"end":{"line":12,"column":47}},"line":12}},"branchMap":{},"s":{"0":3,"1":0,"2":0,"3":0},"f":{"0":0,"1":0},"b":{},"_coverageSchema":"1a1c01bbd47fc00a2c39e90264f33305004495a9","hash":"26bf6c4e5213b69a06272716a5953679d926c3d2"}
,"/home/ekoehler/Documents/leonart/mobile/screens/Conversation.tsx": {"path":"/home/ekoehler/Documents/leonart/mobile/screens/Conversation.tsx","statementMap":{"0":{"start":{"line":19,"column":21},"end":{"line":108,"column":1}},"1":{"start":{"line":20,"column":34},"end":{"line":20,"column":74}},"2":{"start":{"line":21,"column":38},"end":{"line":21,"column":58}},"3":{"start":{"line":23,"column":22},"end":{"line":26,"column":3}},"4":{"start":{"line":25,"column":4},"end":{"line":25,"column":21}},"5":{"start":{"line":29,"column":2},"end":{"line":30,"column":9}},"6":{"start":{"line":33,"column":2},"end":{"line":107,"column":4}},"7":{"start":{"line":41,"column":25},"end":{"line":41,"column":44}},"8":{"start":{"line":68,"column":10},"end":{"line":68,"column":80}},"9":{"start":{"line":88,"column":47},"end":{"line":88,"column":68}},"10":{"start":{"line":110,"column":15},"end":{"line":204,"column":2}}},"fnMap":{"0":{"name":"(anonymous_0)","decl":{"start":{"line":19,"column":21},"end":{"line":19,"column":22}},"loc":{"start":{"line":19,"column":53},"end":{"line":108,"column":1}},"line":19},"1":{"name":"(anonymous_1)","decl":{"start":{"line":23,"column":22},"end":{"line":23,"column":23}},"loc":{"start":{"line":23,"column":28},"end":{"line":26,"column":3}},"line":23},"2":{"name":"(anonymous_2)","decl":{"start":{"line":29,"column":12},"end":{"line":29,"column":13}},"loc":{"start":{"line":29,"column":18},"end":{"line":30,"column":3}},"line":29},"3":{"name":"(anonymous_3)","decl":{"start":{"line":41,"column":19},"end":{"line":41,"column":20}},"loc":{"start":{"line":41,"column":25},"end":{"line":41,"column":44}},"line":41},"4":{"name":"(anonymous_4)","decl":{"start":{"line":67,"column":23},"end":{"line":67,"column":24}},"loc":{"start":{"line":68,"column":10},"end":{"line":68,"column":80}},"line":68},"5":{"name":"(anonymous_5)","decl":{"start":{"line":88,"column":27},"end":{"line":88,"column":28}},"loc":{"start":{"line":88,"column":47},"end":{"line":88,"column":68}},"line":88}},"branchMap":{},"s":{"0":3,"1":4,"2":4,"3":4,"4":0,"5":4,"6":4,"7":0,"8":16,"9":1,"10":3},"f":{"0":4,"1":0,"2":3,"3":0,"4":16,"5":1},"b":{},"_coverageSchema":"1a1c01bbd47fc00a2c39e90264f33305004495a9","hash":"eeedaf8b9b1a7d7de5c3199f9a8ab7198824e8f4"}
,"/home/ekoehler/Documents/leonart/mobile/screens/ForgotPassword.tsx": {"path":"/home/ekoehler/Documents/leonart/mobile/screens/ForgotPassword.tsx","statementMap":{"0":{"start":{"line":8,"column":23},"end":{"line":48,"column":1}},"1":{"start":{"line":9,"column":28},"end":{"line":9,"column":67}},"2":{"start":{"line":10,"column":28},"end":{"line":10,"column":67}},"3":{"start":{"line":12,"column":30},"end":{"line":13,"column":3}},"4":{"start":{"line":15,"column":32},"end":{"line":17,"column":3}},"5":{"start":{"line":16,"column":4},"end":{"line":16,"column":33}},"6":{"start":{"line":19,"column":2},"end":{"line":47,"column":4}},"7":{"start":{"line":50,"column":15},"end":{"line":101,"column":2}}},"fnMap":{"0":{"name":"(anonymous_0)","decl":{"start":{"line":8,"column":23},"end":{"line":8,"column":24}},"loc":{"start":{"line":8,"column":48},"end":{"line":48,"column":1}},"line":8},"1":{"name":"(anonymous_1)","decl":{"start":{"line":12,"column":30},"end":{"line":12,"column":31}},"loc":{"start":{"line":12,"column":36},"end":{"line":13,"column":3}},"line":12},"2":{"name":"(anonymous_2)","decl":{"start":{"line":15,"column":32},"end":{"line":15,"column":33}},"loc":{"start":{"line":15,"column":38},"end":{"line":17,"column":3}},"line":15}},"branchMap":{},"s":{"0":3,"1":0,"2":0,"3":0,"4":0,"5":0,"6":0,"7":3},"f":{"0":0,"1":0,"2":0},"b":{},"_coverageSchema":"1a1c01bbd47fc00a2c39e90264f33305004495a9","hash":"62d5c27d26f107439e1257cf0cfb4374647b8f13"}
,"/home/ekoehler/Documents/leonart/mobile/screens/HomeScreen.tsx": {"path":"/home/ekoehler/Documents/leonart/mobile/screens/HomeScreen.tsx","statementMap":{"0":{"start":{"line":19,"column":19},"end":{"line":101,"column":1}},"1":{"start":{"line":20,"column":26},"end":{"line":20,"column":50}},"2":{"start":{"line":21,"column":32},"end":{"line":21,"column":56}},"3":{"start":{"line":22,"column":30},"end":{"line":22,"column":91}},"4":{"start":{"line":22,"column":84},"end":{"line":22,"column":89}},"5":{"start":{"line":25,"column":2},"end":{"line":32,"column":9}},"6":{"start":{"line":27,"column":4},"end":{"line":27,"column":29}},"7":{"start":{"line":28,"column":4},"end":{"line":28,"column":35}},"8":{"start":{"line":31,"column":4},"end":{"line":31,"column":67}},"9":{"start":{"line":34,"column":2},"end":{"line":100,"column":4}},"10":{"start":{"line":56,"column":61},"end":{"line":56,"column":77}},"11":{"start":{"line":57,"column":46},"end":{"line":57,"column":64}},"12":{"start":{"line":72,"column":46},"end":{"line":72,"column":64}},"13":{"start":{"line":74,"column":61},"end":{"line":74,"column":79}},"14":{"start":{"line":103,"column":15},"end":{"line":117,"column":2}}},"fnMap":{"0":{"name":"(anonymous_0)","decl":{"start":{"line":19,"column":19},"end":{"line":19,"column":20}},"loc":{"start":{"line":19,"column":25},"end":{"line":101,"column":1}},"line":19},"1":{"name":"(anonymous_1)","decl":{"start":{"line":22,"column":65},"end":{"line":22,"column":66}},"loc":{"start":{"line":22,"column":84},"end":{"line":22,"column":89}},"line":22},"2":{"name":"(anonymous_2)","decl":{"start":{"line":25,"column":12},"end":{"line":25,"column":13}},"loc":{"start":{"line":25,"column":18},"end":{"line":32,"column":3}},"line":25},"3":{"name":"(anonymous_3)","decl":{"start":{"line":56,"column":24},"end":{"line":56,"column":25}},"loc":{"start":{"line":56,"column":61},"end":{"line":56,"column":77}},"line":56},"4":{"name":"(anonymous_4)","decl":{"start":{"line":57,"column":26},"end":{"line":57,"column":27}},"loc":{"start":{"line":57,"column":46},"end":{"line":57,"column":64}},"line":57},"5":{"name":"(anonymous_5)","decl":{"start":{"line":72,"column":26},"end":{"line":72,"column":27}},"loc":{"start":{"line":72,"column":46},"end":{"line":72,"column":64}},"line":72},"6":{"name":"(anonymous_6)","decl":{"start":{"line":74,"column":24},"end":{"line":74,"column":25}},"loc":{"start":{"line":74,"column":61},"end":{"line":74,"column":79}},"line":74}},"branchMap":{},"s":{"0":3,"1":12,"2":12,"3":12,"4":0,"5":12,"6":6,"7":6,"8":6,"9":12,"10":18,"11":36,"12":36,"13":18,"14":3},"f":{"0":12,"1":0,"2":6,"3":18,"4":36,"5":36,"6":18},"b":{},"_coverageSchema":"1a1c01bbd47fc00a2c39e90264f33305004495a9","hash":"0a367d657a2eabaae141c5f56a117f4d645689ec"}
,"/home/ekoehler/Documents/leonart/mobile/screens/InboxScreen.tsx": {"path":"/home/ekoehler/Documents/leonart/mobile/screens/InboxScreen.tsx","statementMap":{"0":{"start":{"line":14,"column":20},"end":{"line":41,"column":1}},"1":{"start":{"line":15,"column":40},"end":{"line":15,"column":73}},"2":{"start":{"line":17,"column":2},"end":{"line":40,"column":4}},"3":{"start":{"line":27,"column":8},"end":{"line":37,"column":9}},"4":{"start":{"line":28,"column":34},"end":{"line":30,"column":12}},"5":{"start":{"line":31,"column":29},"end":{"line":33,"column":12}},"6":{"start":{"line":34,"column":25},"end":{"line":36,"column":12}},"7":{"start":{"line":43,"column":15},"end":{"line":52,"column":2}}},"fnMap":{"0":{"name":"(anonymous_0)","decl":{"start":{"line":14,"column":20},"end":{"line":14,"column":21}},"loc":{"start":{"line":14,"column":45},"end":{"line":41,"column":1}},"line":14},"1":{"name":"(anonymous_1)","decl":{"start":{"line":26,"column":8},"end":{"line":26,"column":9}},"loc":{"start":{"line":26,"column":14},"end":{"line":38,"column":7}},"line":26}},"branchMap":{"0":{"loc":{"start":{"line":27,"column":8},"end":{"line":37,"column":9}},"type":"switch","locations":[{"start":{"line":28,"column":10},"end":{"line":30,"column":12}},{"start":{"line":31,"column":10},"end":{"line":33,"column":12}},{"start":{"line":34,"column":10},"end":{"line":36,"column":12}}],"line":27}},"s":{"0":3,"1":6,"2":6,"3":6,"4":5,"5":1,"6":0,"7":3},"f":{"0":6,"1":6},"b":{"0":[5,1,0]},"_coverageSchema":"1a1c01bbd47fc00a2c39e90264f33305004495a9","hash":"d9408499fdaff7c1f756071499a6775d45c4e835"}
,"/home/ekoehler/Documents/leonart/mobile/screens/Profile.tsx": {"path":"/home/ekoehler/Documents/leonart/mobile/screens/Profile.tsx","statementMap":{"0":{"start":{"line":4,"column":22},"end":{"line":8,"column":1}},"1":{"start":{"line":5,"column":2},"end":{"line":7,"column":4}}},"fnMap":{"0":{"name":"(anonymous_0)","decl":{"start":{"line":4,"column":22},"end":{"line":4,"column":23}},"loc":{"start":{"line":4,"column":28},"end":{"line":8,"column":1}},"line":4}},"branchMap":{},"s":{"0":3,"1":0},"f":{"0":0},"b":{},"_coverageSchema":"1a1c01bbd47fc00a2c39e90264f33305004495a9","hash":"4f459546ea2d8fed9196931e7d0ae405178a02c4"}
,"/home/ekoehler/Documents/leonart/mobile/screens/Signup.tsx": {"path":"/home/ekoehler/Documents/leonart/mobile/screens/Signup.tsx","statementMap":{"0":{"start":{"line":9,"column":15},"end":{"line":80,"column":1}},"1":{"start":{"line":10,"column":28},"end":{"line":10,"column":67}},"2":{"start":{"line":11,"column":34},"end":{"line":11,"column":73}},"3":{"start":{"line":12,"column":28},"end":{"line":12,"column":67}},"4":{"start":{"line":13,"column":28},"end":{"line":13,"column":67}},"5":{"start":{"line":15,"column":23},"end":{"line":33,"column":3}},"6":{"start":{"line":16,"column":4},"end":{"line":32,"column":6}},"7":{"start":{"line":19,"column":12},"end":{"line":19,"column":39}},"8":{"start":{"line":21,"column":8},"end":{"line":21,"column":63}},"9":{"start":{"line":22,"column":8},"end":{"line":30,"column":9}},"10":{"start":{"line":23,"column":20},"end":{"line":23,"column":51}},"11":{"start":{"line":23,"column":52},"end":{"line":23,"column":58}},"12":{"start":{"line":25,"column":34},"end":{"line":25,"column":94}},"13":{"start":{"line":25,"column":77},"end":{"line":25,"column":82}},"14":{"start":{"line":26,"column":12},"end":{"line":26,"column":36}},"15":{"start":{"line":27,"column":12},"end":{"line":27,"column":18}},"16":{"start":{"line":29,"column":19},"end":{"line":29,"column":88}},"17":{"start":{"line":35,"column":32},"end":{"line":37,"column":3}},"18":{"start":{"line":36,"column":4},"end":{"line":36,"column":33}},"19":{"start":{"line":39,"column":2},"end":{"line":79,"column":4}},"20":{"start":{"line":83,"column":15},"end":{"line":134,"column":2}}},"fnMap":{"0":{"name":"(anonymous_0)","decl":{"start":{"line":9,"column":15},"end":{"line":9,"column":16}},"loc":{"start":{"line":9,"column":40},"end":{"line":80,"column":1}},"line":9},"1":{"name":"(anonymous_1)","decl":{"start":{"line":15,"column":23},"end":{"line":15,"column":24}},"loc":{"start":{"line":15,"column":29},"end":{"line":33,"column":3}},"line":15},"2":{"name":"(anonymous_2)","decl":{"start":{"line":19,"column":6},"end":{"line":19,"column":7}},"loc":{"start":{"line":19,"column":12},"end":{"line":19,"column":39}},"line":19},"3":{"name":"(anonymous_3)","decl":{"start":{"line":20,"column":6},"end":{"line":20,"column":7}},"loc":{"start":{"line":20,"column":22},"end":{"line":31,"column":7}},"line":20},"4":{"name":"(anonymous_4)","decl":{"start":{"line":25,"column":65},"end":{"line":25,"column":66}},"loc":{"start":{"line":25,"column":77},"end":{"line":25,"column":82}},"line":25},"5":{"name":"(anonymous_5)","decl":{"start":{"line":35,"column":32},"end":{"line":35,"column":33}},"loc":{"start":{"line":35,"column":38},"end":{"line":37,"column":3}},"line":35}},"branchMap":{"0":{"loc":{"start":{"line":22,"column":8},"end":{"line":30,"column":9}},"type":"switch","locations":[{"start":{"line":23,"column":10},"end":{"line":23,"column":58}},{"start":{"line":24,"column":10},"end":{"line":28,"column":11}},{"start":{"line":29,"column":10},"end":{"line":29,"column":88}}],"line":22}},"s":{"0":3,"1":0,"2":0,"3":0,"4":0,"5":0,"6":0,"7":0,"8":0,"9":0,"10":0,"11":0,"12":0,"13":0,"14":0,"15":0,"16":0,"17":0,"18":0,"19":0,"20":3},"f":{"0":0,"1":0,"2":0,"3":0,"4":0,"5":0},"b":{"0":[0,0,0]},"_coverageSchema":"1a1c01bbd47fc00a2c39e90264f33305004495a9","hash":"d64edb1f9c91a6ce5c8d4cb54542966167824ca9"}
,"/home/ekoehler/Documents/leonart/mobile/screens/LoginPage/LoginPage.tsx": {"path":"/home/ekoehler/Documents/leonart/mobile/screens/LoginPage/LoginPage.tsx","statementMap":{"0":{"start":{"line":12,"column":14},"end":{"line":127,"column":1}},"1":{"start":{"line":13,"column":28},"end":{"line":13,"column":67}},"2":{"start":{"line":14,"column":34},"end":{"line":14,"column":73}},"3":{"start":{"line":15,"column":42},"end":{"line":15,"column":57}},"4":{"start":{"line":17,"column":22},"end":{"line":21,"column":3}},"5":{"start":{"line":18,"column":4},"end":{"line":20,"column":7}},"6":{"start":{"line":19,"column":6},"end":{"line":19,"column":52}},"7":{"start":{"line":23,"column":28},"end":{"line":25,"column":3}},"8":{"start":{"line":27,"column":25},"end":{"line":29,"column":3}},"9":{"start":{"line":28,"column":4},"end":{"line":28,"column":34}},"10":{"start":{"line":31,"column":28},"end":{"line":33,"column":3}},"11":{"start":{"line":32,"column":4},"end":{"line":32,"column":20}},"12":{"start":{"line":35,"column":31},"end":{"line":37,"column":3}},"13":{"start":{"line":36,"column":4},"end":{"line":36,"column":23}},"14":{"start":{"line":39,"column":31},"end":{"line":41,"column":3}},"15":{"start":{"line":40,"column":4},"end":{"line":40,"column":35}},"16":{"start":{"line":43,"column":38},"end":{"line":43,"column":53}},"17":{"start":{"line":45,"column":33},"end":{"line":47,"column":3}},"18":{"start":{"line":46,"column":4},"end":{"line":46,"column":31}},"19":{"start":{"line":49,"column":2},"end":{"line":126,"column":4}},"20":{"start":{"line":78,"column":29},"end":{"line":78,"column":59}},"21":{"start":{"line":129,"column":15},"end":{"line":260,"column":2}}},"fnMap":{"0":{"name":"(anonymous_0)","decl":{"start":{"line":12,"column":14},"end":{"line":12,"column":15}},"loc":{"start":{"line":12,"column":39},"end":{"line":127,"column":1}},"line":12},"1":{"name":"(anonymous_1)","decl":{"start":{"line":17,"column":22},"end":{"line":17,"column":23}},"loc":{"start":{"line":17,"column":28},"end":{"line":21,"column":3}},"line":17},"2":{"name":"(anonymous_2)","decl":{"start":{"line":18,"column":49},"end":{"line":18,"column":50}},"loc":{"start":{"line":18,"column":68},"end":{"line":20,"column":5}},"line":18},"3":{"name":"(anonymous_3)","decl":{"start":{"line":23,"column":28},"end":{"line":23,"column":29}},"loc":{"start":{"line":23,"column":34},"end":{"line":25,"column":3}},"line":23},"4":{"name":"(anonymous_4)","decl":{"start":{"line":27,"column":25},"end":{"line":27,"column":26}},"loc":{"start":{"line":27,"column":31},"end":{"line":29,"column":3}},"line":27},"5":{"name":"(anonymous_5)","decl":{"start":{"line":31,"column":28},"end":{"line":31,"column":29}},"loc":{"start":{"line":31,"column":47},"end":{"line":33,"column":3}},"line":31},"6":{"name":"(anonymous_6)","decl":{"start":{"line":35,"column":31},"end":{"line":35,"column":32}},"loc":{"start":{"line":35,"column":50},"end":{"line":37,"column":3}},"line":35},"7":{"name":"(anonymous_7)","decl":{"start":{"line":39,"column":31},"end":{"line":39,"column":32}},"loc":{"start":{"line":39,"column":37},"end":{"line":41,"column":3}},"line":39},"8":{"name":"(anonymous_8)","decl":{"start":{"line":45,"column":33},"end":{"line":45,"column":34}},"loc":{"start":{"line":45,"column":39},"end":{"line":47,"column":3}},"line":45},"9":{"name":"(anonymous_9)","decl":{"start":{"line":78,"column":23},"end":{"line":78,"column":24}},"loc":{"start":{"line":78,"column":29},"end":{"line":78,"column":59}},"line":78}},"branchMap":{"0":{"loc":{"start":{"line":76,"column":11},"end":{"line":84,"column":18}},"type":"cond-expr","locations":[{"start":{"line":77,"column":12},"end":{"line":83,"column":31}},{"start":{"line":84,"column":14},"end":{"line":84,"column":18}}],"line":76}},"s":{"0":3,"1":0,"2":0,"3":0,"4":0,"5":0,"6":0,"7":0,"8":0,"9":0,"10":0,"11":0,"12":0,"13":0,"14":0,"15":0,"16":0,"17":0,"18":0,"19":0,"20":0,"21":3},"f":{"0":0,"1":0,"2":0,"3":0,"4":0,"5":0,"6":0,"7":0,"8":0,"9":0},"b":{"0":[0,0]},"_coverageSchema":"1a1c01bbd47fc00a2c39e90264f33305004495a9","hash":"04c0975ab5e0f66e75b76ba5341aa0cfede53b16"}
}
