{"C:\\Users\\cross\\Desktop\\Epitech\\EIP\\Mobile\\App.tsx": {"path":"C:\\Users\\cross\\Desktop\\Epitech\\EIP\\Mobile\\App.tsx","statementMap":{"0":{"start":{"line":15,"column":12},"end":{"line":44,"column":1}},"1":{"start":{"line":16,"column":17},"end":{"line":16,"column":45}},"2":{"start":{"line":18,"column":2},"end":{"line":20,"column":9}},"3":{"start":{"line":23,"column":20},"end":{"line":23,"column":24}},"4":{"start":{"line":24,"column":28},"end":{"line":24,"column":33}},"5":{"start":{"line":27,"column":18},"end":{"line":27,"column":40}},"6":{"start":{"line":29,"column":2},"end":{"line":43,"column":4}}},"fnMap":{"0":{"name":"(anonymous_0)","decl":{"start":{"line":15,"column":12},"end":{"line":15,"column":13}},"loc":{"start":{"line":15,"column":18},"end":{"line":44,"column":1}},"line":15},"1":{"name":"(anonymous_1)","decl":{"start":{"line":18,"column":12},"end":{"line":18,"column":13}},"loc":{"start":{"line":18,"column":18},"end":{"line":20,"column":3}},"line":18}},"branchMap":{"0":{"loc":{"start":{"line":29,"column":9},"end":{"line":43,"column":3}},"type":"cond-expr","locations":[{"start":{"line":30,"column":4},"end":{"line":30,"column":22}},{"start":{"line":32,"column":4},"end":{"line":42,"column":26}}],"line":29},"1":{"loc":{"start":{"line":33,"column":41},"end":{"line":33,"column":71}},"type":"cond-expr","locations":[{"start":{"line":33,"column":55},"end":{"line":33,"column":61}},{"start":{"line":33,"column":64},"end":{"line":33,"column":71}}],"line":33}},"s":{"0":2,"1":2,"2":2,"3":2,"4":2,"5":2,"6":2},"f":{"0":2,"1":2},"b":{"0":[0,2],"1":[2,0]},"_coverageSchema":"1a1c01bbd47fc00a2c39e90264f33305004495a9","hash":"154573ad465dccedb036c3fb0a2b47dc2971837a"}
,"C:\\Users\\cross\\Desktop\\Epitech\\EIP\\Mobile\\components\\ArtistCard.tsx": {"path":"C:\\Users\\cross\\Desktop\\Epitech\\EIP\\Mobile\\components\\ArtistCard.tsx","statementMap":{"0":{"start":{"line":105,"column":19},"end":{"line":119,"column":1}},"1":{"start":{"line":110,"column":2},"end":{"line":118,"column":21}},"2":{"start":{"line":121,"column":15},"end":{"line":136,"column":2}}},"fnMap":{"0":{"name":"(anonymous_0)","decl":{"start":{"line":105,"column":19},"end":{"line":105,"column":20}},"loc":{"start":{"line":110,"column":2},"end":{"line":118,"column":21}},"line":110},"1":{"name":"(anonymous_1)","decl":{"start":{"line":106,"column":12},"end":{"line":106,"column":13}},"loc":{"start":{"line":106,"column":18},"end":{"line":106,"column":20}},"line":106}},"branchMap":{"0":{"loc":{"start":{"line":106,"column":2},"end":{"line":106,"column":20}},"type":"default-arg","locations":[{"start":{"line":106,"column":12},"end":{"line":106,"column":20}}],"line":106}},"s":{"0":3,"1":6,"2":3},"f":{"0":6,"1":0},"b":{"0":[0]},"_coverageSchema":"1a1c01bbd47fc00a2c39e90264f33305004495a9","hash":"c81442274fb0a04b0154a2d1b17ba52cd5e1394b"}
,"C:\\Users\\cross\\Desktop\\Epitech\\EIP\\Mobile\\components\\Button.tsx": {"path":"C:\\Users\\cross\\Desktop\\Epitech\\EIP\\Mobile\\components\\Button.tsx","statementMap":{"0":{"start":{"line":15,"column":15},"end":{"line":44,"column":1}},"1":{"start":{"line":24,"column":2},"end":{"line":43,"column":21}},"2":{"start":{"line":46,"column":15},"end":{"line":73,"column":2}}},"fnMap":{"0":{"name":"(anonymous_0)","decl":{"start":{"line":15,"column":15},"end":{"line":15,"column":16}},"loc":{"start":{"line":24,"column":2},"end":{"line":43,"column":21}},"line":24},"1":{"name":"(anonymous_1)","decl":{"start":{"line":16,"column":12},"end":{"line":16,"column":13}},"loc":{"start":{"line":16,"column":18},"end":{"line":16,"column":20}},"line":16}},"branchMap":{"0":{"loc":{"start":{"line":16,"column":2},"end":{"line":16,"column":20}},"type":"default-arg","locations":[{"start":{"line":16,"column":12},"end":{"line":16,"column":20}}],"line":16},"1":{"loc":{"start":{"line":17,"column":2},"end":{"line":17,"column":12}},"type":"default-arg","locations":[{"start":{"line":17,"column":10},"end":{"line":17,"column":12}}],"line":17},"2":{"loc":{"start":{"line":18,"column":2},"end":{"line":18,"column":22}},"type":"default-arg","locations":[{"start":{"line":18,"column":10},"end":{"line":18,"column":22}}],"line":18},"3":{"loc":{"start":{"line":19,"column":2},"end":{"line":19,"column":16}},"type":"default-arg","locations":[{"start":{"line":19,"column":14},"end":{"line":19,"column":16}}],"line":19},"4":{"loc":{"start":{"line":20,"column":2},"end":{"line":20,"column":19}},"type":"default-arg","locations":[{"start":{"line":20,"column":14},"end":{"line":20,"column":19}}],"line":20},"5":{"loc":{"start":{"line":21,"column":2},"end":{"line":21,"column":18}},"type":"default-arg","locations":[{"start":{"line":21,"column":13},"end":{"line":21,"column":18}}],"line":21},"6":{"loc":{"start":{"line":22,"column":2},"end":{"line":22,"column":18}},"type":"default-arg","locations":[{"start":{"line":22,"column":13},"end":{"line":22,"column":18}}],"line":22},"7":{"loc":{"start":{"line":30,"column":6},"end":{"line":30,"column":49}},"type":"binary-expr","locations":[{"start":{"line":30,"column":6},"end":{"line":30,"column":15}},{"start":{"line":30,"column":19},"end":{"line":30,"column":49}}],"line":30},"8":{"loc":{"start":{"line":31,"column":6},"end":{"line":31,"column":47}},"type":"binary-expr","locations":[{"start":{"line":31,"column":6},"end":{"line":31,"column":14}},{"start":{"line":31,"column":18},"end":{"line":31,"column":47}}],"line":31},"9":{"loc":{"start":{"line":37,"column":6},"end":{"line":37,"column":44}},"type":"binary-expr","locations":[{"start":{"line":37,"column":6},"end":{"line":37,"column":15}},{"start":{"line":37,"column":19},"end":{"line":37,"column":44}}],"line":37},"10":{"loc":{"start":{"line":38,"column":6},"end":{"line":38,"column":42}},"type":"binary-expr","locations":[{"start":{"line":38,"column":6},"end":{"line":38,"column":14}},{"start":{"line":38,"column":18},"end":{"line":38,"column":42}}],"line":38}},"s":{"0":9,"1":32,"2":9},"f":{"0":32,"1":3},"b":{"0":[9],"1":[9],"2":[0],"3":[9],"4":[30],"5":[30],"6":[32],"7":[32,2],"8":[32,2],"9":[32,2],"10":[32,2]},"_coverageSchema":"1a1c01bbd47fc00a2c39e90264f33305004495a9","hash":"40b7464ec723b3e41feb2401cf362a2890b50a8d"}
,"C:\\Users\\cross\\Desktop\\Epitech\\EIP\\Mobile\\components\\Card.tsx": {"path":"C:\\Users\\cross\\Desktop\\Epitech\\EIP\\Mobile\\components\\Card.tsx","statementMap":{"0":{"start":{"line":11,"column":13},"end":{"line":21,"column":1}},"1":{"start":{"line":16,"column":2},"end":{"line":20,"column":4}},"2":{"start":{"line":23,"column":15},"end":{"line":32,"column":2}}},"fnMap":{"0":{"name":"(anonymous_0)","decl":{"start":{"line":11,"column":13},"end":{"line":11,"column":14}},"loc":{"start":{"line":15,"column":17},"end":{"line":21,"column":1}},"line":15}},"branchMap":{"0":{"loc":{"start":{"line":12,"column":2},"end":{"line":12,"column":12}},"type":"default-arg","locations":[{"start":{"line":12,"column":10},"end":{"line":12,"column":12}}],"line":12},"1":{"loc":{"start":{"line":13,"column":2},"end":{"line":13,"column":22}},"type":"default-arg","locations":[{"start":{"line":13,"column":13},"end":{"line":13,"column":22}}],"line":13},"2":{"loc":{"start":{"line":14,"column":2},"end":{"line":14,"column":8}},"type":"default-arg","locations":[{"start":{"line":14,"column":7},"end":{"line":14,"column":8}}],"line":14},"3":{"loc":{"start":{"line":18,"column":8},"end":{"line":18,"column":28}},"type":"binary-expr","locations":[{"start":{"line":18,"column":8},"end":{"line":18,"column":16}},{"start":{"line":18,"column":20},"end":{"line":18,"column":28}}],"line":18}},"s":{"0":4,"1":18,"2":4},"f":{"0":18},"b":{"0":[6],"1":[0],"2":[12],"3":[18,18]},"_coverageSchema":"1a1c01bbd47fc00a2c39e90264f33305004495a9","hash":"27016ac2c816bd24b8cb487770929a19be4c779b"}
,"C:\\Users\\cross\\Desktop\\Epitech\\EIP\\Mobile\\components\\Input.tsx": {"path":"C:\\Users\\cross\\Desktop\\Epitech\\EIP\\Mobile\\components\\Input.tsx","statementMap":{"0":{"start":{"line":16,"column":14},"end":{"line":54,"column":1}},"1":{"start":{"line":26,"column":36},"end":{"line":26,"column":59}},"2":{"start":{"line":28,"column":21},"end":{"line":31,"column":3}},"3":{"start":{"line":29,"column":4},"end":{"line":29,"column":28}},"4":{"start":{"line":30,"column":4},"end":{"line":30,"column":36}},"5":{"start":{"line":33,"column":2},"end":{"line":37,"column":14}},"6":{"start":{"line":34,"column":4},"end":{"line":36,"column":5}},"7":{"start":{"line":35,"column":6},"end":{"line":35,"column":23}},"8":{"start":{"line":39,"column":2},"end":{"line":53,"column":4}},"9":{"start":{"line":56,"column":15},"end":{"line":74,"column":2}}},"fnMap":{"0":{"name":"(anonymous_0)","decl":{"start":{"line":16,"column":14},"end":{"line":16,"column":15}},"loc":{"start":{"line":25,"column":18},"end":{"line":54,"column":1}},"line":25},"1":{"name":"(anonymous_1)","decl":{"start":{"line":19,"column":18},"end":{"line":19,"column":19}},"loc":{"start":{"line":19,"column":33},"end":{"line":19,"column":35}},"line":19},"2":{"name":"(anonymous_2)","decl":{"start":{"line":22,"column":12},"end":{"line":22,"column":13}},"loc":{"start":{"line":22,"column":18},"end":{"line":22,"column":20}},"line":22},"3":{"name":"(anonymous_3)","decl":{"start":{"line":28,"column":21},"end":{"line":28,"column":22}},"loc":{"start":{"line":28,"column":44},"end":{"line":31,"column":3}},"line":28},"4":{"name":"(anonymous_4)","decl":{"start":{"line":33,"column":12},"end":{"line":33,"column":13}},"loc":{"start":{"line":33,"column":18},"end":{"line":37,"column":3}},"line":33}},"branchMap":{"0":{"loc":{"start":{"line":17,"column":2},"end":{"line":17,"column":42}},"type":"default-arg","locations":[{"start":{"line":17,"column":16},"end":{"line":17,"column":42}}],"line":17},"1":{"loc":{"start":{"line":18,"column":2},"end":{"line":18,"column":12}},"type":"default-arg","locations":[{"start":{"line":18,"column":10},"end":{"line":18,"column":12}}],"line":18},"2":{"loc":{"start":{"line":19,"column":2},"end":{"line":19,"column":35}},"type":"default-arg","locations":[{"start":{"line":19,"column":18},"end":{"line":19,"column":35}}],"line":19},"3":{"loc":{"start":{"line":20,"column":2},"end":{"line":20,"column":24}},"type":"default-arg","locations":[{"start":{"line":20,"column":20},"end":{"line":20,"column":24}}],"line":20},"4":{"loc":{"start":{"line":21,"column":2},"end":{"line":21,"column":12}},"type":"default-arg","locations":[{"start":{"line":21,"column":10},"end":{"line":21,"column":12}}],"line":21},"5":{"loc":{"start":{"line":22,"column":2},"end":{"line":22,"column":20}},"type":"default-arg","locations":[{"start":{"line":22,"column":12},"end":{"line":22,"column":20}}],"line":22},"6":{"loc":{"start":{"line":23,"column":2},"end":{"line":23,"column":15}},"type":"default-arg","locations":[{"start":{"line":23,"column":10},"end":{"line":23,"column":15}}],"line":23},"7":{"loc":{"start":{"line":24,"column":2},"end":{"line":24,"column":18}},"type":"default-arg","locations":[{"start":{"line":24,"column":13},"end":{"line":24,"column":18}}],"line":24},"8":{"loc":{"start":{"line":34,"column":4},"end":{"line":36,"column":5}},"type":"if","locations":[{"start":{"line":34,"column":4},"end":{"line":36,"column":5}},{"start":{},"end":{}}],"line":34},"9":{"loc":{"start":{"line":45,"column":28},"end":{"line":45,"column":77}},"type":"cond-expr","locations":[{"start":{"line":45,"column":39},"end":{"line":45,"column":56}},{"start":{"line":45,"column":59},"end":{"line":45,"column":77}}],"line":45},"10":{"loc":{"start":{"line":48,"column":8},"end":{"line":48,"column":29}},"type":"binary-expr","locations":[{"start":{"line":48,"column":8},"end":{"line":48,"column":13}},{"start":{"line":48,"column":17},"end":{"line":48,"column":29}}],"line":48},"11":{"loc":{"start":{"line":49,"column":8},"end":{"line":49,"column":35}},"type":"binary-expr","locations":[{"start":{"line":49,"column":8},"end":{"line":49,"column":16}},{"start":{"line":49,"column":20},"end":{"line":49,"column":35}}],"line":49}},"s":{"0":6,"1":23,"2":23,"3":5,"4":5,"5":23,"6":12,"7":0,"8":23,"9":6},"f":{"0":23,"1":0,"2":0,"3":5,"4":12},"b":{"0":[0],"1":[23],"2":[2],"3":[23],"4":[2],"5":[23],"6":[23],"7":[23],"8":[0,12],"9":[0,23],"10":[23,0],"11":[23,0]},"_coverageSchema":"1a1c01bbd47fc00a2c39e90264f33305004495a9","hash":"04b3b38c70e493d5daa69c5ffe1b1b2ccd99a88a"}
,"C:\\Users\\cross\\Desktop\\Epitech\\EIP\\Mobile\\components\\NewsCard.tsx": {"path":"C:\\Users\\cross\\Desktop\\Epitech\\EIP\\Mobile\\components\\NewsCard.tsx","statementMap":{"0":{"start":{"line":7,"column":17},"end":{"line":18,"column":1}},"1":{"start":{"line":8,"column":2},"end":{"line":17,"column":9}},"2":{"start":{"line":20,"column":15},"end":{"line":48,"column":2}}},"fnMap":{"0":{"name":"(anonymous_0)","decl":{"start":{"line":7,"column":17},"end":{"line":7,"column":18}},"loc":{"start":{"line":8,"column":2},"end":{"line":17,"column":9}},"line":8}},"branchMap":{},"s":{"0":3,"1":6,"2":3},"f":{"0":6},"b":{},"_coverageSchema":"1a1c01bbd47fc00a2c39e90264f33305004495a9","hash":"43fb56789f35677d75443d2152415922a358526c"}
,"C:\\Users\\cross\\Desktop\\Epitech\\EIP\\Mobile\\components\\Title.tsx": {"path":"C:\\Users\\cross\\Desktop\\Epitech\\EIP\\Mobile\\components\\Title.tsx","statementMap":{"0":{"start":{"line":11,"column":14},"end":{"line":33,"column":1}},"1":{"start":{"line":17,"column":22},"end":{"line":21,"column":3}},"2":{"start":{"line":18,"column":4},"end":{"line":20,"column":5}},"3":{"start":{"line":23,"column":2},"end":{"line":32,"column":4}},"4":{"start":{"line":35,"column":15},"end":{"line":44,"column":2}}},"fnMap":{"0":{"name":"(anonymous_0)","decl":{"start":{"line":11,"column":14},"end":{"line":11,"column":15}},"loc":{"start":{"line":16,"column":18},"end":{"line":33,"column":1}},"line":16},"1":{"name":"(anonymous_1)","decl":{"start":{"line":17,"column":22},"end":{"line":17,"column":23}},"loc":{"start":{"line":17,"column":28},"end":{"line":21,"column":3}},"line":17}},"branchMap":{"0":{"loc":{"start":{"line":12,"column":2},"end":{"line":12,"column":20}},"type":"default-arg","locations":[{"start":{"line":12,"column":13},"end":{"line":12,"column":20}}],"line":12},"1":{"loc":{"start":{"line":13,"column":2},"end":{"line":13,"column":12}},"type":"default-arg","locations":[{"start":{"line":13,"column":10},"end":{"line":13,"column":12}}],"line":13},"2":{"loc":{"start":{"line":14,"column":2},"end":{"line":14,"column":13}},"type":"default-arg","locations":[{"start":{"line":14,"column":9},"end":{"line":14,"column":13}}],"line":14},"3":{"loc":{"start":{"line":15,"column":2},"end":{"line":15,"column":11}},"type":"default-arg","locations":[{"start":{"line":15,"column":9},"end":{"line":15,"column":11}}],"line":15},"4":{"loc":{"start":{"line":26,"column":6},"end":{"line":26,"column":25}},"type":"binary-expr","locations":[{"start":{"line":26,"column":6},"end":{"line":26,"column":10}},{"start":{"line":26,"column":14},"end":{"line":26,"column":25}}],"line":26},"5":{"loc":{"start":{"line":27,"column":6},"end":{"line":27,"column":34}},"type":"binary-expr","locations":[{"start":{"line":27,"column":6},"end":{"line":27,"column":17}},{"start":{"line":27,"column":21},"end":{"line":27,"column":34}}],"line":27}},"s":{"0":8,"1":81,"2":24,"3":81,"4":8},"f":{"0":81,"1":24},"b":{"0":[0],"1":[18],"2":[79],"3":[57],"4":[81,81],"5":[81,24]},"_coverageSchema":"1a1c01bbd47fc00a2c39e90264f33305004495a9","hash":"a402daf46d71a6ec5f9c1fea99de7eb4cad72835"}
,"C:\\Users\\cross\\Desktop\\Epitech\\EIP\\Mobile\\components\\inbox\\CartComponent.tsx": {"path":"C:\\Users\\cross\\Desktop\\Epitech\\EIP\\Mobile\\components\\inbox\\CartComponent.tsx","statementMap":{"0":{"start":{"line":5,"column":22},"end":{"line":11,"column":1}},"1":{"start":{"line":6,"column":2},"end":{"line":10,"column":3}},"2":{"start":{"line":13,"column":15},"end":{"line":18,"column":2}}},"fnMap":{"0":{"name":"(anonymous_0)","decl":{"start":{"line":5,"column":22},"end":{"line":5,"column":23}},"loc":{"start":{"line":5,"column":28},"end":{"line":11,"column":1}},"line":5}},"branchMap":{},"s":{"0":3,"1":0,"2":3},"f":{"0":0},"b":{},"_coverageSchema":"1a1c01bbd47fc00a2c39e90264f33305004495a9","hash":"691018d6c1c1ac284860286d81cc38d5f596f2f4"}
,"C:\\Users\\cross\\Desktop\\Epitech\\EIP\\Mobile\\components\\inbox\\CommandsComponent.tsx": {"path":"C:\\Users\\cross\\Desktop\\Epitech\\EIP\\Mobile\\components\\inbox\\CommandsComponent.tsx","statementMap":{"0":{"start":{"line":5,"column":26},"end":{"line":11,"column":1}},"1":{"start":{"line":6,"column":2},"end":{"line":10,"column":4}},"2":{"start":{"line":13,"column":15},"end":{"line":18,"column":2}}},"fnMap":{"0":{"name":"(anonymous_0)","decl":{"start":{"line":5,"column":26},"end":{"line":5,"column":27}},"loc":{"start":{"line":5,"column":32},"end":{"line":11,"column":1}},"line":5}},"branchMap":{},"s":{"0":3,"1":0,"2":3},"f":{"0":0},"b":{},"_coverageSchema":"1a1c01bbd47fc00a2c39e90264f33305004495a9","hash":"f8e5acfd6fc0385b6282df36bd638c5aceadf499"}
,"C:\\Users\\cross\\Desktop\\Epitech\\EIP\\Mobile\\components\\inbox\\ConversationsComponent.tsx": {"path":"C:\\Users\\cross\\Desktop\\Epitech\\EIP\\Mobile\\components\\inbox\\ConversationsComponent.tsx","statementMap":{"0":{"start":{"line":19,"column":31},"end":{"line":56,"column":1}},"1":{"start":{"line":20,"column":21},"end":{"line":20,"column":36}},"2":{"start":{"line":21,"column":44},"end":{"line":21,"column":87}},"3":{"start":{"line":23,"column":2},"end":{"line":55,"column":3}},"4":{"start":{"line":26,"column":8},"end":{"line":52,"column":27}},"5":{"start":{"line":29,"column":25},"end":{"line":29,"column":122}},"6":{"start":{"line":58,"column":15},"end":{"line":87,"column":2}}},"fnMap":{"0":{"name":"(anonymous_0)","decl":{"start":{"line":19,"column":31},"end":{"line":19,"column":32}},"loc":{"start":{"line":19,"column":37},"end":{"line":56,"column":1}},"line":19},"1":{"name":"(anonymous_1)","decl":{"start":{"line":25,"column":26},"end":{"line":25,"column":27}},"loc":{"start":{"line":26,"column":8},"end":{"line":52,"column":27}},"line":26},"2":{"name":"(anonymous_2)","decl":{"start":{"line":29,"column":19},"end":{"line":29,"column":20}},"loc":{"start":{"line":29,"column":25},"end":{"line":29,"column":122}},"line":29}},"branchMap":{"0":{"loc":{"start":{"line":36,"column":33},"end":{"line":36,"column":84}},"type":"cond-expr","locations":[{"start":{"line":36,"column":55},"end":{"line":36,"column":69}},{"start":{"line":36,"column":72},"end":{"line":36,"column":84}}],"line":36},"1":{"loc":{"start":{"line":46,"column":28},"end":{"line":46,"column":67}},"type":"cond-expr","locations":[{"start":{"line":46,"column":50},"end":{"line":46,"column":56}},{"start":{"line":46,"column":59},"end":{"line":46,"column":67}}],"line":46}},"s":{"0":3,"1":3,"2":0,"3":0,"4":0,"5":0,"6":3},"f":{"0":3,"1":0,"2":0},"b":{"0":[0,0],"1":[0,0]},"_coverageSchema":"1a1c01bbd47fc00a2c39e90264f33305004495a9","hash":"fd57dfa24f080d27055e78a4b0bd30777ec75071"}
,"C:\\Users\\cross\\Desktop\\Epitech\\EIP\\Mobile\\components\\inbox\\MessageTabs.tsx": {"path":"C:\\Users\\cross\\Desktop\\Epitech\\EIP\\Mobile\\components\\inbox\\MessageTabs.tsx","statementMap":{"0":{"start":{"line":10,"column":24},"end":{"line":23,"column":1}},"1":{"start":{"line":25,"column":20},"end":{"line":47,"column":1}},"2":{"start":{"line":29,"column":2},"end":{"line":46,"column":4}},"3":{"start":{"line":32,"column":8},"end":{"line":43,"column":27}},"4":{"start":{"line":38,"column":25},"end":{"line":38,"column":42}},"5":{"start":{"line":49,"column":15},"end":{"line":62,"column":2}}},"fnMap":{"0":{"name":"(anonymous_0)","decl":{"start":{"line":25,"column":20},"end":{"line":25,"column":21}},"loc":{"start":{"line":28,"column":11},"end":{"line":47,"column":1}},"line":28},"1":{"name":"(anonymous_1)","decl":{"start":{"line":27,"column":14},"end":{"line":27,"column":15}},"loc":{"start":{"line":27,"column":29},"end":{"line":27,"column":31}},"line":27},"2":{"name":"(anonymous_2)","decl":{"start":{"line":31,"column":17},"end":{"line":31,"column":18}},"loc":{"start":{"line":32,"column":8},"end":{"line":43,"column":27}},"line":32},"3":{"name":"(anonymous_3)","decl":{"start":{"line":38,"column":19},"end":{"line":38,"column":20}},"loc":{"start":{"line":38,"column":25},"end":{"line":38,"column":42}},"line":38}},"branchMap":{"0":{"loc":{"start":{"line":26,"column":2},"end":{"line":26,"column":26}},"type":"default-arg","locations":[{"start":{"line":26,"column":11},"end":{"line":26,"column":26}}],"line":26},"1":{"loc":{"start":{"line":27,"column":2},"end":{"line":27,"column":31}},"type":"default-arg","locations":[{"start":{"line":27,"column":14},"end":{"line":27,"column":31}}],"line":27},"2":{"loc":{"start":{"line":36,"column":31},"end":{"line":36,"column":88}},"type":"cond-expr","locations":[{"start":{"line":36,"column":51},"end":{"line":36,"column":68}},{"start":{"line":36,"column":71},"end":{"line":36,"column":88}}],"line":36},"3":{"loc":{"start":{"line":41,"column":28},"end":{"line":41,"column":80}},"type":"cond-expr","locations":[{"start":{"line":41,"column":48},"end":{"line":41,"column":60}},{"start":{"line":41,"column":63},"end":{"line":41,"column":80}}],"line":41}},"s":{"0":3,"1":3,"2":2,"3":6,"4":0,"5":3},"f":{"0":2,"1":0,"2":6,"3":0},"b":{"0":[0],"1":[0],"2":[2,4],"3":[2,4]},"_coverageSchema":"1a1c01bbd47fc00a2c39e90264f33305004495a9","hash":"30ceecdfcd43fd6ad2cfbd332beac21f8996b252"}
,"C:\\Users\\cross\\Desktop\\Epitech\\EIP\\Mobile\\constants\\colors.ts": {"path":"C:\\Users\\cross\\Desktop\\Epitech\\EIP\\Mobile\\constants\\colors.ts","statementMap":{"0":{"start":{"line":1,"column":15},"end":{"line":23,"column":1}}},"fnMap":{},"branchMap":{},"s":{"0":11},"f":{},"b":{},"_coverageSchema":"1a1c01bbd47fc00a2c39e90264f33305004495a9","hash":"af6c2a53ade6b26342e715c787cf0a5237ce1e90"}
,"C:\\Users\\cross\\Desktop\\Epitech\\EIP\\Mobile\\constants\\conversations.ts": {"path":"C:\\Users\\cross\\Desktop\\Epitech\\EIP\\Mobile\\constants\\conversations.ts","statementMap":{"0":{"start":{"line":21,"column":42},"end":{"line":78,"column":1}},"1":{"start":{"line":80,"column":32},"end":{"line":105,"column":1}}},"fnMap":{},"branchMap":{},"s":{"0":4,"1":4},"f":{},"b":{},"_coverageSchema":"1a1c01bbd47fc00a2c39e90264f33305004495a9","hash":"3a37d491f154cd9697a9f1795a013b825cc51847"}
,"C:\\Users\\cross\\Desktop\\Epitech\\EIP\\Mobile\\constants\\fetch.ts": {"path":"C:\\Users\\cross\\Desktop\\Epitech\\EIP\\Mobile\\constants\\fetch.ts","statementMap":{"0":{"start":{"line":5,"column":24},"end":{"line":5,"column":52}},"1":{"start":{"line":7,"column":12},"end":{"line":19,"column":1}},"2":{"start":{"line":11,"column":4},"end":{"line":11,"column":62}},"3":{"start":{"line":14,"column":21},"end":{"line":14,"column":34}},"4":{"start":{"line":16,"column":2},"end":{"line":18,"column":26}},"5":{"start":{"line":22,"column":13},"end":{"line":40,"column":1}},"6":{"start":{"line":27,"column":4},"end":{"line":27,"column":62}},"7":{"start":{"line":30,"column":2},"end":{"line":32,"column":3}},"8":{"start":{"line":31,"column":4},"end":{"line":31,"column":58}},"9":{"start":{"line":34,"column":21},"end":{"line":34,"column":34}},"10":{"start":{"line":35,"column":2},"end":{"line":35,"column":40}},"11":{"start":{"line":37,"column":2},"end":{"line":39,"column":26}}},"fnMap":{"0":{"name":"(anonymous_0)","decl":{"start":{"line":7,"column":12},"end":{"line":7,"column":13}},"loc":{"start":{"line":13,"column":5},"end":{"line":19,"column":1}},"line":13},"1":{"name":"(anonymous_1)","decl":{"start":{"line":9,"column":40},"end":{"line":9,"column":41}},"loc":{"start":{"line":9,"column":46},"end":{"line":9,"column":48}},"line":9},"2":{"name":"(anonymous_2)","decl":{"start":{"line":10,"column":44},"end":{"line":10,"column":45}},"loc":{"start":{"line":10,"column":56},"end":{"line":12,"column":3}},"line":10},"3":{"name":"(anonymous_3)","decl":{"start":{"line":22,"column":13},"end":{"line":22,"column":14}},"loc":{"start":{"line":29,"column":5},"end":{"line":40,"column":1}},"line":29},"4":{"name":"(anonymous_4)","decl":{"start":{"line":25,"column":40},"end":{"line":25,"column":41}},"loc":{"start":{"line":25,"column":46},"end":{"line":25,"column":48}},"line":25},"5":{"name":"(anonymous_5)","decl":{"start":{"line":26,"column":44},"end":{"line":26,"column":45}},"loc":{"start":{"line":26,"column":56},"end":{"line":28,"column":3}},"line":26}},"branchMap":{"0":{"loc":{"start":{"line":8,"column":2},"end":{"line":8,"column":19}},"type":"default-arg","locations":[{"start":{"line":8,"column":16},"end":{"line":8,"column":19}}],"line":8},"1":{"loc":{"start":{"line":9,"column":2},"end":{"line":9,"column":48}},"type":"default-arg","locations":[{"start":{"line":9,"column":40},"end":{"line":9,"column":48}}],"line":9},"2":{"loc":{"start":{"line":10,"column":2},"end":{"line":12,"column":3}},"type":"default-arg","locations":[{"start":{"line":10,"column":44},"end":{"line":12,"column":3}}],"line":10},"3":{"loc":{"start":{"line":23,"column":2},"end":{"line":23,"column":19}},"type":"default-arg","locations":[{"start":{"line":23,"column":16},"end":{"line":23,"column":19}}],"line":23},"4":{"loc":{"start":{"line":24,"column":2},"end":{"line":24,"column":23}},"type":"default-arg","locations":[{"start":{"line":24,"column":14},"end":{"line":24,"column":23}}],"line":24},"5":{"loc":{"start":{"line":25,"column":2},"end":{"line":25,"column":48}},"type":"default-arg","locations":[{"start":{"line":25,"column":40},"end":{"line":25,"column":48}}],"line":25},"6":{"loc":{"start":{"line":26,"column":2},"end":{"line":28,"column":3}},"type":"default-arg","locations":[{"start":{"line":26,"column":44},"end":{"line":28,"column":3}}],"line":26},"7":{"loc":{"start":{"line":30,"column":2},"end":{"line":32,"column":3}},"type":"if","locations":[{"start":{"line":30,"column":2},"end":{"line":32,"column":3}},{"start":{},"end":{}}],"line":30}},"s":{"0":4,"1":4,"2":0,"3":0,"4":0,"5":4,"6":0,"7":1,"8":0,"9":1,"10":1,"11":1},"f":{"0":0,"1":0,"2":0,"3":1,"4":0,"5":0},"b":{"0":[0],"1":[0],"2":[0],"3":[0],"4":[0],"5":[0],"6":[0],"7":[0,1]},"_coverageSchema":"1a1c01bbd47fc00a2c39e90264f33305004495a9","hash":"cd0e033cc20ba8bb34039421e2e30ad5b568aed8"}
,"C:\\Users\\cross\\Desktop\\Epitech\\EIP\\Mobile\\constants\\homeValues.ts": {"path":"C:\\Users\\cross\\Desktop\\Epitech\\EIP\\Mobile\\constants\\homeValues.ts","statementMap":{"0":{"start":{"line":7,"column":31},"end":{"line":23,"column":1}},"1":{"start":{"line":25,"column":34},"end":{"line":41,"column":1}}},"fnMap":{},"branchMap":{},"s":{"0":3,"1":3},"f":{},"b":{},"_coverageSchema":"1a1c01bbd47fc00a2c39e90264f33305004495a9","hash":"989f7bb4bd028b5a6d688f3c7879a61fbc381786"}
,"C:\\Users\\cross\\Desktop\\Epitech\\EIP\\Mobile\\navigators\\CartNavigator.tsx": {"path":"C:\\Users\\cross\\Desktop\\Epitech\\EIP\\Mobile\\navigators\\CartNavigator.tsx","statementMap":{"0":{"start":{"line":7,"column":22},"end":{"line":18,"column":1}},"1":{"start":{"line":8,"column":16},"end":{"line":8,"column":44}},"2":{"start":{"line":11,"column":18},"end":{"line":11,"column":40}},"3":{"start":{"line":13,"column":2},"end":{"line":17,"column":4}}},"fnMap":{"0":{"name":"(anonymous_0)","decl":{"start":{"line":7,"column":22},"end":{"line":7,"column":23}},"loc":{"start":{"line":7,"column":28},"end":{"line":18,"column":1}},"line":7}},"branchMap":{},"s":{"0":2,"1":0,"2":0,"3":0},"f":{"0":0},"b":{},"_coverageSchema":"1a1c01bbd47fc00a2c39e90264f33305004495a9","hash":"22ed277fe400918eef8075ced63d7c4acd28a1bb"}
,"C:\\Users\\cross\\Desktop\\Epitech\\EIP\\Mobile\\navigators\\EditProfileNavigator.tsx": {"path":"C:\\Users\\cross\\Desktop\\Epitech\\EIP\\Mobile\\navigators\\EditProfileNavigator.tsx","statementMap":{"0":{"start":{"line":7,"column":29},"end":{"line":18,"column":1}},"1":{"start":{"line":8,"column":16},"end":{"line":8,"column":44}},"2":{"start":{"line":11,"column":18},"end":{"line":11,"column":40}},"3":{"start":{"line":13,"column":2},"end":{"line":17,"column":4}}},"fnMap":{"0":{"name":"(anonymous_0)","decl":{"start":{"line":7,"column":29},"end":{"line":7,"column":30}},"loc":{"start":{"line":7,"column":35},"end":{"line":18,"column":1}},"line":7}},"branchMap":{},"s":{"0":2,"1":0,"2":0,"3":0},"f":{"0":0},"b":{},"_coverageSchema":"1a1c01bbd47fc00a2c39e90264f33305004495a9","hash":"b1f2c2a43c253cae66145b6c60daf429b95f0b68"}
,"C:\\Users\\cross\\Desktop\\Epitech\\EIP\\Mobile\\navigators\\HomeNavigator.tsx": {"path":"C:\\Users\\cross\\Desktop\\Epitech\\EIP\\Mobile\\navigators\\HomeNavigator.tsx","statementMap":{"0":{"start":{"line":7,"column":22},"end":{"line":18,"column":1}},"1":{"start":{"line":8,"column":16},"end":{"line":8,"column":44}},"2":{"start":{"line":11,"column":18},"end":{"line":11,"column":40}},"3":{"start":{"line":13,"column":2},"end":{"line":17,"column":4}}},"fnMap":{"0":{"name":"(anonymous_0)","decl":{"start":{"line":7,"column":22},"end":{"line":7,"column":23}},"loc":{"start":{"line":7,"column":28},"end":{"line":18,"column":1}},"line":7}},"branchMap":{},"s":{"0":2,"1":2,"2":2,"3":2},"f":{"0":2},"b":{},"_coverageSchema":"1a1c01bbd47fc00a2c39e90264f33305004495a9","hash":"49726b5683563c36eeee64989caf93e4b52190ad"}
,"C:\\Users\\cross\\Desktop\\Epitech\\EIP\\Mobile\\navigators\\MainNavigator.tsx": {"path":"C:\\Users\\cross\\Desktop\\Epitech\\EIP\\Mobile\\navigators\\MainNavigator.tsx","statementMap":{"0":{"start":{"line":12,"column":22},"end":{"line":37,"column":1}},"1":{"start":{"line":13,"column":14},"end":{"line":13,"column":40}},"2":{"start":{"line":16,"column":18},"end":{"line":16,"column":40}},"3":{"start":{"line":18,"column":2},"end":{"line":36,"column":4}},"4":{"start":{"line":27,"column":12},"end":{"line":27,"column":68}}},"fnMap":{"0":{"name":"(anonymous_0)","decl":{"start":{"line":12,"column":22},"end":{"line":12,"column":23}},"loc":{"start":{"line":12,"column":28},"end":{"line":37,"column":1}},"line":12},"1":{"name":"(anonymous_1)","decl":{"start":{"line":26,"column":22},"end":{"line":26,"column":23}},"loc":{"start":{"line":27,"column":12},"end":{"line":27,"column":68}},"line":27}},"branchMap":{},"s":{"0":2,"1":2,"2":2,"3":2,"4":4},"f":{"0":2,"1":4},"b":{},"_coverageSchema":"1a1c01bbd47fc00a2c39e90264f33305004495a9","hash":"1699f7fd09c2dee7587157ceaef7b73e112b7fb2"}
,"C:\\Users\\cross\\Desktop\\Epitech\\EIP\\Mobile\\navigators\\MessageNavigator.tsx": {"path":"C:\\Users\\cross\\Desktop\\Epitech\\EIP\\Mobile\\navigators\\MessageNavigator.tsx","statementMap":{"0":{"start":{"line":6,"column":25},"end":{"line":29,"column":1}},"1":{"start":{"line":7,"column":16},"end":{"line":7,"column":44}},"2":{"start":{"line":10,"column":18},"end":{"line":10,"column":40}},"3":{"start":{"line":12,"column":2},"end":{"line":28,"column":4}}},"fnMap":{"0":{"name":"(anonymous_0)","decl":{"start":{"line":6,"column":25},"end":{"line":6,"column":26}},"loc":{"start":{"line":6,"column":31},"end":{"line":29,"column":1}},"line":6}},"branchMap":{},"s":{"0":2,"1":0,"2":0,"3":0},"f":{"0":0},"b":{},"_coverageSchema":"1a1c01bbd47fc00a2c39e90264f33305004495a9","hash":"6f4b1af664c3299788ad878dfeb5ec369131a668"}
,"C:\\Users\\cross\\Desktop\\Epitech\\EIP\\Mobile\\navigators\\OtherProfileNavigator.tsx": {"path":"C:\\Users\\cross\\Desktop\\Epitech\\EIP\\Mobile\\navigators\\OtherProfileNavigator.tsx","statementMap":{"0":{"start":{"line":6,"column":30},"end":{"line":32,"column":1}},"1":{"start":{"line":7,"column":16},"end":{"line":7,"column":44}},"2":{"start":{"line":10,"column":18},"end":{"line":10,"column":40}},"3":{"start":{"line":12,"column":2},"end":{"line":31,"column":4}}},"fnMap":{"0":{"name":"(anonymous_0)","decl":{"start":{"line":6,"column":30},"end":{"line":6,"column":31}},"loc":{"start":{"line":6,"column":36},"end":{"line":32,"column":1}},"line":6}},"branchMap":{},"s":{"0":2,"1":0,"2":0,"3":0},"f":{"0":0},"b":{},"_coverageSchema":"1a1c01bbd47fc00a2c39e90264f33305004495a9","hash":"4958a28455262c4cd70b1391ec4381f8fa3b1d1d"}
,"C:\\Users\\cross\\Desktop\\Epitech\\EIP\\Mobile\\navigators\\ProfileNavigator.tsx": {"path":"C:\\Users\\cross\\Desktop\\Epitech\\EIP\\Mobile\\navigators\\ProfileNavigator.tsx","statementMap":{"0":{"start":{"line":6,"column":25},"end":{"line":32,"column":1}},"1":{"start":{"line":7,"column":16},"end":{"line":7,"column":44}},"2":{"start":{"line":10,"column":18},"end":{"line":10,"column":40}},"3":{"start":{"line":12,"column":2},"end":{"line":31,"column":4}}},"fnMap":{"0":{"name":"(anonymous_0)","decl":{"start":{"line":6,"column":25},"end":{"line":6,"column":26}},"loc":{"start":{"line":6,"column":31},"end":{"line":32,"column":1}},"line":6}},"branchMap":{},"s":{"0":2,"1":0,"2":0,"3":0},"f":{"0":0},"b":{},"_coverageSchema":"1a1c01bbd47fc00a2c39e90264f33305004495a9","hash":"8fb6de1fec9ae978bf7fc0ce0f49bd5876219f48"}
,"C:\\Users\\cross\\Desktop\\Epitech\\EIP\\Mobile\\navigators\\SettingsNavigator.tsx": {"path":"C:\\Users\\cross\\Desktop\\Epitech\\EIP\\Mobile\\navigators\\SettingsNavigator.tsx","statementMap":{"0":{"start":{"line":7,"column":26},"end":{"line":18,"column":1}},"1":{"start":{"line":8,"column":16},"end":{"line":8,"column":44}},"2":{"start":{"line":11,"column":18},"end":{"line":11,"column":40}},"3":{"start":{"line":13,"column":2},"end":{"line":17,"column":4}}},"fnMap":{"0":{"name":"(anonymous_0)","decl":{"start":{"line":7,"column":26},"end":{"line":7,"column":27}},"loc":{"start":{"line":7,"column":32},"end":{"line":18,"column":1}},"line":7}},"branchMap":{},"s":{"0":2,"1":0,"2":0,"3":0},"f":{"0":0},"b":{},"_coverageSchema":"1a1c01bbd47fc00a2c39e90264f33305004495a9","hash":"520ab91831fbb5234811ba74fe90d2e316a4db4c"}
,"C:\\Users\\cross\\Desktop\\Epitech\\EIP\\Mobile\\screens\\CartScreen.tsx": {"path":"C:\\Users\\cross\\Desktop\\Epitech\\EIP\\Mobile\\screens\\CartScreen.tsx","statementMap":{"0":{"start":{"line":4,"column":19},"end":{"line":8,"column":1}},"1":{"start":{"line":5,"column":2},"end":{"line":7,"column":4}}},"fnMap":{"0":{"name":"(anonymous_0)","decl":{"start":{"line":4,"column":19},"end":{"line":4,"column":20}},"loc":{"start":{"line":4,"column":25},"end":{"line":8,"column":1}},"line":4}},"branchMap":{},"s":{"0":3,"1":1},"f":{"0":1},"b":{},"_coverageSchema":"1a1c01bbd47fc00a2c39e90264f33305004495a9","hash":"ed9ca22d404b001bcd48c3ef48cb1003c4c7f61b"}
,"C:\\Users\\cross\\Desktop\\Epitech\\EIP\\Mobile\\screens\\ComponentsShow.tsx": {"path":"C:\\Users\\cross\\Desktop\\Epitech\\EIP\\Mobile\\screens\\ComponentsShow.tsx","statementMap":{"0":{"start":{"line":11,"column":23},"end":{"line":35,"column":1}},"1":{"start":{"line":12,"column":2},"end":{"line":12,"column":49}},"2":{"start":{"line":12,"column":18},"end":{"line":12,"column":47}},"3":{"start":{"line":14,"column":2},"end":{"line":34,"column":4}}},"fnMap":{"0":{"name":"(anonymous_0)","decl":{"start":{"line":11,"column":23},"end":{"line":11,"column":24}},"loc":{"start":{"line":11,"column":29},"end":{"line":35,"column":1}},"line":11},"1":{"name":"(anonymous_1)","decl":{"start":{"line":12,"column":12},"end":{"line":12,"column":13}},"loc":{"start":{"line":12,"column":18},"end":{"line":12,"column":47}},"line":12}},"branchMap":{},"s":{"0":3,"1":2,"2":2,"3":2},"f":{"0":2,"1":2},"b":{},"_coverageSchema":"1a1c01bbd47fc00a2c39e90264f33305004495a9","hash":"fb9ab99e2c53d099052a3e966518e611bafb0ec6"}
,"C:\\Users\\cross\\Desktop\\Epitech\\EIP\\Mobile\\screens\\Conversation.tsx": {"path":"C:\\Users\\cross\\Desktop\\Epitech\\EIP\\Mobile\\screens\\Conversation.tsx","statementMap":{"0":{"start":{"line":25,"column":21},"end":{"line":115,"column":1}},"1":{"start":{"line":26,"column":34},"end":{"line":26,"column":70}},"2":{"start":{"line":27,"column":38},"end":{"line":27,"column":58}},"3":{"start":{"line":29,"column":22},"end":{"line":32,"column":3}},"4":{"start":{"line":31,"column":4},"end":{"line":31,"column":21}},"5":{"start":{"line":35,"column":2},"end":{"line":36,"column":9}},"6":{"start":{"line":38,"column":2},"end":{"line":114,"column":4}},"7":{"start":{"line":46,"column":25},"end":{"line":46,"column":44}},"8":{"start":{"line":73,"column":10},"end":{"line":75,"column":17}},"9":{"start":{"line":95,"column":47},"end":{"line":95,"column":68}},"10":{"start":{"line":117,"column":15},"end":{"line":207,"column":2}}},"fnMap":{"0":{"name":"(anonymous_0)","decl":{"start":{"line":25,"column":21},"end":{"line":25,"column":22}},"loc":{"start":{"line":25,"column":53},"end":{"line":115,"column":1}},"line":25},"1":{"name":"(anonymous_1)","decl":{"start":{"line":29,"column":22},"end":{"line":29,"column":23}},"loc":{"start":{"line":29,"column":28},"end":{"line":32,"column":3}},"line":29},"2":{"name":"(anonymous_2)","decl":{"start":{"line":35,"column":12},"end":{"line":35,"column":13}},"loc":{"start":{"line":35,"column":18},"end":{"line":36,"column":3}},"line":35},"3":{"name":"(anonymous_3)","decl":{"start":{"line":46,"column":19},"end":{"line":46,"column":20}},"loc":{"start":{"line":46,"column":25},"end":{"line":46,"column":44}},"line":46},"4":{"name":"(anonymous_4)","decl":{"start":{"line":72,"column":23},"end":{"line":72,"column":24}},"loc":{"start":{"line":73,"column":10},"end":{"line":75,"column":17}},"line":73},"5":{"name":"(anonymous_5)","decl":{"start":{"line":95,"column":27},"end":{"line":95,"column":28}},"loc":{"start":{"line":95,"column":47},"end":{"line":95,"column":68}},"line":95}},"branchMap":{},"s":{"0":3,"1":3,"2":3,"3":3,"4":0,"5":3,"6":3,"7":0,"8":12,"9":1,"10":3},"f":{"0":3,"1":0,"2":2,"3":0,"4":12,"5":1},"b":{},"_coverageSchema":"1a1c01bbd47fc00a2c39e90264f33305004495a9","hash":"28776ef138ea6afb89989cd109587e43b29670a0"}
,"C:\\Users\\cross\\Desktop\\Epitech\\EIP\\Mobile\\screens\\EditProfile.tsx": {"path":"C:\\Users\\cross\\Desktop\\Epitech\\EIP\\Mobile\\screens\\EditProfile.tsx","statementMap":{"0":{"start":{"line":4,"column":20},"end":{"line":8,"column":1}},"1":{"start":{"line":5,"column":2},"end":{"line":7,"column":4}}},"fnMap":{"0":{"name":"(anonymous_0)","decl":{"start":{"line":4,"column":20},"end":{"line":4,"column":21}},"loc":{"start":{"line":4,"column":26},"end":{"line":8,"column":1}},"line":4}},"branchMap":{},"s":{"0":3,"1":1},"f":{"0":1},"b":{},"_coverageSchema":"1a1c01bbd47fc00a2c39e90264f33305004495a9","hash":"1a13e4eba4912b0959093dd8b4fc7c249847a8e7"}
,"C:\\Users\\cross\\Desktop\\Epitech\\EIP\\Mobile\\screens\\ForgotPassword.tsx": {"path":"C:\\Users\\cross\\Desktop\\Epitech\\EIP\\Mobile\\screens\\ForgotPassword.tsx","statementMap":{"0":{"start":{"line":8,"column":23},"end":{"line":48,"column":1}},"1":{"start":{"line":9,"column":28},"end":{"line":9,"column":67}},"2":{"start":{"line":10,"column":28},"end":{"line":10,"column":67}},"3":{"start":{"line":12,"column":30},"end":{"line":13,"column":3}},"4":{"start":{"line":15,"column":32},"end":{"line":17,"column":3}},"5":{"start":{"line":16,"column":4},"end":{"line":16,"column":33}},"6":{"start":{"line":19,"column":2},"end":{"line":47,"column":4}},"7":{"start":{"line":50,"column":15},"end":{"line":101,"column":2}}},"fnMap":{"0":{"name":"(anonymous_0)","decl":{"start":{"line":8,"column":23},"end":{"line":8,"column":24}},"loc":{"start":{"line":8,"column":48},"end":{"line":48,"column":1}},"line":8},"1":{"name":"(anonymous_1)","decl":{"start":{"line":12,"column":30},"end":{"line":12,"column":31}},"loc":{"start":{"line":12,"column":36},"end":{"line":13,"column":3}},"line":12},"2":{"name":"(anonymous_2)","decl":{"start":{"line":15,"column":32},"end":{"line":15,"column":33}},"loc":{"start":{"line":15,"column":38},"end":{"line":17,"column":3}},"line":15}},"branchMap":{},"s":{"0":3,"1":3,"2":3,"3":3,"4":3,"5":0,"6":3,"7":3},"f":{"0":3,"1":0,"2":0},"b":{},"_coverageSchema":"1a1c01bbd47fc00a2c39e90264f33305004495a9","hash":"427aca107f0d7fc8140c3dd1b5a3bdb2d0125c3e"}
,"C:\\Users\\cross\\Desktop\\Epitech\\EIP\\Mobile\\screens\\HomeScreen.tsx": {"path":"C:\\Users\\cross\\Desktop\\Epitech\\EIP\\Mobile\\screens\\HomeScreen.tsx","statementMap":{"0":{"start":{"line":21,"column":19},"end":{"line":115,"column":1}},"1":{"start":{"line":22,"column":21},"end":{"line":22,"column":36}},"2":{"start":{"line":23,"column":26},"end":{"line":23,"column":50}},"3":{"start":{"line":24,"column":32},"end":{"line":24,"column":56}},"4":{"start":{"line":25,"column":30},"end":{"line":25,"column":91}},"5":{"start":{"line":25,"column":84},"end":{"line":25,"column":89}},"6":{"start":{"line":27,"column":32},"end":{"line":29,"column":3}},"7":{"start":{"line":28,"column":4},"end":{"line":28,"column":41}},"8":{"start":{"line":31,"column":2},"end":{"line":38,"column":9}},"9":{"start":{"line":33,"column":4},"end":{"line":33,"column":29}},"10":{"start":{"line":34,"column":4},"end":{"line":34,"column":35}},"11":{"start":{"line":37,"column":4},"end":{"line":37,"column":67}},"12":{"start":{"line":40,"column":2},"end":{"line":114,"column":4}},"13":{"start":{"line":62,"column":61},"end":{"line":62,"column":77}},"14":{"start":{"line":63,"column":46},"end":{"line":63,"column":64}},"15":{"start":{"line":78,"column":46},"end":{"line":78,"column":64}},"16":{"start":{"line":83,"column":14},"end":{"line":87,"column":16}},"17":{"start":{"line":117,"column":15},"end":{"line":131,"column":2}}},"fnMap":{"0":{"name":"(anonymous_0)","decl":{"start":{"line":21,"column":19},"end":{"line":21,"column":20}},"loc":{"start":{"line":21,"column":25},"end":{"line":115,"column":1}},"line":21},"1":{"name":"(anonymous_1)","decl":{"start":{"line":25,"column":65},"end":{"line":25,"column":66}},"loc":{"start":{"line":25,"column":84},"end":{"line":25,"column":89}},"line":25},"2":{"name":"(anonymous_2)","decl":{"start":{"line":27,"column":32},"end":{"line":27,"column":33}},"loc":{"start":{"line":27,"column":38},"end":{"line":29,"column":3}},"line":27},"3":{"name":"(anonymous_3)","decl":{"start":{"line":31,"column":12},"end":{"line":31,"column":13}},"loc":{"start":{"line":31,"column":18},"end":{"line":38,"column":3}},"line":31},"4":{"name":"(anonymous_4)","decl":{"start":{"line":62,"column":24},"end":{"line":62,"column":25}},"loc":{"start":{"line":62,"column":61},"end":{"line":62,"column":77}},"line":62},"5":{"name":"(anonymous_5)","decl":{"start":{"line":63,"column":26},"end":{"line":63,"column":27}},"loc":{"start":{"line":63,"column":46},"end":{"line":63,"column":64}},"line":63},"6":{"name":"(anonymous_6)","decl":{"start":{"line":78,"column":26},"end":{"line":78,"column":27}},"loc":{"start":{"line":78,"column":46},"end":{"line":78,"column":64}},"line":78},"7":{"name":"(anonymous_7)","decl":{"start":{"line":82,"column":24},"end":{"line":82,"column":25}},"loc":{"start":{"line":83,"column":14},"end":{"line":87,"column":16}},"line":83}},"branchMap":{},"s":{"0":3,"1":6,"2":4,"3":4,"4":4,"5":0,"6":4,"7":0,"8":4,"9":2,"10":2,"11":2,"12":4,"13":6,"14":12,"15":12,"16":6,"17":3},"f":{"0":6,"1":0,"2":0,"3":2,"4":6,"5":12,"6":12,"7":6},"b":{},"_coverageSchema":"1a1c01bbd47fc00a2c39e90264f33305004495a9","hash":"5660534a4d679943203c1a919726854e6a3026c0"}
,"C:\\Users\\cross\\Desktop\\Epitech\\EIP\\Mobile\\screens\\InboxScreen.tsx": {"path":"C:\\Users\\cross\\Desktop\\Epitech\\EIP\\Mobile\\screens\\InboxScreen.tsx","statementMap":{"0":{"start":{"line":14,"column":20},"end":{"line":41,"column":1}},"1":{"start":{"line":15,"column":40},"end":{"line":15,"column":73}},"2":{"start":{"line":17,"column":2},"end":{"line":40,"column":4}},"3":{"start":{"line":27,"column":8},"end":{"line":37,"column":9}},"4":{"start":{"line":28,"column":34},"end":{"line":30,"column":12}},"5":{"start":{"line":31,"column":29},"end":{"line":33,"column":12}},"6":{"start":{"line":34,"column":25},"end":{"line":36,"column":12}},"7":{"start":{"line":43,"column":15},"end":{"line":52,"column":2}}},"fnMap":{"0":{"name":"(anonymous_0)","decl":{"start":{"line":14,"column":20},"end":{"line":14,"column":21}},"loc":{"start":{"line":14,"column":45},"end":{"line":41,"column":1}},"line":14},"1":{"name":"(anonymous_1)","decl":{"start":{"line":26,"column":8},"end":{"line":26,"column":9}},"loc":{"start":{"line":26,"column":14},"end":{"line":38,"column":7}},"line":26}},"branchMap":{"0":{"loc":{"start":{"line":27,"column":8},"end":{"line":37,"column":9}},"type":"switch","locations":[{"start":{"line":28,"column":10},"end":{"line":30,"column":12}},{"start":{"line":31,"column":10},"end":{"line":33,"column":12}},{"start":{"line":34,"column":10},"end":{"line":36,"column":12}}],"line":27}},"s":{"0":3,"1":2,"2":2,"3":2,"4":2,"5":0,"6":0,"7":3},"f":{"0":2,"1":2},"b":{"0":[2,0,0]},"_coverageSchema":"1a1c01bbd47fc00a2c39e90264f33305004495a9","hash":"bba062557d17ca86095853d438f31b8426721f0b"}
,"C:\\Users\\cross\\Desktop\\Epitech\\EIP\\Mobile\\screens\\OtherProfile.tsx": {"path":"C:\\Users\\cross\\Desktop\\Epitech\\EIP\\Mobile\\screens\\OtherProfile.tsx","statementMap":{"0":{"start":{"line":10,"column":21},"end":{"line":139,"column":1}},"1":{"start":{"line":11,"column":21},"end":{"line":11,"column":36}},"2":{"start":{"line":13,"column":36},"end":{"line":13,"column":55}},"3":{"start":{"line":15,"column":32},"end":{"line":17,"column":3}},"4":{"start":{"line":16,"column":4},"end":{"line":16,"column":24}},"5":{"start":{"line":18,"column":35},"end":{"line":21,"column":3}},"6":{"start":{"line":20,"column":4},"end":{"line":20,"column":81}},"7":{"start":{"line":23,"column":2},"end":{"line":28,"column":4}},"8":{"start":{"line":30,"column":2},"end":{"line":138,"column":4}},"9":{"start":{"line":35,"column":25},"end":{"line":35,"column":48}},"10":{"start":{"line":94,"column":25},"end":{"line":94,"column":51}},"11":{"start":{"line":107,"column":25},"end":{"line":107,"column":48}},"12":{"start":{"line":115,"column":25},"end":{"line":115,"column":51}},"13":{"start":{"line":123,"column":25},"end":{"line":123,"column":49}},"14":{"start":{"line":129,"column":10},"end":{"line":133,"column":17}},"15":{"start":{"line":131,"column":14},"end":{"line":131,"column":64}},"16":{"start":{"line":141,"column":15},"end":{"line":253,"column":2}}},"fnMap":{"0":{"name":"(anonymous_0)","decl":{"start":{"line":10,"column":21},"end":{"line":10,"column":22}},"loc":{"start":{"line":10,"column":27},"end":{"line":139,"column":1}},"line":10},"1":{"name":"(anonymous_1)","decl":{"start":{"line":15,"column":32},"end":{"line":15,"column":33}},"loc":{"start":{"line":15,"column":38},"end":{"line":17,"column":3}},"line":15},"2":{"name":"(anonymous_2)","decl":{"start":{"line":18,"column":35},"end":{"line":18,"column":36}},"loc":{"start":{"line":18,"column":41},"end":{"line":21,"column":3}},"line":18},"3":{"name":"(anonymous_3)","decl":{"start":{"line":24,"column":22},"end":{"line":24,"column":23}},"loc":{"start":{"line":24,"column":28},"end":{"line":27,"column":5}},"line":24},"4":{"name":"(anonymous_4)","decl":{"start":{"line":35,"column":19},"end":{"line":35,"column":20}},"loc":{"start":{"line":35,"column":25},"end":{"line":35,"column":48}},"line":35},"5":{"name":"(anonymous_5)","decl":{"start":{"line":94,"column":19},"end":{"line":94,"column":20}},"loc":{"start":{"line":94,"column":25},"end":{"line":94,"column":51}},"line":94},"6":{"name":"(anonymous_6)","decl":{"start":{"line":107,"column":19},"end":{"line":107,"column":20}},"loc":{"start":{"line":107,"column":25},"end":{"line":107,"column":48}},"line":107},"7":{"name":"(anonymous_7)","decl":{"start":{"line":115,"column":19},"end":{"line":115,"column":20}},"loc":{"start":{"line":115,"column":25},"end":{"line":115,"column":51}},"line":115},"8":{"name":"(anonymous_8)","decl":{"start":{"line":123,"column":19},"end":{"line":123,"column":20}},"loc":{"start":{"line":123,"column":25},"end":{"line":123,"column":49}},"line":123},"9":{"name":"(anonymous_9)","decl":{"start":{"line":128,"column":34},"end":{"line":128,"column":35}},"loc":{"start":{"line":129,"column":10},"end":{"line":133,"column":17}},"line":129},"10":{"name":"(anonymous_10)","decl":{"start":{"line":130,"column":39},"end":{"line":130,"column":40}},"loc":{"start":{"line":131,"column":14},"end":{"line":131,"column":64}},"line":131}},"branchMap":{"0":{"loc":{"start":{"line":127,"column":7},"end":{"line":134,"column":10}},"type":"binary-expr","locations":[{"start":{"line":127,"column":7},"end":{"line":127,"column":30}},{"start":{"line":128,"column":8},"end":{"line":134,"column":10}}],"line":127}},"s":{"0":3,"1":3,"2":0,"3":0,"4":0,"5":0,"6":0,"7":0,"8":0,"9":0,"10":0,"11":0,"12":0,"13":0,"14":0,"15":0,"16":3},"f":{"0":3,"1":0,"2":0,"3":0,"4":0,"5":0,"6":0,"7":0,"8":0,"9":0,"10":0},"b":{"0":[0,0]},"_coverageSchema":"1a1c01bbd47fc00a2c39e90264f33305004495a9","hash":"f7fcf487bee34ae1e412f6e3010a51f1c2994fad"}
,"C:\\Users\\cross\\Desktop\\Epitech\\EIP\\Mobile\\screens\\Profile.tsx": {"path":"C:\\Users\\cross\\Desktop\\Epitech\\EIP\\Mobile\\screens\\Profile.tsx","statementMap":{"0":{"start":{"line":13,"column":16},"end":{"line":150,"column":1}},"1":{"start":{"line":14,"column":21},"end":{"line":14,"column":36}},"2":{"start":{"line":16,"column":36},"end":{"line":16,"column":55}},"3":{"start":{"line":18,"column":32},"end":{"line":20,"column":3}},"4":{"start":{"line":19,"column":4},"end":{"line":19,"column":24}},"5":{"start":{"line":21,"column":32},"end":{"line":23,"column":3}},"6":{"start":{"line":22,"column":4},"end":{"line":22,"column":39}},"7":{"start":{"line":24,"column":36},"end":{"line":26,"column":3}},"8":{"start":{"line":25,"column":4},"end":{"line":25,"column":36}},"9":{"start":{"line":28,"column":2},"end":{"line":33,"column":4}},"10":{"start":{"line":35,"column":2},"end":{"line":149,"column":4}},"11":{"start":{"line":40,"column":25},"end":{"line":40,"column":48}},"12":{"start":{"line":46,"column":25},"end":{"line":46,"column":48}},"13":{"start":{"line":52,"column":25},"end":{"line":52,"column":52}},"14":{"start":{"line":108,"column":25},"end":{"line":108,"column":48}},"15":{"start":{"line":116,"column":25},"end":{"line":116,"column":51}},"16":{"start":{"line":124,"column":25},"end":{"line":124,"column":49}},"17":{"start":{"line":130,"column":10},"end":{"line":134,"column":17}},"18":{"start":{"line":132,"column":14},"end":{"line":132,"column":71}},"19":{"start":{"line":140,"column":10},"end":{"line":144,"column":17}},"20":{"start":{"line":142,"column":14},"end":{"line":142,"column":74}},"21":{"start":{"line":152,"column":15},"end":{"line":282,"column":2}}},"fnMap":{"0":{"name":"(anonymous_0)","decl":{"start":{"line":13,"column":16},"end":{"line":13,"column":17}},"loc":{"start":{"line":13,"column":22},"end":{"line":150,"column":1}},"line":13},"1":{"name":"(anonymous_1)","decl":{"start":{"line":18,"column":32},"end":{"line":18,"column":33}},"loc":{"start":{"line":18,"column":38},"end":{"line":20,"column":3}},"line":18},"2":{"name":"(anonymous_2)","decl":{"start":{"line":21,"column":32},"end":{"line":21,"column":33}},"loc":{"start":{"line":21,"column":38},"end":{"line":23,"column":3}},"line":21},"3":{"name":"(anonymous_3)","decl":{"start":{"line":24,"column":36},"end":{"line":24,"column":37}},"loc":{"start":{"line":24,"column":42},"end":{"line":26,"column":3}},"line":24},"4":{"name":"(anonymous_4)","decl":{"start":{"line":29,"column":22},"end":{"line":29,"column":23}},"loc":{"start":{"line":29,"column":28},"end":{"line":32,"column":5}},"line":29},"5":{"name":"(anonymous_5)","decl":{"start":{"line":40,"column":19},"end":{"line":40,"column":20}},"loc":{"start":{"line":40,"column":25},"end":{"line":40,"column":48}},"line":40},"6":{"name":"(anonymous_6)","decl":{"start":{"line":46,"column":19},"end":{"line":46,"column":20}},"loc":{"start":{"line":46,"column":25},"end":{"line":46,"column":48}},"line":46},"7":{"name":"(anonymous_7)","decl":{"start":{"line":52,"column":19},"end":{"line":52,"column":20}},"loc":{"start":{"line":52,"column":25},"end":{"line":52,"column":52}},"line":52},"8":{"name":"(anonymous_8)","decl":{"start":{"line":108,"column":19},"end":{"line":108,"column":20}},"loc":{"start":{"line":108,"column":25},"end":{"line":108,"column":48}},"line":108},"9":{"name":"(anonymous_9)","decl":{"start":{"line":116,"column":19},"end":{"line":116,"column":20}},"loc":{"start":{"line":116,"column":25},"end":{"line":116,"column":51}},"line":116},"10":{"name":"(anonymous_10)","decl":{"start":{"line":124,"column":19},"end":{"line":124,"column":20}},"loc":{"start":{"line":124,"column":25},"end":{"line":124,"column":49}},"line":124},"11":{"name":"(anonymous_11)","decl":{"start":{"line":129,"column":34},"end":{"line":129,"column":35}},"loc":{"start":{"line":130,"column":10},"end":{"line":134,"column":17}},"line":130},"12":{"name":"(anonymous_12)","decl":{"start":{"line":131,"column":39},"end":{"line":131,"column":40}},"loc":{"start":{"line":132,"column":14},"end":{"line":132,"column":71}},"line":132},"13":{"name":"(anonymous_13)","decl":{"start":{"line":139,"column":34},"end":{"line":139,"column":35}},"loc":{"start":{"line":140,"column":10},"end":{"line":144,"column":17}},"line":140},"14":{"name":"(anonymous_14)","decl":{"start":{"line":141,"column":39},"end":{"line":141,"column":40}},"loc":{"start":{"line":142,"column":14},"end":{"line":142,"column":74}},"line":142}},"branchMap":{"0":{"loc":{"start":{"line":128,"column":7},"end":{"line":135,"column":10}},"type":"binary-expr","locations":[{"start":{"line":128,"column":7},"end":{"line":128,"column":30}},{"start":{"line":129,"column":8},"end":{"line":135,"column":10}}],"line":128},"1":{"loc":{"start":{"line":138,"column":7},"end":{"line":145,"column":10}},"type":"binary-expr","locations":[{"start":{"line":138,"column":7},"end":{"line":138,"column":33}},{"start":{"line":139,"column":8},"end":{"line":145,"column":10}}],"line":138}},"s":{"0":3,"1":10,"2":0,"3":0,"4":0,"5":0,"6":0,"7":0,"8":0,"9":0,"10":0,"11":0,"12":0,"13":0,"14":0,"15":0,"16":0,"17":0,"18":0,"19":0,"20":0,"21":3},"f":{"0":10,"1":0,"2":0,"3":0,"4":0,"5":0,"6":0,"7":0,"8":0,"9":0,"10":0,"11":0,"12":0,"13":0,"14":0},"b":{"0":[0,0],"1":[0,0]},"_coverageSchema":"1a1c01bbd47fc00a2c39e90264f33305004495a9","hash":"dcb46de398bda4c7bc59362d83f666894650490f"}
,"C:\\Users\\cross\\Desktop\\Epitech\\EIP\\Mobile\\screens\\Settings.tsx": {"path":"C:\\Users\\cross\\Desktop\\Epitech\\EIP\\Mobile\\screens\\Settings.tsx","statementMap":{"0":{"start":{"line":4,"column":17},"end":{"line":8,"column":1}},"1":{"start":{"line":5,"column":2},"end":{"line":7,"column":4}}},"fnMap":{"0":{"name":"(anonymous_0)","decl":{"start":{"line":4,"column":17},"end":{"line":4,"column":18}},"loc":{"start":{"line":4,"column":23},"end":{"line":8,"column":1}},"line":4}},"branchMap":{},"s":{"0":2,"1":0},"f":{"0":0},"b":{},"_coverageSchema":"1a1c01bbd47fc00a2c39e90264f33305004495a9","hash":"73982e4f33aeb4f85b44f46b3538ccf4c0980807"}
,"C:\\Users\\cross\\Desktop\\Epitech\\EIP\\Mobile\\screens\\Signup.tsx": {"path":"C:\\Users\\cross\\Desktop\\Epitech\\EIP\\Mobile\\screens\\Signup.tsx","statementMap":{"0":{"start":{"line":9,"column":15},"end":{"line":80,"column":1}},"1":{"start":{"line":10,"column":28},"end":{"line":10,"column":67}},"2":{"start":{"line":11,"column":34},"end":{"line":11,"column":73}},"3":{"start":{"line":12,"column":28},"end":{"line":12,"column":67}},"4":{"start":{"line":13,"column":28},"end":{"line":13,"column":67}},"5":{"start":{"line":15,"column":23},"end":{"line":33,"column":3}},"6":{"start":{"line":16,"column":4},"end":{"line":32,"column":6}},"7":{"start":{"line":19,"column":12},"end":{"line":19,"column":39}},"8":{"start":{"line":21,"column":8},"end":{"line":21,"column":63}},"9":{"start":{"line":22,"column":8},"end":{"line":30,"column":9}},"10":{"start":{"line":23,"column":20},"end":{"line":23,"column":51}},"11":{"start":{"line":23,"column":52},"end":{"line":23,"column":58}},"12":{"start":{"line":25,"column":34},"end":{"line":25,"column":94}},"13":{"start":{"line":25,"column":77},"end":{"line":25,"column":82}},"14":{"start":{"line":26,"column":12},"end":{"line":26,"column":36}},"15":{"start":{"line":27,"column":12},"end":{"line":27,"column":18}},"16":{"start":{"line":29,"column":19},"end":{"line":29,"column":88}},"17":{"start":{"line":35,"column":32},"end":{"line":37,"column":3}},"18":{"start":{"line":36,"column":4},"end":{"line":36,"column":33}},"19":{"start":{"line":39,"column":2},"end":{"line":79,"column":4}},"20":{"start":{"line":83,"column":15},"end":{"line":134,"column":2}}},"fnMap":{"0":{"name":"(anonymous_0)","decl":{"start":{"line":9,"column":15},"end":{"line":9,"column":16}},"loc":{"start":{"line":9,"column":40},"end":{"line":80,"column":1}},"line":9},"1":{"name":"(anonymous_1)","decl":{"start":{"line":15,"column":23},"end":{"line":15,"column":24}},"loc":{"start":{"line":15,"column":29},"end":{"line":33,"column":3}},"line":15},"2":{"name":"(anonymous_2)","decl":{"start":{"line":19,"column":6},"end":{"line":19,"column":7}},"loc":{"start":{"line":19,"column":12},"end":{"line":19,"column":39}},"line":19},"3":{"name":"(anonymous_3)","decl":{"start":{"line":20,"column":6},"end":{"line":20,"column":7}},"loc":{"start":{"line":20,"column":22},"end":{"line":31,"column":7}},"line":20},"4":{"name":"(anonymous_4)","decl":{"start":{"line":25,"column":65},"end":{"line":25,"column":66}},"loc":{"start":{"line":25,"column":77},"end":{"line":25,"column":82}},"line":25},"5":{"name":"(anonymous_5)","decl":{"start":{"line":35,"column":32},"end":{"line":35,"column":33}},"loc":{"start":{"line":35,"column":38},"end":{"line":37,"column":3}},"line":35}},"branchMap":{"0":{"loc":{"start":{"line":22,"column":8},"end":{"line":30,"column":9}},"type":"switch","locations":[{"start":{"line":23,"column":10},"end":{"line":23,"column":58}},{"start":{"line":24,"column":10},"end":{"line":28,"column":11}},{"start":{"line":29,"column":10},"end":{"line":29,"column":88}}],"line":22}},"s":{"0":3,"1":5,"2":5,"3":5,"4":5,"5":5,"6":1,"7":0,"8":0,"9":0,"10":0,"11":0,"12":0,"13":0,"14":0,"15":0,"16":0,"17":5,"18":0,"19":5,"20":3},"f":{"0":5,"1":1,"2":0,"3":0,"4":0,"5":0},"b":{"0":[0,0,0]},"_coverageSchema":"1a1c01bbd47fc00a2c39e90264f33305004495a9","hash":"0c2e82edc204adc7d6657e5802bf9b64cc60ae83"}
,"C:\\Users\\cross\\Desktop\\Epitech\\EIP\\Mobile\\screens\\LoginPage\\LoginPage.tsx": {"path":"C:\\Users\\cross\\Desktop\\Epitech\\EIP\\Mobile\\screens\\LoginPage\\LoginPage.tsx","statementMap":{"0":{"start":{"line":12,"column":14},"end":{"line":127,"column":1}},"1":{"start":{"line":13,"column":28},"end":{"line":13,"column":67}},"2":{"start":{"line":14,"column":34},"end":{"line":14,"column":73}},"3":{"start":{"line":15,"column":42},"end":{"line":15,"column":57}},"4":{"start":{"line":17,"column":22},"end":{"line":21,"column":3}},"5":{"start":{"line":18,"column":4},"end":{"line":20,"column":7}},"6":{"start":{"line":19,"column":6},"end":{"line":19,"column":52}},"7":{"start":{"line":23,"column":28},"end":{"line":25,"column":3}},"8":{"start":{"line":27,"column":25},"end":{"line":29,"column":3}},"9":{"start":{"line":28,"column":4},"end":{"line":28,"column":34}},"10":{"start":{"line":31,"column":28},"end":{"line":33,"column":3}},"11":{"start":{"line":32,"column":4},"end":{"line":32,"column":20}},"12":{"start":{"line":35,"column":31},"end":{"line":37,"column":3}},"13":{"start":{"line":36,"column":4},"end":{"line":36,"column":23}},"14":{"start":{"line":39,"column":31},"end":{"line":41,"column":3}},"15":{"start":{"line":40,"column":4},"end":{"line":40,"column":35}},"16":{"start":{"line":43,"column":38},"end":{"line":43,"column":53}},"17":{"start":{"line":45,"column":33},"end":{"line":47,"column":3}},"18":{"start":{"line":46,"column":4},"end":{"line":46,"column":31}},"19":{"start":{"line":49,"column":2},"end":{"line":126,"column":4}},"20":{"start":{"line":78,"column":29},"end":{"line":78,"column":59}},"21":{"start":{"line":129,"column":15},"end":{"line":260,"column":2}}},"fnMap":{"0":{"name":"(anonymous_0)","decl":{"start":{"line":12,"column":14},"end":{"line":12,"column":15}},"loc":{"start":{"line":12,"column":39},"end":{"line":127,"column":1}},"line":12},"1":{"name":"(anonymous_1)","decl":{"start":{"line":17,"column":22},"end":{"line":17,"column":23}},"loc":{"start":{"line":17,"column":28},"end":{"line":21,"column":3}},"line":17},"2":{"name":"(anonymous_2)","decl":{"start":{"line":18,"column":49},"end":{"line":18,"column":50}},"loc":{"start":{"line":18,"column":68},"end":{"line":20,"column":5}},"line":18},"3":{"name":"(anonymous_3)","decl":{"start":{"line":23,"column":28},"end":{"line":23,"column":29}},"loc":{"start":{"line":23,"column":34},"end":{"line":25,"column":3}},"line":23},"4":{"name":"(anonymous_4)","decl":{"start":{"line":27,"column":25},"end":{"line":27,"column":26}},"loc":{"start":{"line":27,"column":31},"end":{"line":29,"column":3}},"line":27},"5":{"name":"(anonymous_5)","decl":{"start":{"line":31,"column":28},"end":{"line":31,"column":29}},"loc":{"start":{"line":31,"column":47},"end":{"line":33,"column":3}},"line":31},"6":{"name":"(anonymous_6)","decl":{"start":{"line":35,"column":31},"end":{"line":35,"column":32}},"loc":{"start":{"line":35,"column":50},"end":{"line":37,"column":3}},"line":35},"7":{"name":"(anonymous_7)","decl":{"start":{"line":39,"column":31},"end":{"line":39,"column":32}},"loc":{"start":{"line":39,"column":37},"end":{"line":41,"column":3}},"line":39},"8":{"name":"(anonymous_8)","decl":{"start":{"line":45,"column":33},"end":{"line":45,"column":34}},"loc":{"start":{"line":45,"column":39},"end":{"line":47,"column":3}},"line":45},"9":{"name":"(anonymous_9)","decl":{"start":{"line":78,"column":23},"end":{"line":78,"column":24}},"loc":{"start":{"line":78,"column":29},"end":{"line":78,"column":59}},"line":78}},"branchMap":{"0":{"loc":{"start":{"line":76,"column":11},"end":{"line":84,"column":18}},"type":"cond-expr","locations":[{"start":{"line":77,"column":12},"end":{"line":83,"column":31}},{"start":{"line":84,"column":14},"end":{"line":84,"column":18}}],"line":76}},"s":{"0":3,"1":5,"2":5,"3":5,"4":5,"5":0,"6":0,"7":5,"8":5,"9":0,"10":5,"11":1,"12":5,"13":1,"14":5,"15":0,"16":5,"17":5,"18":0,"19":5,"20":0,"21":3},"f":{"0":5,"1":0,"2":0,"3":0,"4":0,"5":1,"6":1,"7":0,"8":0,"9":0},"b":{"0":[1,4]},"_coverageSchema":"1a1c01bbd47fc00a2c39e90264f33305004495a9","hash":"a825b68a194986405aa7d149cd73efe6e9a17e28"}
}
