TN:
SF:App.tsx
FN:11,(anonymous_0)
FN:14,(anonymous_1)
FNF:2
FNH:2
FNDA:6,(anonymous_0)
FNDA:6,(anonymous_1)
DA:11,3
DA:12,6
DA:14,6
DA:19,6
DA:20,6
DA:23,6
DA:25,6
LF:7
LH:7
BRDA:25,0,0,0
BRDA:25,0,1,6
BRDA:29,1,0,6
BRDA:29,1,1,0
BRF:4
BRH:2
end_of_record
TN:
SF:components/ArtistCard.tsx
FN:7,(anonymous_0)
FNF:1
FNH:1
FNDA:18,(anonymous_0)
DA:7,3
DA:8,18
DA:14,3
LF:3
LH:3
BRF:0
BRH:0
end_of_record
TN:
SF:components/Button.tsx
FN:15,(anonymous_0)
FN:16,(anonymous_1)
FNF:2
FNH:1
FNDA:8,(anonymous_0)
FNDA:0,(anonymous_1)
DA:15,3
DA:24,8
DA:46,3
LF:3
LH:3
BRDA:16,0,0,8
BRDA:17,1,0,0
BRDA:18,2,0,0
BRDA:19,3,0,8
BRDA:20,4,0,4
BRDA:21,5,0,8
BRDA:22,6,0,8
BRDA:30,7,0,8
BRDA:30,7,1,4
BRDA:31,8,0,8
BRDA:31,8,1,0
BRDA:37,9,0,8
BRDA:37,9,1,4
BRDA:38,10,0,8
BRDA:38,10,1,0
BRF:15
BRH:11
end_of_record
TN:
SF:components/Card.tsx
FN:11,(anonymous_0)
FNF:1
FNH:1
FNDA:36,(anonymous_0)
DA:11,3
DA:16,36
DA:23,3
LF:3
LH:3
BRDA:12,0,0,0
BRDA:13,1,0,0
BRDA:14,2,0,18
BRDA:18,3,0,36
BRDA:18,3,1,36
BRF:5
BRH:3
end_of_record
TN:
SF:components/Input.tsx
FN:16,(anonymous_0)
FN:19,(anonymous_1)
FN:22,(anonymous_2)
FN:28,(anonymous_3)
FN:33,(anonymous_4)
FNF:5
FNH:3
FNDA:4,(anonymous_0)
FNDA:0,(anonymous_1)
FNDA:0,(anonymous_2)
FNDA:1,(anonymous_3)
FNDA:3,(anonymous_4)
DA:16,3
DA:26,4
DA:28,4
DA:29,1
DA:30,1
DA:33,4
DA:34,3
DA:35,0
DA:39,4
DA:56,3
LF:10
LH:9
BRDA:17,0,0,0
BRDA:18,1,0,4
BRDA:19,2,0,0
BRDA:20,3,0,4
BRDA:21,4,0,0
BRDA:22,5,0,4
BRDA:23,6,0,4
BRDA:24,7,0,4
BRDA:34,8,0,0
BRDA:34,8,1,3
BRDA:45,9,0,0
BRDA:45,9,1,4
BRDA:48,10,0,4
BRDA:48,10,1,0
BRDA:49,11,0,4
BRDA:49,11,1,0
BRF:16
BRH:9
end_of_record
TN:
SF:components/NewsCard.tsx
FN:7,(anonymous_0)
FNF:1
FNH:1
FNDA:18,(anonymous_0)
DA:7,3
DA:8,18
DA:20,3
LF:3
LH:3
BRF:0
BRH:0
end_of_record
TN:
SF:components/Title.tsx
FN:11,(anonymous_0)
FN:17,(anonymous_1)
FNF:2
FNH:2
FNDA:124,(anonymous_0)
FNDA:94,(anonymous_1)
DA:11,3
DA:17,124
DA:18,94
DA:23,124
DA:35,3
LF:5
LH:5
BRDA:12,0,0,0
BRDA:13,1,0,52
BRDA:14,2,0,124
BRDA:15,3,0,30
BRDA:26,4,0,124
BRDA:26,4,1,124
BRDA:27,5,0,124
BRDA:27,5,1,94
BRF:8
BRH:7
end_of_record
TN:
SF:components/inbox/CartComponent.tsx
FN:6,(anonymous_0)
FNF:1
FNH:0
FNDA:0,(anonymous_0)
DA:6,3
DA:7,0
DA:23,3
LF:3
LH:2
BRF:0
BRH:0
end_of_record
TN:
SF:components/inbox/CommandsComponent.tsx
FN:6,(anonymous_0)
FNF:1
FNH:1
FNDA:1,(anonymous_0)
DA:6,3
DA:7,1
DA:20,3
LF:3
LH:3
BRF:0
BRH:0
end_of_record
TN:
SF:components/inbox/ConversationsComponent.tsx
FN:19,(anonymous_0)
FN:25,(anonymous_1)
FN:29,(anonymous_2)
FNF:3
FNH:3
FNDA:5,(anonymous_0)
FNDA:40,(anonymous_1)
FNDA:3,(anonymous_2)
DA:19,3
DA:20,5
DA:21,5
DA:23,5
DA:26,40
DA:29,3
DA:58,3
LF:7
LH:7
BRDA:36,0,0,20
BRDA:36,0,1,20
BRDA:46,1,0,20
BRDA:46,1,1,20
BRF:4
BRH:4
end_of_record
TN:
SF:components/inbox/MessageTabs.tsx
FN:25,(anonymous_0)
FN:27,(anonymous_1)
FN:31,(anonymous_2)
FN:38,(anonymous_3)
FNF:4
FNH:3
FNDA:6,(anonymous_0)
FNDA:0,(anonymous_1)
FNDA:18,(anonymous_2)
FNDA:1,(anonymous_3)
DA:10,3
DA:25,3
DA:29,6
DA:32,18
DA:38,1
DA:49,3
LF:6
LH:6
BRDA:26,0,0,0
BRDA:27,1,0,0
BRDA:36,2,0,6
BRDA:36,2,1,12
BRDA:41,3,0,6
BRDA:41,3,1,12
BRF:6
BRH:4
end_of_record
TN:
SF:components/inbox/TextBubble.tsx
FN:14,(anonymous_0)
FN:22,(anonymous_1)
FN:22,(anonymous_2)
FN:66,(anonymous_3)
FN:66,(anonymous_4)
FNF:5
FNH:3
FNDA:17,(anonymous_0)
FNDA:1,(anonymous_1)
FNDA:1,(anonymous_2)
FNDA:0,(anonymous_3)
FNDA:0,(anonymous_4)
DA:14,3
DA:17,17
DA:19,17
DA:20,9
DA:22,1
DA:40,4
DA:64,4
DA:66,0
DA:86,3
LF:9
LH:8
BRDA:19,0,0,9
BRDA:19,0,1,4
BRDA:19,0,2,4
BRDA:27,1,0,5
BRDA:27,1,1,4
BRDA:30,2,0,5
BRDA:30,2,1,4
BRDA:33,3,0,9
BRDA:33,3,1,1
BRDA:34,4,0,1
BRDA:34,4,1,0
BRDA:73,5,0,0
BRDA:73,5,1,4
BRDA:76,6,0,4
BRDA:76,6,1,0
BRDA:77,7,0,0
BRDA:77,7,1,0
BRF:17
BRH:12
end_of_record
TN:
SF:constants/colors.ts
FNF:0
FNH:0
DA:1,3
LF:1
LH:1
BRF:0
BRH:0
end_of_record
TN:
SF:constants/conversations.ts
FNF:0
FNH:0
DA:22,3
DA:81,3
LF:2
LH:2
BRF:0
BRH:0
end_of_record
TN:
SF:constants/fetch.ts
FN:7,(anonymous_0)
FN:9,(anonymous_1)
FN:10,(anonymous_2)
FN:22,(anonymous_3)
FN:25,(anonymous_4)
FN:26,(anonymous_5)
FNF:6
FNH:0
FNDA:0,(anonymous_0)
FNDA:0,(anonymous_1)
FNDA:0,(anonymous_2)
FNDA:0,(anonymous_3)
FNDA:0,(anonymous_4)
FNDA:0,(anonymous_5)
DA:5,3
DA:7,3
DA:11,0
DA:14,0
DA:16,0
DA:22,3
DA:27,0
DA:30,0
DA:31,0
DA:34,0
DA:35,0
DA:37,0
LF:12
LH:3
BRDA:8,0,0,0
BRDA:9,1,0,0
BRDA:10,2,0,0
BRDA:23,3,0,0
BRDA:24,4,0,0
BRDA:25,5,0,0
BRDA:26,6,0,0
BRDA:30,7,0,0
BRDA:30,7,1,0
BRF:9
BRH:0
end_of_record
TN:
SF:constants/homeValues.ts
FNF:0
FNH:0
DA:7,3
DA:25,3
LF:2
LH:2
BRF:0
BRH:0
end_of_record
TN:
SF:constants/styles.ts
FNF:0
FNH:0
DA:11,3
DA:12,3
DA:13,3
DA:16,3
DA:17,3
DA:18,3
DA:19,3
DA:20,3
DA:21,3
DA:22,3
DA:23,3
DA:24,3
DA:25,3
DA:26,3
DA:27,3
DA:28,3
DA:29,3
DA:30,3
DA:33,3
DA:34,3
DA:35,3
DA:36,3
DA:37,3
DA:38,3
DA:39,3
DA:40,3
DA:41,3
DA:42,3
DA:43,3
DA:44,3
DA:45,3
DA:48,3
DA:49,3
LF:33
LH:33
BRF:0
BRH:0
end_of_record
TN:
SF:helpers/DateHelper.ts
FN:1,(anonymous_0)
FNF:1
FNH:1
FNDA:1,(anonymous_0)
DA:1,3
DA:2,1
LF:2
LH:2
BRF:0
BRH:0
end_of_record
TN:
SF:navigators/CartNavigator.tsx
FN:7,(anonymous_0)
FNF:1
FNH:0
FNDA:0,(anonymous_0)
DA:7,3
DA:8,0
DA:11,0
DA:13,0
LF:4
LH:1
BRF:0
BRH:0
end_of_record
TN:
SF:navigators/HomeNavigator.tsx
FN:7,(anonymous_0)
FNF:1
FNH:1
FNDA:6,(anonymous_0)
DA:7,3
DA:8,6
DA:11,6
DA:13,6
LF:4
LH:4
BRF:0
BRH:0
end_of_record
TN:
SF:navigators/MainNavigator.tsx
FN:11,(anonymous_0)
FN:27,(anonymous_1)
FNF:2
FNH:2
FNDA:14,(anonymous_0)
FNDA:28,(anonymous_1)
DA:11,3
DA:12,14
DA:15,14
DA:17,14
DA:28,28
LF:5
LH:5
BRF:0
BRH:0
end_of_record
TN:
SF:navigators/MessageNavigator.tsx
FN:6,(anonymous_0)
FNF:1
FNH:1
FNDA:8,(anonymous_0)
DA:6,3
DA:7,8
DA:10,8
DA:12,8
LF:4
LH:4
BRF:0
BRH:0
end_of_record
TN:
SF:navigators/ProfileNavigator.tsx
FN:7,(anonymous_0)
FNF:1
FNH:0
FNDA:0,(anonymous_0)
DA:7,3
DA:8,0
DA:11,0
DA:13,0
LF:4
LH:1
BRF:0
BRH:0
end_of_record
TN:
SF:screens/CartScreen.tsx
FN:4,(anonymous_0)
FNF:1
FNH:0
FNDA:0,(anonymous_0)
DA:4,3
DA:5,0
LF:2
LH:1
BRF:0
BRH:0
end_of_record
TN:
SF:screens/ComponentsShow.tsx
FN:11,(anonymous_0)
FN:12,(anonymous_1)
FNF:2
FNH:0
FNDA:0,(anonymous_0)
FNDA:0,(anonymous_1)
DA:11,3
DA:12,0
DA:14,0
LF:3
LH:1
BRF:0
BRH:0
end_of_record
TN:
SF:screens/Conversation.tsx
FN:19,(anonymous_0)
FN:23,(anonymous_1)
FN:29,(anonymous_2)
FN:41,(anonymous_3)
FN:67,(anonymous_4)
FN:88,(anonymous_5)
FNF:6
FNH:4
FNDA:4,(anonymous_0)
FNDA:0,(anonymous_1)
FNDA:3,(anonymous_2)
FNDA:0,(anonymous_3)
FNDA:16,(anonymous_4)
FNDA:1,(anonymous_5)
DA:19,3
DA:20,4
DA:21,4
DA:23,4
DA:25,0
DA:29,4
DA:33,4
DA:41,0
DA:68,16
DA:88,1
DA:110,3
LF:11
LH:9
BRF:0
BRH:0
end_of_record
TN:
SF:screens/ForgotPassword.tsx
FN:8,(anonymous_0)
FN:12,(anonymous_1)
FN:15,(anonymous_2)
FNF:3
FNH:0
FNDA:0,(anonymous_0)
FNDA:0,(anonymous_1)
FNDA:0,(anonymous_2)
DA:8,3
DA:9,0
DA:10,0
DA:12,0
DA:15,0
DA:16,0
DA:19,0
DA:50,3
LF:8
LH:2
BRF:0
BRH:0
end_of_record
TN:
SF:screens/HomeScreen.tsx
FN:19,(anonymous_0)
FN:22,(anonymous_1)
FN:25,(anonymous_2)
FN:56,(anonymous_3)
FN:57,(anonymous_4)
FN:72,(anonymous_5)
FN:74,(anonymous_6)
FNF:7
FNH:6
FNDA:12,(anonymous_0)
FNDA:0,(anonymous_1)
FNDA:6,(anonymous_2)
FNDA:18,(anonymous_3)
FNDA:36,(anonymous_4)
FNDA:36,(anonymous_5)
FNDA:18,(anonymous_6)
DA:19,3
DA:20,12
DA:21,12
DA:22,12
DA:25,12
DA:27,6
DA:28,6
DA:31,6
DA:34,12
DA:56,18
DA:57,36
DA:72,36
DA:74,18
DA:103,3
LF:14
LH:14
BRF:0
BRH:0
end_of_record
TN:
SF:screens/InboxScreen.tsx
FN:14,(anonymous_0)
FN:26,(anonymous_1)
FNF:2
FNH:2
FNDA:6,(anonymous_0)
FNDA:6,(anonymous_1)
DA:14,3
DA:15,6
DA:17,6
DA:27,6
DA:28,5
DA:31,1
DA:34,0
DA:43,3
LF:8
LH:7
BRDA:27,0,0,5
BRDA:27,0,1,1
BRDA:27,0,2,0
BRF:3
BRH:2
end_of_record
TN:
SF:screens/Profile.tsx
FN:4,(anonymous_0)
FNF:1
FNH:0
FNDA:0,(anonymous_0)
DA:4,3
DA:5,0
LF:2
LH:1
BRF:0
BRH:0
end_of_record
TN:
SF:screens/Signup.tsx
FN:9,(anonymous_0)
FN:15,(anonymous_1)
FN:19,(anonymous_2)
FN:20,(anonymous_3)
FN:25,(anonymous_4)
FN:35,(anonymous_5)
FNF:6
FNH:0
FNDA:0,(anonymous_0)
FNDA:0,(anonymous_1)
FNDA:0,(anonymous_2)
FNDA:0,(anonymous_3)
FNDA:0,(anonymous_4)
FNDA:0,(anonymous_5)
DA:9,3
DA:10,0
DA:11,0
DA:12,0
DA:13,0
DA:15,0
DA:16,0
DA:19,0
DA:21,0
DA:22,0
DA:23,0
DA:25,0
DA:26,0
DA:27,0
DA:29,0
DA:35,0
DA:36,0
DA:39,0
DA:83,3
LF:19
LH:2
BRDA:22,0,0,0
BRDA:22,0,1,0
BRDA:22,0,2,0
BRF:3
BRH:0
end_of_record
TN:
SF:screens/LoginPage/LoginPage.tsx
FN:12,(anonymous_0)
FN:17,(anonymous_1)
FN:18,(anonymous_2)
FN:23,(anonymous_3)
FN:27,(anonymous_4)
FN:31,(anonymous_5)
FN:35,(anonymous_6)
FN:39,(anonymous_7)
FN:45,(anonymous_8)
FN:78,(anonymous_9)
FNF:10
FNH:0
FNDA:0,(anonymous_0)
FNDA:0,(anonymous_1)
FNDA:0,(anonymous_2)
FNDA:0,(anonymous_3)
FNDA:0,(anonymous_4)
FNDA:0,(anonymous_5)
FNDA:0,(anonymous_6)
FNDA:0,(anonymous_7)
FNDA:0,(anonymous_8)
FNDA:0,(anonymous_9)
DA:12,3
DA:13,0
DA:14,0
DA:15,0
DA:17,0
DA:18,0
DA:19,0
DA:23,0
DA:27,0
DA:28,0
DA:31,0
DA:32,0
DA:35,0
DA:36,0
DA:39,0
DA:40,0
DA:43,0
DA:45,0
DA:46,0
DA:49,0
DA:78,0
DA:129,3
LF:22
LH:2
BRDA:76,0,0,0
BRDA:76,0,1,0
BRF:2
BRH:0
end_of_record
